<?xml version="1.0" encoding="UTF-8"?>
<coverage generated="1767936620450" clover="3.2.0">
  <project timestamp="1767936620450" name="All files">
    <metrics statements="4745" coveredstatements="199" conditionals="4981" coveredconditionals="157" methods="886" coveredmethods="39" elements="10612" coveredelements="395" complexity="0" loc="4745" ncloc="4745" packages="3" files="21" classes="21"/>
    <package name="app">
      <metrics statements="2825" coveredstatements="0" conditionals="3257" coveredconditionals="0" methods="633" coveredmethods="0"/>
      <file name="_layout.js" path="C:\Users\sverma\Documents\ESRoster\app\_layout.js">
        <metrics statements="20" coveredstatements="0" conditionals="14" coveredconditionals="0" methods="5" coveredmethods="0"/>
        <line num="11" count="0" type="stmt"/>
        <line num="12" count="0" type="stmt"/>
        <line num="13" count="0" type="stmt"/>
        <line num="15" count="0" type="stmt"/>
        <line num="16" count="0" type="cond" truecount="0" falsecount="2"/>
        <line num="18" count="0" type="stmt"/>
        <line num="21" count="0" type="cond" truecount="0" falsecount="4"/>
        <line num="23" count="0" type="stmt"/>
        <line num="24" count="0" type="cond" truecount="0" falsecount="4"/>
        <line num="27" count="0" type="stmt"/>
        <line num="28" count="0" type="stmt"/>
        <line num="30" count="0" type="stmt"/>
        <line num="34" count="0" type="cond" truecount="0" falsecount="2"/>
        <line num="35" count="0" type="stmt"/>
        <line num="42" count="0" type="stmt"/>
        <line num="43" count="0" type="stmt"/>
        <line num="49" count="0" type="stmt"/>
        <line num="59" count="0" type="stmt"/>
        <line num="77" count="0" type="stmt"/>
        <line num="86" count="0" type="stmt"/>
      </file>
      <file name="demand.js" path="C:\Users\sverma\Documents\ESRoster\app\demand.js">
        <metrics statements="105" coveredstatements="0" conditionals="108" coveredconditionals="0" methods="36" coveredmethods="0"/>
        <line num="26" count="0" type="stmt"/>
        <line num="27" count="0" type="stmt"/>
        <line num="30" count="0" type="stmt"/>
        <line num="31" count="0" type="stmt"/>
        <line num="32" count="0" type="stmt"/>
        <line num="35" count="0" type="stmt"/>
        <line num="38" count="0" type="stmt"/>
        <line num="39" count="0" type="cond" truecount="0" falsecount="2"/>
        <line num="41" count="0" type="stmt"/>
        <line num="48" count="0" type="stmt"/>
        <line num="57" count="0" type="stmt"/>
        <line num="60" count="0" type="stmt"/>
        <line num="61" count="0" type="cond" truecount="0" falsecount="2"/>
        <line num="62" count="0" type="stmt"/>
        <line num="66" count="0" type="stmt"/>
        <line num="68" count="0" type="cond" truecount="0" falsecount="2"/>
        <line num="69" count="0" type="stmt"/>
        <line num="74" count="0" type="cond" truecount="0" falsecount="2"/>
        <line num="75" count="0" type="stmt"/>
        <line num="80" count="0" type="stmt"/>
        <line num="82" count="0" type="stmt"/>
        <line num="83" count="0" type="stmt"/>
        <line num="86" count="0" type="cond" truecount="0" falsecount="2"/>
        <line num="89" count="0" type="stmt"/>
        <line num="90" count="0" type="stmt"/>
        <line num="91" count="0" type="cond" truecount="0" falsecount="2"/>
        <line num="94" count="0" type="stmt"/>
        <line num="95" count="0" type="stmt"/>
        <line num="96" count="0" type="stmt"/>
        <line num="97" count="0" type="stmt"/>
        <line num="100" count="0" type="stmt"/>
        <line num="102" count="0" type="cond" truecount="0" falsecount="5"/>
        <line num="104" count="0" type="stmt"/>
        <line num="110" count="0" type="cond" truecount="0" falsecount="4"/>
        <line num="112" count="0" type="stmt"/>
        <line num="116" count="0" type="cond" truecount="0" falsecount="2"/>
        <line num="118" count="0" type="stmt"/>
        <line num="124" count="0" type="stmt"/>
        <line num="132" count="0" type="stmt"/>
        <line num="136" count="0" type="stmt"/>
        <line num="137" count="0" type="cond" truecount="0" falsecount="2"/>
        <line num="138" count="0" type="stmt"/>
        <line num="140" count="0" type="stmt"/>
        <line num="145" count="0" type="stmt"/>
        <line num="146" count="0" type="stmt"/>
        <line num="149" count="0" type="stmt"/>
        <line num="150" count="0" type="stmt"/>
        <line num="151" count="0" type="stmt"/>
        <line num="152" count="0" type="stmt"/>
        <line num="154" count="0" type="cond" truecount="0" falsecount="4"/>
        <line num="156" count="0" type="stmt"/>
        <line num="160" count="0" type="cond" truecount="0" falsecount="2"/>
        <line num="162" count="0" type="stmt"/>
        <line num="168" count="0" type="stmt"/>
        <line num="175" count="0" type="stmt"/>
        <line num="178" count="0" type="stmt"/>
        <line num="179" count="0" type="stmt"/>
        <line num="180" count="0" type="stmt"/>
        <line num="183" count="0" type="stmt"/>
        <line num="184" count="0" type="stmt"/>
        <line num="185" count="0" type="stmt"/>
        <line num="186" count="0" type="stmt"/>
        <line num="190" count="0" type="stmt"/>
        <line num="191" count="0" type="cond" truecount="0" falsecount="2"/>
        <line num="192" count="0" type="cond" truecount="0" falsecount="2"/>
        <line num="193" count="0" type="stmt"/>
        <line num="204" count="0" type="cond" truecount="0" falsecount="2"/>
        <line num="207" count="0" type="stmt"/>
        <line num="227" count="0" type="stmt"/>
        <line num="229" count="0" type="stmt"/>
        <line num="230" count="0" type="stmt"/>
        <line num="238" count="0" type="stmt"/>
        <line num="240" count="0" type="stmt"/>
        <line num="241" count="0" type="stmt"/>
        <line num="261" count="0" type="stmt"/>
        <line num="266" count="0" type="stmt"/>
        <line num="275" count="0" type="stmt"/>
        <line num="276" count="0" type="cond" truecount="0" falsecount="2"/>
        <line num="286" count="0" type="cond" truecount="0" falsecount="2"/>
        <line num="331" count="0" type="cond" truecount="0" falsecount="2"/>
        <line num="350" count="0" type="cond" truecount="0" falsecount="2"/>
        <line num="369" count="0" type="cond" truecount="0" falsecount="2"/>
        <line num="427" count="0" type="cond" truecount="0" falsecount="2"/>
        <line num="428" count="0" type="stmt"/>
        <line num="429" count="0" type="stmt"/>
        <line num="431" count="0" type="stmt"/>
        <line num="440" count="0" type="stmt"/>
        <line num="441" count="0" type="stmt"/>
        <line num="462" count="0" type="stmt"/>
        <line num="463" count="0" type="stmt"/>
        <line num="481" count="0" type="stmt"/>
        <line num="485" count="0" type="stmt"/>
        <line num="486" count="0" type="stmt"/>
        <line num="503" count="0" type="stmt"/>
        <line num="504" count="0" type="stmt"/>
        <line num="506" count="0" type="stmt"/>
        <line num="511" count="0" type="stmt"/>
        <line num="513" count="0" type="stmt"/>
        <line num="514" count="0" type="stmt"/>
        <line num="532" count="0" type="stmt"/>
        <line num="554" count="0" type="stmt"/>
        <line num="576" count="0" type="stmt"/>
        <line num="599" count="0" type="stmt"/>
        <line num="627" count="0" type="stmt"/>
        <line num="648" count="0" type="stmt"/>
      </file>
      <file name="index.js" path="C:\Users\sverma\Documents\ESRoster\app\index.js">
        <metrics statements="1" coveredstatements="0" conditionals="0" coveredconditionals="0" methods="1" coveredmethods="0"/>
        <line num="5" count="0" type="stmt"/>
      </file>
      <file name="login.js" path="C:\Users\sverma\Documents\ESRoster\app\login.js">
        <metrics statements="32" coveredstatements="0" conditionals="46" coveredconditionals="0" methods="3" coveredmethods="0"/>
        <line num="20" count="0" type="stmt"/>
        <line num="21" count="0" type="stmt"/>
        <line num="22" count="0" type="stmt"/>
        <line num="23" count="0" type="stmt"/>
        <line num="24" count="0" type="stmt"/>
        <line num="25" count="0" type="stmt"/>
        <line num="26" count="0" type="stmt"/>
        <line num="27" count="0" type="stmt"/>
        <line num="29" count="0" type="stmt"/>
        <line num="30" count="0" type="cond" truecount="0" falsecount="4"/>
        <line num="31" count="0" type="stmt"/>
        <line num="32" count="0" type="stmt"/>
        <line num="35" count="0" type="cond" truecount="0" falsecount="2"/>
        <line num="36" count="0" type="stmt"/>
        <line num="37" count="0" type="stmt"/>
        <line num="40" count="0" type="stmt"/>
        <line num="41" count="0" type="stmt"/>
        <line num="43" count="0" type="stmt"/>
        <line num="44" count="0" type="cond" truecount="0" falsecount="2"/>
        <line num="45" count="0" type="stmt"/>
        <line num="48" count="0" type="stmt"/>
        <line num="53" count="0" type="stmt"/>
        <line num="54" count="0" type="stmt"/>
        <line num="55" count="0" type="stmt"/>
        <line num="57" count="0" type="stmt"/>
        <line num="63" count="0" type="cond" truecount="0" falsecount="2"/>
        <line num="65" count="0" type="stmt"/>
        <line num="69" count="0" type="stmt"/>
        <line num="163" count="0" type="stmt"/>
        <line num="164" count="0" type="stmt"/>
        <line num="165" count="0" type="stmt"/>
        <line num="182" count="0" type="stmt"/>
      </file>
      <file name="profile.js" path="C:\Users\sverma\Documents\ESRoster\app\profile.js">
        <metrics statements="115" coveredstatements="0" conditionals="96" coveredconditionals="0" methods="24" coveredmethods="0"/>
        <line num="24" count="0" type="stmt"/>
        <line num="25" count="0" type="stmt"/>
        <line num="26" count="0" type="stmt"/>
        <line num="27" count="0" type="stmt"/>
        <line num="28" count="0" type="stmt"/>
        <line num="29" count="0" type="stmt"/>
        <line num="30" count="0" type="stmt"/>
        <line num="31" count="0" type="stmt"/>
        <line num="32" count="0" type="stmt"/>
        <line num="33" count="0" type="stmt"/>
        <line num="36" count="0" type="cond" truecount="0" falsecount="2"/>
        <line num="37" count="0" type="stmt"/>
        <line num="38" count="0" type="stmt"/>
        <line num="41" count="0" type="stmt"/>
        <line num="42" count="0" type="stmt"/>
        <line num="43" count="0" type="stmt"/>
        <line num="46" count="0" type="stmt"/>
        <line num="52" count="0" type="cond" truecount="0" falsecount="2"/>
        <line num="53" count="0" type="stmt"/>
        <line num="54" count="0" type="cond" truecount="0" falsecount="2"/>
        <line num="55" count="0" type="stmt"/>
        <line num="57" count="0" type="stmt"/>
        <line num="61" count="0" type="stmt"/>
        <line num="64" count="0" type="cond" truecount="0" falsecount="2"/>
        <line num="65" count="0" type="stmt"/>
        <line num="66" count="0" type="stmt"/>
        <line num="73" count="0" type="cond" truecount="0" falsecount="4"/>
        <line num="74" count="0" type="stmt"/>
        <line num="75" count="0" type="stmt"/>
        <line num="76" count="0" type="stmt"/>
        <line num="77" count="0" type="cond" truecount="0" falsecount="2"/>
        <line num="78" count="0" type="stmt"/>
        <line num="80" count="0" type="stmt"/>
        <line num="82" count="0" type="cond" truecount="0" falsecount="2"/>
        <line num="83" count="0" type="stmt"/>
        <line num="85" count="0" type="stmt"/>
        <line num="87" count="0" type="stmt"/>
        <line num="90" count="0" type="stmt"/>
        <line num="96" count="0" type="stmt"/>
        <line num="97" count="0" type="stmt"/>
        <line num="100" count="0" type="stmt"/>
        <line num="102" count="0" type="stmt"/>
        <line num="108" count="0" type="cond" truecount="0" falsecount="2"/>
        <line num="109" count="0" type="stmt"/>
        <line num="110" count="0" type="stmt"/>
        <line num="111" count="0" type="stmt"/>
        <line num="112" count="0" type="stmt"/>
        <line num="113" count="0" type="cond" truecount="0" falsecount="2"/>
        <line num="115" count="0" type="stmt"/>
        <line num="116" count="0" type="stmt"/>
        <line num="119" count="0" type="stmt"/>
        <line num="124" count="0" type="stmt"/>
        <line num="125" count="0" type="stmt"/>
        <line num="129" count="0" type="stmt"/>
        <line num="130" count="0" type="cond" truecount="0" falsecount="2"/>
        <line num="131" count="0" type="stmt"/>
        <line num="136" count="0" type="stmt"/>
        <line num="138" count="0" type="stmt"/>
        <line num="139" count="0" type="stmt"/>
        <line num="144" count="0" type="stmt"/>
        <line num="145" count="0" type="cond" truecount="0" falsecount="2"/>
        <line num="146" count="0" type="stmt"/>
        <line num="147" count="0" type="stmt"/>
        <line num="152" count="0" type="stmt"/>
        <line num="153" count="0" type="cond" truecount="0" falsecount="4"/>
        <line num="154" count="0" type="stmt"/>
        <line num="155" count="0" type="stmt"/>
        <line num="159" count="0" type="stmt"/>
        <line num="160" count="0" type="stmt"/>
        <line num="168" count="0" type="stmt"/>
        <line num="169" count="0" type="cond" truecount="0" falsecount="2"/>
        <line num="170" count="0" type="stmt"/>
        <line num="171" count="0" type="stmt"/>
        <line num="174" count="0" type="stmt"/>
        <line num="175" count="0" type="stmt"/>
        <line num="176" count="0" type="stmt"/>
        <line num="180" count="0" type="cond" truecount="0" falsecount="2"/>
        <line num="182" count="0" type="stmt"/>
        <line num="183" count="0" type="stmt"/>
        <line num="184" count="0" type="stmt"/>
        <line num="186" count="0" type="stmt"/>
        <line num="187" count="0" type="stmt"/>
        <line num="188" count="0" type="stmt"/>
        <line num="192" count="0" type="stmt"/>
        <line num="193" count="0" type="cond" truecount="0" falsecount="2"/>
        <line num="194" count="0" type="stmt"/>
        <line num="195" count="0" type="stmt"/>
        <line num="197" count="0" type="stmt"/>
        <line num="199" count="0" type="stmt"/>
        <line num="201" count="0" type="stmt"/>
        <line num="203" count="0" type="stmt"/>
        <line num="204" count="0" type="cond" truecount="0" falsecount="2"/>
        <line num="207" count="0" type="stmt"/>
        <line num="208" count="0" type="stmt"/>
        <line num="210" count="0" type="stmt"/>
        <line num="211" count="0" type="stmt"/>
        <line num="216" count="0" type="stmt"/>
        <line num="217" count="0" type="stmt"/>
        <line num="218" count="0" type="stmt"/>
        <line num="221" count="0" type="cond" truecount="0" falsecount="2"/>
        <line num="222" count="0" type="stmt"/>
        <line num="232" count="0" type="stmt"/>
        <line num="323" count="0" type="stmt"/>
        <line num="332" count="0" type="stmt"/>
        <line num="341" count="0" type="stmt"/>
        <line num="350" count="0" type="stmt"/>
        <line num="362" count="0" type="stmt"/>
        <line num="370" count="0" type="stmt"/>
        <line num="412" count="0" type="stmt"/>
        <line num="434" count="0" type="stmt"/>
        <line num="436" count="0" type="stmt"/>
        <line num="461" count="0" type="stmt"/>
        <line num="462" count="0" type="stmt"/>
        <line num="477" count="0" type="cond" truecount="0" falsecount="2"/>
        <line num="526" count="0" type="stmt"/>
      </file>
      <file name="roster.js" path="C:\Users\sverma\Documents\ESRoster\app\roster.js">
        <metrics statements="1501" coveredstatements="0" conditionals="1806" coveredconditionals="0" methods="340" coveredmethods="0"/>
        <line num="57" count="0" type="stmt"/>
        <line num="61" count="0" type="stmt"/>
        <line num="62" count="0" type="stmt"/>
        <line num="63" count="0" type="stmt"/>
        <line num="64" count="0" type="stmt"/>
        <line num="65" count="0" type="stmt"/>
        <line num="67" count="0" type="stmt"/>
        <line num="68" count="0" type="stmt"/>
        <line num="69" count="0" type="stmt"/>
        <line num="70" count="0" type="stmt"/>
        <line num="74" count="0" type="stmt"/>
        <line num="75" count="0" type="cond" truecount="0" falsecount="2"/>
        <line num="76" count="0" type="stmt"/>
        <line num="77" count="0" type="stmt"/>
        <line num="78" count="0" type="stmt"/>
        <line num="80" count="0" type="stmt"/>
        <line num="82" count="0" type="stmt"/>
        <line num="86" count="0" type="stmt"/>
        <line num="90" count="0" type="cond" truecount="0" falsecount="4"/>
        <line num="91" count="0" type="stmt"/>
        <line num="100" count="0" type="stmt"/>
        <line num="120" count="0" type="cond" truecount="0" falsecount="2"/>
        <line num="121" count="0" type="stmt"/>
        <line num="132" count="0" type="stmt"/>
        <line num="149" count="0" type="cond" truecount="0" falsecount="2"/>
        <line num="150" count="0" type="stmt"/>
        <line num="151" count="0" type="stmt"/>
        <line num="152" count="0" type="stmt"/>
        <line num="153" count="0" type="stmt"/>
        <line num="154" count="0" type="stmt"/>
        <line num="155" count="0" type="stmt"/>
        <line num="156" count="0" type="stmt"/>
        <line num="157" count="0" type="stmt"/>
        <line num="158" count="0" type="stmt"/>
        <line num="161" count="0" type="stmt"/>
        <line num="162" count="0" type="stmt"/>
        <line num="163" count="0" type="stmt"/>
        <line num="164" count="0" type="stmt"/>
        <line num="165" count="0" type="stmt"/>
        <line num="166" count="0" type="stmt"/>
        <line num="167" count="0" type="stmt"/>
        <line num="170" count="0" type="stmt"/>
        <line num="171" count="0" type="cond" truecount="0" falsecount="6"/>
        <line num="172" count="0" type="cond" truecount="0" falsecount="2"/>
        <line num="173" count="0" type="cond" truecount="0" falsecount="2"/>
        <line num="175" count="0" type="stmt"/>
        <line num="176" count="0" type="stmt"/>
        <line num="177" count="0" type="stmt"/>
        <line num="178" count="0" type="stmt"/>
        <line num="179" count="0" type="stmt"/>
        <line num="180" count="0" type="stmt"/>
        <line num="181" count="0" type="stmt"/>
        <line num="182" count="0" type="stmt"/>
        <line num="183" count="0" type="stmt"/>
        <line num="184" count="0" type="stmt"/>
        <line num="185" count="0" type="stmt"/>
        <line num="186" count="0" type="stmt"/>
        <line num="187" count="0" type="stmt"/>
        <line num="188" count="0" type="stmt"/>
        <line num="189" count="0" type="stmt"/>
        <line num="190" count="0" type="stmt"/>
        <line num="191" count="0" type="stmt"/>
        <line num="192" count="0" type="stmt"/>
        <line num="193" count="0" type="stmt"/>
        <line num="194" count="0" type="stmt"/>
        <line num="195" count="0" type="stmt"/>
        <line num="196" count="0" type="stmt"/>
        <line num="197" count="0" type="stmt"/>
        <line num="198" count="0" type="stmt"/>
        <line num="200" count="0" type="stmt"/>
        <line num="201" count="0" type="stmt"/>
        <line num="204" count="0" type="stmt"/>
        <line num="205" count="0" type="cond" truecount="0" falsecount="2"/>
        <line num="206" count="0" type="stmt"/>
        <line num="207" count="0" type="stmt"/>
        <line num="208" count="0" type="stmt"/>
        <line num="216" count="0" type="stmt"/>
        <line num="218" count="0" type="stmt"/>
        <line num="219" count="0" type="stmt"/>
        <line num="221" count="0" type="stmt"/>
        <line num="228" count="0" type="stmt"/>
        <line num="231" count="0" type="stmt"/>
        <line num="232" count="0" type="stmt"/>
        <line num="237" count="0" type="stmt"/>
        <line num="238" count="0" type="stmt"/>
        <line num="239" count="0" type="cond" truecount="0" falsecount="4"/>
        <line num="240" count="0" type="cond" truecount="0" falsecount="2"/>
        <line num="242" count="0" type="stmt"/>
        <line num="243" count="0" type="cond" truecount="0" falsecount="2"/>
        <line num="245" count="0" type="stmt"/>
        <line num="246" count="0" type="cond" truecount="0" falsecount="2"/>
        <line num="247" count="0" type="cond" truecount="0" falsecount="2"/>
        <line num="248" count="0" type="cond" truecount="0" falsecount="2"/>
        <line num="249" count="0" type="stmt"/>
        <line num="250" count="0" type="cond" truecount="0" falsecount="2"/>
        <line num="251" count="0" type="stmt"/>
        <line num="254" count="0" type="cond" truecount="0" falsecount="2"/>
        <line num="255" count="0" type="cond" truecount="0" falsecount="2"/>
        <line num="256" count="0" type="cond" truecount="0" falsecount="2"/>
        <line num="257" count="0" type="cond" truecount="0" falsecount="2"/>
        <line num="260" count="0" type="stmt"/>
        <line num="261" count="0" type="cond" truecount="0" falsecount="2"/>
        <line num="262" count="0" type="stmt"/>
        <line num="263" count="0" type="stmt"/>
        <line num="265" count="0" type="stmt"/>
        <line num="266" count="0" type="stmt"/>
        <line num="275" count="0" type="stmt"/>
        <line num="276" count="0" type="stmt"/>
        <line num="277" count="0" type="stmt"/>
        <line num="279" count="0" type="stmt"/>
        <line num="280" count="0" type="stmt"/>
        <line num="281" count="0" type="stmt"/>
        <line num="286" count="0" type="stmt"/>
        <line num="292" count="0" type="cond" truecount="0" falsecount="5"/>
        <line num="293" count="0" type="stmt"/>
        <line num="294" count="0" type="stmt"/>
        <line num="295" count="0" type="cond" truecount="0" falsecount="2"/>
        <line num="299" count="0" type="stmt"/>
        <line num="300" count="0" type="cond" truecount="0" falsecount="2"/>
        <line num="301" count="0" type="stmt"/>
        <line num="302" count="0" type="stmt"/>
        <line num="308" count="0" type="stmt"/>
        <line num="311" count="0" type="cond" truecount="0" falsecount="5"/>
        <line num="312" count="0" type="stmt"/>
        <line num="313" count="0" type="stmt"/>
        <line num="315" count="0" type="stmt"/>
        <line num="316" count="0" type="cond" truecount="0" falsecount="2"/>
        <line num="319" count="0" type="stmt"/>
        <line num="323" count="0" type="stmt"/>
        <line num="324" count="0" type="cond" truecount="0" falsecount="2"/>
        <line num="325" count="0" type="stmt"/>
        <line num="326" count="0" type="stmt"/>
        <line num="334" count="0" type="stmt"/>
        <line num="335" count="0" type="stmt"/>
        <line num="336" count="0" type="cond" truecount="0" falsecount="2"/>
        <line num="339" count="0" type="cond" truecount="0" falsecount="4"/>
        <line num="342" count="0" type="stmt"/>
        <line num="343" count="0" type="cond" truecount="0" falsecount="2"/>
        <line num="345" count="0" type="stmt"/>
        <line num="346" count="0" type="stmt"/>
        <line num="349" count="0" type="stmt"/>
        <line num="350" count="0" type="cond" truecount="0" falsecount="2"/>
        <line num="352" count="0" type="cond" truecount="0" falsecount="2"/>
        <line num="353" count="0" type="stmt"/>
        <line num="354" count="0" type="stmt"/>
        <line num="356" count="0" type="stmt"/>
        <line num="357" count="0" type="stmt"/>
        <line num="360" count="0" type="stmt"/>
        <line num="361" count="0" type="stmt"/>
        <line num="366" count="0" type="stmt"/>
        <line num="368" count="0" type="cond" truecount="0" falsecount="2"/>
        <line num="369" count="0" type="stmt"/>
        <line num="371" count="0" type="stmt"/>
        <line num="373" count="0" type="cond" truecount="0" falsecount="2"/>
        <line num="374" count="0" type="cond" truecount="0" falsecount="4"/>
        <line num="375" count="0" type="stmt"/>
        <line num="376" count="0" type="cond" truecount="0" falsecount="2"/>
        <line num="379" count="0" type="cond" truecount="0" falsecount="2"/>
        <line num="385" count="0" type="stmt"/>
        <line num="397" count="0" type="stmt"/>
        <line num="399" count="0" type="stmt"/>
        <line num="401" count="0" type="stmt"/>
        <line num="404" count="0" type="stmt"/>
        <line num="405" count="0" type="cond" truecount="0" falsecount="2"/>
        <line num="407" count="0" type="stmt"/>
        <line num="408" count="0" type="stmt"/>
        <line num="411" count="0" type="stmt"/>
        <line num="412" count="0" type="cond" truecount="0" falsecount="2"/>
        <line num="414" count="0" type="cond" truecount="0" falsecount="2"/>
        <line num="415" count="0" type="stmt"/>
        <line num="416" count="0" type="stmt"/>
        <line num="418" count="0" type="stmt"/>
        <line num="419" count="0" type="stmt"/>
        <line num="422" count="0" type="stmt"/>
        <line num="427" count="0" type="cond" truecount="0" falsecount="2"/>
        <line num="428" count="0" type="stmt"/>
        <line num="430" count="0" type="stmt"/>
        <line num="431" count="0" type="cond" truecount="0" falsecount="2"/>
        <line num="432" count="0" type="cond" truecount="0" falsecount="4"/>
        <line num="433" count="0" type="stmt"/>
        <line num="436" count="0" type="cond" truecount="0" falsecount="2"/>
        <line num="440" count="0" type="stmt"/>
        <line num="451" count="0" type="stmt"/>
        <line num="453" count="0" type="stmt"/>
        <line num="457" count="0" type="stmt"/>
        <line num="459" count="0" type="stmt"/>
        <line num="464" count="0" type="stmt"/>
        <line num="465" count="0" type="stmt"/>
        <line num="466" count="0" type="stmt"/>
        <line num="469" count="0" type="stmt"/>
        <line num="470" count="0" type="stmt"/>
        <line num="473" count="0" type="stmt"/>
        <line num="475" count="0" type="stmt"/>
        <line num="476" count="0" type="stmt"/>
        <line num="481" count="0" type="stmt"/>
        <line num="482" count="0" type="stmt"/>
        <line num="485" count="0" type="cond" truecount="0" falsecount="4"/>
        <line num="486" count="0" type="stmt"/>
        <line num="487" count="0" type="stmt"/>
        <line num="489" count="0" type="stmt"/>
        <line num="490" count="0" type="stmt"/>
        <line num="491" count="0" type="stmt"/>
        <line num="492" count="0" type="stmt"/>
        <line num="493" count="0" type="stmt"/>
        <line num="497" count="0" type="stmt"/>
        <line num="498" count="0" type="stmt"/>
        <line num="501" count="0" type="stmt"/>
        <line num="502" count="0" type="stmt"/>
        <line num="503" count="0" type="stmt"/>
        <line num="507" count="0" type="cond" truecount="0" falsecount="2"/>
        <line num="509" count="0" type="stmt"/>
        <line num="510" count="0" type="stmt"/>
        <line num="515" count="0" type="stmt"/>
        <line num="517" count="0" type="stmt"/>
        <line num="518" count="0" type="stmt"/>
        <line num="523" count="0" type="stmt"/>
        <line num="524" count="0" type="stmt"/>
        <line num="525" count="0" type="stmt"/>
        <line num="527" count="0" type="stmt"/>
        <line num="528" count="0" type="stmt"/>
        <line num="534" count="0" type="cond" truecount="0" falsecount="2"/>
        <line num="535" count="0" type="stmt"/>
        <line num="536" count="0" type="stmt"/>
        <line num="540" count="0" type="cond" truecount="0" falsecount="2"/>
        <line num="541" count="0" type="stmt"/>
        <line num="545" count="0" type="stmt"/>
        <line num="546" count="0" type="stmt"/>
        <line num="548" count="0" type="stmt"/>
        <line num="549" count="0" type="stmt"/>
        <line num="550" count="0" type="stmt"/>
        <line num="553" count="0" type="stmt"/>
        <line num="554" count="0" type="cond" truecount="0" falsecount="2"/>
        <line num="556" count="0" type="stmt"/>
        <line num="557" count="0" type="stmt"/>
        <line num="558" count="0" type="stmt"/>
        <line num="559" count="0" type="stmt"/>
        <line num="562" count="0" type="stmt"/>
        <line num="563" count="0" type="stmt"/>
        <line num="564" count="0" type="stmt"/>
        <line num="568" count="0" type="cond" truecount="0" falsecount="2"/>
        <line num="570" count="0" type="stmt"/>
        <line num="571" count="0" type="stmt"/>
        <line num="572" count="0" type="cond" truecount="0" falsecount="2"/>
        <line num="573" count="0" type="stmt"/>
        <line num="580" count="0" type="cond" truecount="0" falsecount="2"/>
        <line num="581" count="0" type="stmt"/>
        <line num="585" count="0" type="stmt"/>
        <line num="586" count="0" type="stmt"/>
        <line num="591" count="0" type="cond" truecount="0" falsecount="2"/>
        <line num="594" count="0" type="cond" truecount="0" falsecount="2"/>
        <line num="595" count="0" type="stmt"/>
        <line num="599" count="0" type="cond" truecount="0" falsecount="2"/>
        <line num="600" count="0" type="stmt"/>
        <line num="601" count="0" type="stmt"/>
        <line num="605" count="0" type="stmt"/>
        <line num="606" count="0" type="stmt"/>
        <line num="607" count="0" type="stmt"/>
        <line num="608" count="0" type="stmt"/>
        <line num="609" count="0" type="stmt"/>
        <line num="610" count="0" type="stmt"/>
        <line num="613" count="0" type="stmt"/>
        <line num="614" count="0" type="stmt"/>
        <line num="615" count="0" type="cond" truecount="0" falsecount="5"/>
        <line num="617" count="0" type="cond" truecount="0" falsecount="2"/>
        <line num="618" count="0" type="stmt"/>
        <line num="619" count="0" type="stmt"/>
        <line num="623" count="0" type="cond" truecount="0" falsecount="2"/>
        <line num="624" count="0" type="cond" truecount="0" falsecount="2"/>
        <line num="625" count="0" type="stmt"/>
        <line num="626" count="0" type="stmt"/>
        <line num="630" count="0" type="stmt"/>
        <line num="632" count="0" type="stmt"/>
        <line num="634" count="0" type="cond" truecount="0" falsecount="6"/>
        <line num="635" count="0" type="stmt"/>
        <line num="636" count="0" type="cond" truecount="0" falsecount="2"/>
        <line num="637" count="0" type="stmt"/>
        <line num="642" count="0" type="stmt"/>
        <line num="643" count="0" type="cond" truecount="0" falsecount="2"/>
        <line num="644" count="0" type="stmt"/>
        <line num="647" count="0" type="stmt"/>
        <line num="650" count="0" type="stmt"/>
        <line num="652" count="0" type="cond" truecount="0" falsecount="2"/>
        <line num="653" count="0" type="stmt"/>
        <line num="654" count="0" type="stmt"/>
        <line num="656" count="0" type="stmt"/>
        <line num="664" count="0" type="stmt"/>
        <line num="665" count="0" type="cond" truecount="0" falsecount="4"/>
        <line num="666" count="0" type="cond" truecount="0" falsecount="2"/>
        <line num="667" count="0" type="cond" truecount="0" falsecount="4"/>
        <line num="668" count="0" type="stmt"/>
        <line num="669" count="0" type="stmt"/>
        <line num="673" count="0" type="cond" truecount="0" falsecount="4"/>
        <line num="674" count="0" type="cond" truecount="0" falsecount="2"/>
        <line num="675" count="0" type="stmt"/>
        <line num="676" count="0" type="stmt"/>
        <line num="678" count="0" type="stmt"/>
        <line num="680" count="0" type="stmt"/>
        <line num="682" count="0" type="cond" truecount="0" falsecount="2"/>
        <line num="684" count="0" type="stmt"/>
        <line num="686" count="0" type="cond" truecount="0" falsecount="2"/>
        <line num="687" count="0" type="stmt"/>
        <line num="688" count="0" type="stmt"/>
        <line num="691" count="0" type="stmt"/>
        <line num="692" count="0" type="cond" truecount="0" falsecount="2"/>
        <line num="694" count="0" type="cond" truecount="0" falsecount="2"/>
        <line num="695" count="0" type="stmt"/>
        <line num="696" count="0" type="stmt"/>
        <line num="697" count="0" type="stmt"/>
        <line num="698" count="0" type="stmt"/>
        <line num="701" count="0" type="stmt"/>
        <line num="702" count="0" type="stmt"/>
        <line num="706" count="0" type="cond" truecount="0" falsecount="2"/>
        <line num="707" count="0" type="cond" truecount="0" falsecount="2"/>
        <line num="709" count="0" type="stmt"/>
        <line num="712" count="0" type="stmt"/>
        <line num="713" count="0" type="stmt"/>
        <line num="714" count="0" type="cond" truecount="0" falsecount="2"/>
        <line num="715" count="0" type="stmt"/>
        <line num="717" count="0" type="stmt"/>
        <line num="719" count="0" type="stmt"/>
        <line num="721" count="0" type="stmt"/>
        <line num="723" count="0" type="stmt"/>
        <line num="725" count="0" type="stmt"/>
        <line num="727" count="0" type="stmt"/>
        <line num="729" count="0" type="stmt"/>
        <line num="733" count="0" type="cond" truecount="0" falsecount="2"/>
        <line num="734" count="0" type="stmt"/>
        <line num="735" count="0" type="stmt"/>
        <line num="738" count="0" type="stmt"/>
        <line num="739" count="0" type="cond" truecount="0" falsecount="2"/>
        <line num="742" count="0" type="cond" truecount="0" falsecount="2"/>
        <line num="744" count="0" type="stmt"/>
        <line num="748" count="0" type="cond" truecount="0" falsecount="2"/>
        <line num="749" count="0" type="stmt"/>
        <line num="750" count="0" type="stmt"/>
        <line num="755" count="0" type="stmt"/>
        <line num="756" count="0" type="stmt"/>
        <line num="757" count="0" type="stmt"/>
        <line num="760" count="0" type="stmt"/>
        <line num="761" count="0" type="stmt"/>
        <line num="762" count="0" type="stmt"/>
        <line num="763" count="0" type="stmt"/>
        <line num="769" count="0" type="stmt"/>
        <line num="770" count="0" type="stmt"/>
        <line num="771" count="0" type="cond" truecount="0" falsecount="2"/>
        <line num="772" count="0" type="stmt"/>
        <line num="773" count="0" type="cond" truecount="0" falsecount="2"/>
        <line num="775" count="0" type="stmt"/>
        <line num="776" count="0" type="cond" truecount="0" falsecount="5"/>
        <line num="777" count="0" type="stmt"/>
        <line num="778" count="0" type="stmt"/>
        <line num="779" count="0" type="cond" truecount="0" falsecount="4"/>
        <line num="780" count="0" type="stmt"/>
        <line num="789" count="0" type="stmt"/>
        <line num="795" count="0" type="stmt"/>
        <line num="797" count="0" type="cond" truecount="0" falsecount="2"/>
        <line num="798" count="0" type="stmt"/>
        <line num="799" count="0" type="stmt"/>
        <line num="804" count="0" type="stmt"/>
        <line num="806" count="0" type="stmt"/>
        <line num="813" count="0" type="cond" truecount="0" falsecount="4"/>
        <line num="814" count="0" type="stmt"/>
        <line num="817" count="0" type="stmt"/>
        <line num="818" count="0" type="cond" truecount="0" falsecount="2"/>
        <line num="820" count="0" type="stmt"/>
        <line num="822" count="0" type="stmt"/>
        <line num="823" count="0" type="cond" truecount="0" falsecount="2"/>
        <line num="825" count="0" type="cond" truecount="0" falsecount="5"/>
        <line num="826" count="0" type="stmt"/>
        <line num="827" count="0" type="stmt"/>
        <line num="828" count="0" type="cond" truecount="0" falsecount="3"/>
        <line num="831" count="0" type="cond" truecount="0" falsecount="2"/>
        <line num="832" count="0" type="stmt"/>
        <line num="840" count="0" type="stmt"/>
        <line num="844" count="0" type="stmt"/>
        <line num="849" count="0" type="cond" truecount="0" falsecount="2"/>
        <line num="850" count="0" type="stmt"/>
        <line num="853" count="0" type="stmt"/>
        <line num="854" count="0" type="stmt"/>
        <line num="855" count="0" type="stmt"/>
        <line num="857" count="0" type="cond" truecount="0" falsecount="4"/>
        <line num="858" count="0" type="stmt"/>
        <line num="859" count="0" type="stmt"/>
        <line num="865" count="0" type="stmt"/>
        <line num="866" count="0" type="cond" truecount="0" falsecount="2"/>
        <line num="867" count="0" type="stmt"/>
        <line num="870" count="0" type="stmt"/>
        <line num="871" count="0" type="cond" truecount="0" falsecount="2"/>
        <line num="872" count="0" type="stmt"/>
        <line num="873" count="0" type="stmt"/>
        <line num="874" count="0" type="stmt"/>
        <line num="875" count="0" type="stmt"/>
        <line num="880" count="0" type="stmt"/>
        <line num="885" count="0" type="stmt"/>
        <line num="888" count="0" type="cond" truecount="0" falsecount="2"/>
        <line num="889" count="0" type="cond" truecount="0" falsecount="2"/>
        <line num="890" count="0" type="cond" truecount="0" falsecount="2"/>
        <line num="891" count="0" type="stmt"/>
        <line num="895" count="0" type="stmt"/>
        <line num="898" count="0" type="cond" truecount="0" falsecount="2"/>
        <line num="900" count="0" type="cond" truecount="0" falsecount="2"/>
        <line num="901" count="0" type="cond" truecount="0" falsecount="4"/>
        <line num="904" count="0" type="stmt"/>
        <line num="905" count="0" type="cond" truecount="0" falsecount="4"/>
        <line num="906" count="0" type="stmt"/>
        <line num="910" count="0" type="stmt"/>
        <line num="913" count="0" type="cond" truecount="0" falsecount="4"/>
        <line num="914" count="0" type="stmt"/>
        <line num="916" count="0" type="stmt"/>
        <line num="919" count="0" type="stmt"/>
        <line num="922" count="0" type="stmt"/>
        <line num="923" count="0" type="cond" truecount="0" falsecount="2"/>
        <line num="924" count="0" type="stmt"/>
        <line num="925" count="0" type="stmt"/>
        <line num="929" count="0" type="cond" truecount="0" falsecount="2"/>
        <line num="930" count="0" type="stmt"/>
        <line num="931" count="0" type="stmt"/>
        <line num="934" count="0" type="stmt"/>
        <line num="942" count="0" type="stmt"/>
        <line num="943" count="0" type="cond" truecount="0" falsecount="2"/>
        <line num="944" count="0" type="stmt"/>
        <line num="945" count="0" type="stmt"/>
        <line num="948" count="0" type="stmt"/>
        <line num="949" count="0" type="stmt"/>
        <line num="957" count="0" type="stmt"/>
        <line num="960" count="0" type="stmt"/>
        <line num="968" count="0" type="cond" truecount="0" falsecount="2"/>
        <line num="969" count="0" type="stmt"/>
        <line num="970" count="0" type="stmt"/>
        <line num="971" count="0" type="stmt"/>
        <line num="976" count="0" type="cond" truecount="0" falsecount="2"/>
        <line num="977" count="0" type="stmt"/>
        <line num="978" count="0" type="cond" truecount="0" falsecount="2"/>
        <line num="979" count="0" type="stmt"/>
        <line num="980" count="0" type="stmt"/>
        <line num="983" count="0" type="stmt"/>
        <line num="984" count="0" type="stmt"/>
        <line num="992" count="0" type="stmt"/>
        <line num="995" count="0" type="stmt"/>
        <line num="997" count="0" type="stmt"/>
        <line num="1002" count="0" type="cond" truecount="0" falsecount="2"/>
        <line num="1003" count="0" type="stmt"/>
        <line num="1004" count="0" type="cond" truecount="0" falsecount="2"/>
        <line num="1006" count="0" type="cond" truecount="0" falsecount="2"/>
        <line num="1007" count="0" type="cond" truecount="0" falsecount="4"/>
        <line num="1008" count="0" type="cond" truecount="0" falsecount="4"/>
        <line num="1009" count="0" type="stmt"/>
        <line num="1011" count="0" type="stmt"/>
        <line num="1014" count="0" type="stmt"/>
        <line num="1015" count="0" type="stmt"/>
        <line num="1016" count="0" type="stmt"/>
        <line num="1020" count="0" type="stmt"/>
        <line num="1021" count="0" type="cond" truecount="0" falsecount="2"/>
        <line num="1022" count="0" type="stmt"/>
        <line num="1023" count="0" type="cond" truecount="0" falsecount="2"/>
        <line num="1024" count="0" type="stmt"/>
        <line num="1026" count="0" type="stmt"/>
        <line num="1027" count="0" type="stmt"/>
        <line num="1028" count="0" type="stmt"/>
        <line num="1036" count="0" type="stmt"/>
        <line num="1039" count="0" type="stmt"/>
        <line num="1044" count="0" type="cond" truecount="0" falsecount="2"/>
        <line num="1048" count="0" type="stmt"/>
        <line num="1049" count="0" type="stmt"/>
        <line num="1050" count="0" type="stmt"/>
        <line num="1051" count="0" type="stmt"/>
        <line num="1055" count="0" type="stmt"/>
        <line num="1056" count="0" type="stmt"/>
        <line num="1057" count="0" type="stmt"/>
        <line num="1061" count="0" type="stmt"/>
        <line num="1066" count="0" type="stmt"/>
        <line num="1067" count="0" type="stmt"/>
        <line num="1068" count="0" type="stmt"/>
        <line num="1069" count="0" type="stmt"/>
        <line num="1070" count="0" type="stmt"/>
        <line num="1071" count="0" type="cond" truecount="0" falsecount="2"/>
        <line num="1072" count="0" type="stmt"/>
        <line num="1074" count="0" type="stmt"/>
        <line num="1075" count="0" type="stmt"/>
        <line num="1080" count="0" type="stmt"/>
        <line num="1081" count="0" type="stmt"/>
        <line num="1086" count="0" type="stmt"/>
        <line num="1088" count="0" type="stmt"/>
        <line num="1091" count="0" type="cond" truecount="0" falsecount="2"/>
        <line num="1093" count="0" type="cond" truecount="0" falsecount="2"/>
        <line num="1094" count="0" type="stmt"/>
        <line num="1105" count="0" type="stmt"/>
        <line num="1107" count="0" type="cond" truecount="0" falsecount="2"/>
        <line num="1108" count="0" type="stmt"/>
        <line num="1109" count="0" type="cond" truecount="0" falsecount="2"/>
        <line num="1111" count="0" type="stmt"/>
        <line num="1114" count="0" type="cond" truecount="0" falsecount="4"/>
        <line num="1115" count="0" type="stmt"/>
        <line num="1119" count="0" type="stmt"/>
        <line num="1122" count="0" type="stmt"/>
        <line num="1123" count="0" type="stmt"/>
        <line num="1126" count="0" type="cond" truecount="0" falsecount="2"/>
        <line num="1127" count="0" type="stmt"/>
        <line num="1128" count="0" type="stmt"/>
        <line num="1129" count="0" type="stmt"/>
        <line num="1130" count="0" type="stmt"/>
        <line num="1131" count="0" type="stmt"/>
        <line num="1132" count="0" type="stmt"/>
        <line num="1133" count="0" type="stmt"/>
        <line num="1137" count="0" type="stmt"/>
        <line num="1138" count="0" type="stmt"/>
        <line num="1139" count="0" type="stmt"/>
        <line num="1142" count="0" type="stmt"/>
        <line num="1143" count="0" type="stmt"/>
        <line num="1144" count="0" type="stmt"/>
        <line num="1148" count="0" type="stmt"/>
        <line num="1149" count="0" type="stmt"/>
        <line num="1150" count="0" type="cond" truecount="0" falsecount="2"/>
        <line num="1151" count="0" type="stmt"/>
        <line num="1155" count="0" type="stmt"/>
        <line num="1156" count="0" type="stmt"/>
        <line num="1157" count="0" type="stmt"/>
        <line num="1159" count="0" type="stmt"/>
        <line num="1160" count="0" type="stmt"/>
        <line num="1162" count="0" type="stmt"/>
        <line num="1163" count="0" type="stmt"/>
        <line num="1166" count="0" type="stmt"/>
        <line num="1168" count="0" type="stmt"/>
        <line num="1171" count="0" type="stmt"/>
        <line num="1172" count="0" type="stmt"/>
        <line num="1174" count="0" type="stmt"/>
        <line num="1187" count="0" type="stmt"/>
        <line num="1188" count="0" type="cond" truecount="0" falsecount="2"/>
        <line num="1193" count="0" type="stmt"/>
        <line num="1194" count="0" type="stmt"/>
        <line num="1195" count="0" type="cond" truecount="0" falsecount="2"/>
        <line num="1201" count="0" type="stmt"/>
        <line num="1203" count="0" type="stmt"/>
        <line num="1209" count="0" type="stmt"/>
        <line num="1210" count="0" type="stmt"/>
        <line num="1211" count="0" type="stmt"/>
        <line num="1212" count="0" type="stmt"/>
        <line num="1214" count="0" type="stmt"/>
        <line num="1215" count="0" type="cond" truecount="0" falsecount="2"/>
        <line num="1216" count="0" type="stmt"/>
        <line num="1219" count="0" type="stmt"/>
        <line num="1220" count="0" type="stmt"/>
        <line num="1221" count="0" type="cond" truecount="0" falsecount="5"/>
        <line num="1222" count="0" type="stmt"/>
        <line num="1223" count="0" type="stmt"/>
        <line num="1228" count="0" type="cond" truecount="0" falsecount="4"/>
        <line num="1230" count="0" type="cond" truecount="0" falsecount="4"/>
        <line num="1231" count="0" type="stmt"/>
        <line num="1238" count="0" type="stmt"/>
        <line num="1241" count="0" type="stmt"/>
        <line num="1243" count="0" type="stmt"/>
        <line num="1244" count="0" type="stmt"/>
        <line num="1249" count="0" type="stmt"/>
        <line num="1250" count="0" type="stmt"/>
        <line num="1252" count="0" type="cond" truecount="0" falsecount="4"/>
        <line num="1253" count="0" type="stmt"/>
        <line num="1254" count="0" type="stmt"/>
        <line num="1256" count="0" type="stmt"/>
        <line num="1257" count="0" type="stmt"/>
        <line num="1262" count="0" type="stmt"/>
        <line num="1263" count="0" type="stmt"/>
        <line num="1264" count="0" type="cond" truecount="0" falsecount="2"/>
        <line num="1265" count="0" type="cond" truecount="0" falsecount="2"/>
        <line num="1266" count="0" type="cond" truecount="0" falsecount="2"/>
        <line num="1268" count="0" type="stmt"/>
        <line num="1270" count="0" type="cond" truecount="0" falsecount="2"/>
        <line num="1272" count="0" type="cond" truecount="0" falsecount="2"/>
        <line num="1273" count="0" type="stmt"/>
        <line num="1274" count="0" type="stmt"/>
        <line num="1275" count="0" type="stmt"/>
        <line num="1276" count="0" type="stmt"/>
        <line num="1279" count="0" type="cond" truecount="0" falsecount="2"/>
        <line num="1280" count="0" type="cond" truecount="0" falsecount="2"/>
        <line num="1282" count="0" type="cond" truecount="0" falsecount="2"/>
        <line num="1283" count="0" type="stmt"/>
        <line num="1284" count="0" type="stmt"/>
        <line num="1285" count="0" type="stmt"/>
        <line num="1286" count="0" type="stmt"/>
        <line num="1287" count="0" type="stmt"/>
        <line num="1289" count="0" type="stmt"/>
        <line num="1293" count="0" type="cond" truecount="0" falsecount="4"/>
        <line num="1294" count="0" type="stmt"/>
        <line num="1297" count="0" type="stmt"/>
        <line num="1298" count="0" type="cond" truecount="0" falsecount="6"/>
        <line num="1299" count="0" type="stmt"/>
        <line num="1300" count="0" type="stmt"/>
        <line num="1301" count="0" type="stmt"/>
        <line num="1303" count="0" type="stmt"/>
        <line num="1306" count="0" type="stmt"/>
        <line num="1307" count="0" type="stmt"/>
        <line num="1313" count="0" type="stmt"/>
        <line num="1314" count="0" type="stmt"/>
        <line num="1315" count="0" type="cond" truecount="0" falsecount="2"/>
        <line num="1316" count="0" type="stmt"/>
        <line num="1317" count="0" type="stmt"/>
        <line num="1319" count="0" type="stmt"/>
        <line num="1320" count="0" type="stmt"/>
        <line num="1323" count="0" type="stmt"/>
        <line num="1324" count="0" type="stmt"/>
        <line num="1325" count="0" type="stmt"/>
        <line num="1328" count="0" type="cond" truecount="0" falsecount="4"/>
        <line num="1332" count="0" type="cond" truecount="0" falsecount="4"/>
        <line num="1334" count="0" type="stmt"/>
        <line num="1335" count="0" type="stmt"/>
        <line num="1338" count="0" type="stmt"/>
        <line num="1339" count="0" type="stmt"/>
        <line num="1340" count="0" type="stmt"/>
        <line num="1341" count="0" type="stmt"/>
        <line num="1342" count="0" type="stmt"/>
        <line num="1345" count="0" type="stmt"/>
        <line num="1346" count="0" type="cond" truecount="0" falsecount="2"/>
        <line num="1349" count="0" type="cond" truecount="0" falsecount="2"/>
        <line num="1350" count="0" type="stmt"/>
        <line num="1351" count="0" type="stmt"/>
        <line num="1353" count="0" type="stmt"/>
        <line num="1357" count="0" type="cond" truecount="0" falsecount="5"/>
        <line num="1358" count="0" type="stmt"/>
        <line num="1360" count="0" type="stmt"/>
        <line num="1363" count="0" type="stmt"/>
        <line num="1364" count="0" type="stmt"/>
        <line num="1365" count="0" type="stmt"/>
        <line num="1366" count="0" type="stmt"/>
        <line num="1367" count="0" type="stmt"/>
        <line num="1368" count="0" type="stmt"/>
        <line num="1369" count="0" type="stmt"/>
        <line num="1370" count="0" type="stmt"/>
        <line num="1372" count="0" type="stmt"/>
        <line num="1376" count="0" type="stmt"/>
        <line num="1377" count="0" type="stmt"/>
        <line num="1379" count="0" type="stmt"/>
        <line num="1380" count="0" type="cond" truecount="0" falsecount="2"/>
        <line num="1383" count="0" type="cond" truecount="0" falsecount="5"/>
        <line num="1384" count="0" type="cond" truecount="0" falsecount="2"/>
        <line num="1385" count="0" type="cond" truecount="0" falsecount="2"/>
        <line num="1386" count="0" type="stmt"/>
        <line num="1387" count="0" type="stmt"/>
        <line num="1388" count="0" type="stmt"/>
        <line num="1389" count="0" type="stmt"/>
        <line num="1390" count="0" type="cond" truecount="0" falsecount="2"/>
        <line num="1391" count="0" type="cond" truecount="0" falsecount="2"/>
        <line num="1392" count="0" type="stmt"/>
        <line num="1395" count="0" type="stmt"/>
        <line num="1399" count="0" type="stmt"/>
        <line num="1403" count="0" type="stmt"/>
        <line num="1407" count="0" type="stmt"/>
        <line num="1411" count="0" type="stmt"/>
        <line num="1416" count="0" type="stmt"/>
        <line num="1417" count="0" type="stmt"/>
        <line num="1419" count="0" type="stmt"/>
        <line num="1420" count="0" type="stmt"/>
        <line num="1422" count="0" type="cond" truecount="0" falsecount="2"/>
        <line num="1423" count="0" type="cond" truecount="0" falsecount="2"/>
        <line num="1424" count="0" type="stmt"/>
        <line num="1426" count="0" type="stmt"/>
        <line num="1427" count="0" type="stmt"/>
        <line num="1428" count="0" type="stmt"/>
        <line num="1430" count="0" type="stmt"/>
        <line num="1436" count="0" type="stmt"/>
        <line num="1439" count="0" type="stmt"/>
        <line num="1440" count="0" type="stmt"/>
        <line num="1441" count="0" type="stmt"/>
        <line num="1442" count="0" type="cond" truecount="0" falsecount="2"/>
        <line num="1445" count="0" type="stmt"/>
        <line num="1447" count="0" type="stmt"/>
        <line num="1448" count="0" type="stmt"/>
        <line num="1449" count="0" type="stmt"/>
        <line num="1453" count="0" type="cond" truecount="0" falsecount="2"/>
        <line num="1455" count="0" type="cond" truecount="0" falsecount="2"/>
        <line num="1456" count="0" type="stmt"/>
        <line num="1460" count="0" type="stmt"/>
        <line num="1476" count="0" type="stmt"/>
        <line num="1477" count="0" type="stmt"/>
        <line num="1479" count="0" type="stmt"/>
        <line num="1482" count="0" type="stmt"/>
        <line num="1483" count="0" type="cond" truecount="0" falsecount="2"/>
        <line num="1485" count="0" type="stmt"/>
        <line num="1486" count="0" type="stmt"/>
        <line num="1489" count="0" type="stmt"/>
        <line num="1490" count="0" type="stmt"/>
        <line num="1494" count="0" type="stmt"/>
        <line num="1495" count="0" type="stmt"/>
        <line num="1497" count="0" type="stmt"/>
        <line num="1498" count="0" type="stmt"/>
        <line num="1499" count="0" type="cond" truecount="0" falsecount="2"/>
        <line num="1500" count="0" type="cond" truecount="0" falsecount="4"/>
        <line num="1501" count="0" type="cond" truecount="0" falsecount="4"/>
        <line num="1504" count="0" type="stmt"/>
        <line num="1505" count="0" type="stmt"/>
        <line num="1506" count="0" type="stmt"/>
        <line num="1507" count="0" type="stmt"/>
        <line num="1510" count="0" type="cond" truecount="0" falsecount="2"/>
        <line num="1513" count="0" type="cond" truecount="0" falsecount="4"/>
        <line num="1514" count="0" type="stmt"/>
        <line num="1515" count="0" type="stmt"/>
        <line num="1516" count="0" type="stmt"/>
        <line num="1520" count="0" type="stmt"/>
        <line num="1523" count="0" type="stmt"/>
        <line num="1526" count="0" type="stmt"/>
        <line num="1531" count="0" type="stmt"/>
        <line num="1532" count="0" type="cond" truecount="0" falsecount="2"/>
        <line num="1534" count="0" type="stmt"/>
        <line num="1543" count="0" type="cond" truecount="0" falsecount="2"/>
        <line num="1545" count="0" type="stmt"/>
        <line num="1548" count="0" type="stmt"/>
        <line num="1559" count="0" type="stmt"/>
        <line num="1560" count="0" type="cond" truecount="0" falsecount="2"/>
        <line num="1562" count="0" type="stmt"/>
        <line num="1565" count="0" type="stmt"/>
        <line num="1568" count="0" type="stmt"/>
        <line num="1571" count="0" type="cond" truecount="0" falsecount="2"/>
        <line num="1572" count="0" type="cond" truecount="0" falsecount="4"/>
        <line num="1573" count="0" type="stmt"/>
        <line num="1579" count="0" type="stmt"/>
        <line num="1582" count="0" type="stmt"/>
        <line num="1589" count="0" type="cond" truecount="0" falsecount="2"/>
        <line num="1592" count="0" type="stmt"/>
        <line num="1593" count="0" type="stmt"/>
        <line num="1595" count="0" type="stmt"/>
        <line num="1600" count="0" type="stmt"/>
        <line num="1601" count="0" type="stmt"/>
        <line num="1602" count="0" type="cond" truecount="0" falsecount="2"/>
        <line num="1603" count="0" type="stmt"/>
        <line num="1604" count="0" type="stmt"/>
        <line num="1608" count="0" type="cond" truecount="0" falsecount="2"/>
        <line num="1609" count="0" type="cond" truecount="0" falsecount="2"/>
        <line num="1610" count="0" type="stmt"/>
        <line num="1611" count="0" type="stmt"/>
        <line num="1614" count="0" type="stmt"/>
        <line num="1624" count="0" type="cond" truecount="0" falsecount="2"/>
        <line num="1625" count="0" type="stmt"/>
        <line num="1626" count="0" type="stmt"/>
        <line num="1627" count="0" type="stmt"/>
        <line num="1629" count="0" type="stmt"/>
        <line num="1630" count="0" type="cond" truecount="0" falsecount="2"/>
        <line num="1633" count="0" type="stmt"/>
        <line num="1637" count="0" type="cond" truecount="0" falsecount="2"/>
        <line num="1638" count="0" type="stmt"/>
        <line num="1639" count="0" type="stmt"/>
        <line num="1641" count="0" type="stmt"/>
        <line num="1642" count="0" type="stmt"/>
        <line num="1645" count="0" type="cond" truecount="0" falsecount="4"/>
        <line num="1646" count="0" type="stmt"/>
        <line num="1647" count="0" type="stmt"/>
        <line num="1650" count="0" type="cond" truecount="0" falsecount="2"/>
        <line num="1652" count="0" type="stmt"/>
        <line num="1653" count="0" type="cond" truecount="0" falsecount="2"/>
        <line num="1654" count="0" type="stmt"/>
        <line num="1655" count="0" type="stmt"/>
        <line num="1656" count="0" type="stmt"/>
        <line num="1657" count="0" type="stmt"/>
        <line num="1658" count="0" type="stmt"/>
        <line num="1659" count="0" type="stmt"/>
        <line num="1660" count="0" type="stmt"/>
        <line num="1661" count="0" type="stmt"/>
        <line num="1662" count="0" type="stmt"/>
        <line num="1663" count="0" type="stmt"/>
        <line num="1665" count="0" type="stmt"/>
        <line num="1667" count="0" type="stmt"/>
        <line num="1668" count="0" type="stmt"/>
        <line num="1672" count="0" type="stmt"/>
        <line num="1673" count="0" type="stmt"/>
        <line num="1677" count="0" type="cond" truecount="0" falsecount="2"/>
        <line num="1678" count="0" type="stmt"/>
        <line num="1681" count="0" type="stmt"/>
        <line num="1682" count="0" type="stmt"/>
        <line num="1686" count="0" type="stmt"/>
        <line num="1687" count="0" type="cond" truecount="0" falsecount="2"/>
        <line num="1691" count="0" type="stmt"/>
        <line num="1692" count="0" type="cond" truecount="0" falsecount="2"/>
        <line num="1693" count="0" type="cond" truecount="0" falsecount="2"/>
        <line num="1702" count="0" type="stmt"/>
        <line num="1741" count="0" type="cond" truecount="0" falsecount="2"/>
        <line num="1743" count="0" type="cond" truecount="0" falsecount="2"/>
        <line num="1744" count="0" type="stmt"/>
        <line num="1745" count="0" type="stmt"/>
        <line num="1747" count="0" type="stmt"/>
        <line num="1748" count="0" type="stmt"/>
        <line num="1749" count="0" type="stmt"/>
        <line num="1750" count="0" type="stmt"/>
        <line num="1751" count="0" type="stmt"/>
        <line num="1761" count="0" type="cond" truecount="0" falsecount="2"/>
        <line num="1763" count="0" type="cond" truecount="0" falsecount="4"/>
        <line num="1764" count="0" type="stmt"/>
        <line num="1765" count="0" type="stmt"/>
        <line num="1766" count="0" type="stmt"/>
        <line num="1768" count="0" type="stmt"/>
        <line num="1769" count="0" type="stmt"/>
        <line num="1770" count="0" type="stmt"/>
        <line num="1771" count="0" type="stmt"/>
        <line num="1772" count="0" type="stmt"/>
        <line num="1773" count="0" type="stmt"/>
        <line num="1788" count="0" type="cond" truecount="0" falsecount="2"/>
        <line num="1797" count="0" type="cond" truecount="0" falsecount="2"/>
        <line num="1852" count="0" type="stmt"/>
        <line num="1853" count="0" type="stmt"/>
        <line num="1875" count="0" type="stmt"/>
        <line num="1881" count="0" type="stmt"/>
        <line num="1902" count="0" type="cond" truecount="0" falsecount="2"/>
        <line num="1911" count="0" type="cond" truecount="0" falsecount="2"/>
        <line num="1945" count="0" type="stmt"/>
        <line num="2003" count="0" type="stmt"/>
        <line num="2013" count="0" type="cond" truecount="0" falsecount="4"/>
        <line num="2014" count="0" type="stmt"/>
        <line num="2015" count="0" type="stmt"/>
        <line num="2016" count="0" type="cond" truecount="0" falsecount="2"/>
        <line num="2017" count="0" type="cond" truecount="0" falsecount="2"/>
        <line num="2018" count="0" type="cond" truecount="0" falsecount="2"/>
        <line num="2019" count="0" type="stmt"/>
        <line num="2020" count="0" type="cond" truecount="0" falsecount="2"/>
        <line num="2021" count="0" type="stmt"/>
        <line num="2023" count="0" type="cond" truecount="0" falsecount="4"/>
        <line num="2024" count="0" type="stmt"/>
        <line num="2027" count="0" type="cond" truecount="0" falsecount="2"/>
        <line num="2043" count="0" type="cond" truecount="0" falsecount="4"/>
        <line num="2044" count="0" type="stmt"/>
        <line num="2045" count="0" type="stmt"/>
        <line num="2046" count="0" type="cond" truecount="0" falsecount="2"/>
        <line num="2047" count="0" type="stmt"/>
        <line num="2048" count="0" type="cond" truecount="0" falsecount="2"/>
        <line num="2049" count="0" type="cond" truecount="0" falsecount="2"/>
        <line num="2050" count="0" type="cond" truecount="0" falsecount="2"/>
        <line num="2051" count="0" type="stmt"/>
        <line num="2052" count="0" type="cond" truecount="0" falsecount="2"/>
        <line num="2053" count="0" type="stmt"/>
        <line num="2056" count="0" type="cond" truecount="0" falsecount="2"/>
        <line num="2057" count="0" type="cond" truecount="0" falsecount="2"/>
        <line num="2058" count="0" type="cond" truecount="0" falsecount="2"/>
        <line num="2059" count="0" type="cond" truecount="0" falsecount="2"/>
        <line num="2062" count="0" type="stmt"/>
        <line num="2063" count="0" type="cond" truecount="0" falsecount="2"/>
        <line num="2064" count="0" type="stmt"/>
        <line num="2065" count="0" type="stmt"/>
        <line num="2067" count="0" type="stmt"/>
        <line num="2068" count="0" type="stmt"/>
        <line num="2075" count="0" type="stmt"/>
        <line num="2076" count="0" type="stmt"/>
        <line num="2077" count="0" type="stmt"/>
        <line num="2078" count="0" type="stmt"/>
        <line num="2079" count="0" type="stmt"/>
        <line num="2083" count="0" type="cond" truecount="0" falsecount="2"/>
        <line num="2084" count="0" type="stmt"/>
        <line num="2085" count="0" type="cond" truecount="0" falsecount="2"/>
        <line num="2086" count="0" type="stmt"/>
        <line num="2087" count="0" type="cond" truecount="0" falsecount="2"/>
        <line num="2088" count="0" type="cond" truecount="0" falsecount="2"/>
        <line num="2089" count="0" type="cond" truecount="0" falsecount="2"/>
        <line num="2090" count="0" type="stmt"/>
        <line num="2091" count="0" type="cond" truecount="0" falsecount="2"/>
        <line num="2092" count="0" type="stmt"/>
        <line num="2095" count="0" type="cond" truecount="0" falsecount="2"/>
        <line num="2096" count="0" type="cond" truecount="0" falsecount="2"/>
        <line num="2097" count="0" type="cond" truecount="0" falsecount="2"/>
        <line num="2098" count="0" type="cond" truecount="0" falsecount="2"/>
        <line num="2101" count="0" type="stmt"/>
        <line num="2102" count="0" type="cond" truecount="0" falsecount="2"/>
        <line num="2103" count="0" type="stmt"/>
        <line num="2104" count="0" type="stmt"/>
        <line num="2106" count="0" type="stmt"/>
        <line num="2107" count="0" type="stmt"/>
        <line num="2112" count="0" type="stmt"/>
        <line num="2113" count="0" type="stmt"/>
        <line num="2114" count="0" type="stmt"/>
        <line num="2115" count="0" type="stmt"/>
        <line num="2118" count="0" type="stmt"/>
        <line num="2119" count="0" type="cond" truecount="0" falsecount="2"/>
        <line num="2120" count="0" type="stmt"/>
        <line num="2121" count="0" type="stmt"/>
        <line num="2123" count="0" type="stmt"/>
        <line num="2124" count="0" type="stmt"/>
        <line num="2129" count="0" type="cond" truecount="0" falsecount="2"/>
        <line num="2130" count="0" type="stmt"/>
        <line num="2131" count="0" type="cond" truecount="0" falsecount="2"/>
        <line num="2132" count="0" type="cond" truecount="0" falsecount="2"/>
        <line num="2133" count="0" type="cond" truecount="0" falsecount="2"/>
        <line num="2135" count="0" type="cond" truecount="0" falsecount="2"/>
        <line num="2136" count="0" type="cond" truecount="0" falsecount="2"/>
        <line num="2137" count="0" type="cond" truecount="0" falsecount="2"/>
        <line num="2138" count="0" type="cond" truecount="0" falsecount="2"/>
        <line num="2140" count="0" type="stmt"/>
        <line num="2141" count="0" type="stmt"/>
        <line num="2151" count="0" type="cond" truecount="0" falsecount="2"/>
        <line num="2154" count="0" type="stmt"/>
        <line num="2156" count="0" type="stmt"/>
        <line num="2157" count="0" type="cond" truecount="0" falsecount="2"/>
        <line num="2158" count="0" type="stmt"/>
        <line num="2159" count="0" type="cond" truecount="0" falsecount="4"/>
        <line num="2162" count="0" type="cond" truecount="0" falsecount="2"/>
        <line num="2163" count="0" type="cond" truecount="0" falsecount="2"/>
        <line num="2165" count="0" type="stmt"/>
        <line num="2172" count="0" type="cond" truecount="0" falsecount="2"/>
        <line num="2173" count="0" type="stmt"/>
        <line num="2175" count="0" type="stmt"/>
        <line num="2197" count="0" type="cond" truecount="0" falsecount="4"/>
        <line num="2198" count="0" type="stmt"/>
        <line num="2199" count="0" type="stmt"/>
        <line num="2200" count="0" type="cond" truecount="0" falsecount="2"/>
        <line num="2201" count="0" type="cond" truecount="0" falsecount="2"/>
        <line num="2202" count="0" type="cond" truecount="0" falsecount="2"/>
        <line num="2203" count="0" type="stmt"/>
        <line num="2204" count="0" type="cond" truecount="0" falsecount="2"/>
        <line num="2205" count="0" type="stmt"/>
        <line num="2207" count="0" type="cond" truecount="0" falsecount="4"/>
        <line num="2208" count="0" type="stmt"/>
        <line num="2211" count="0" type="cond" truecount="0" falsecount="2"/>
        <line num="2232" count="0" type="cond" truecount="0" falsecount="2"/>
        <line num="2233" count="0" type="stmt"/>
        <line num="2235" count="0" type="stmt"/>
        <line num="2238" count="0" type="cond" truecount="0" falsecount="2"/>
        <line num="2239" count="0" type="stmt"/>
        <line num="2243" count="0" type="cond" truecount="0" falsecount="2"/>
        <line num="2244" count="0" type="stmt"/>
        <line num="2246" count="0" type="stmt"/>
        <line num="2252" count="0" type="stmt"/>
        <line num="2255" count="0" type="stmt"/>
        <line num="2273" count="0" type="cond" truecount="0" falsecount="2"/>
        <line num="2274" count="0" type="stmt"/>
        <line num="2276" count="0" type="stmt"/>
        <line num="2279" count="0" type="cond" truecount="0" falsecount="2"/>
        <line num="2280" count="0" type="stmt"/>
        <line num="2284" count="0" type="cond" truecount="0" falsecount="2"/>
        <line num="2285" count="0" type="stmt"/>
        <line num="2287" count="0" type="stmt"/>
        <line num="2307" count="0" type="stmt"/>
        <line num="2321" count="0" type="stmt"/>
        <line num="2322" count="0" type="stmt"/>
        <line num="2323" count="0" type="cond" truecount="0" falsecount="2"/>
        <line num="2326" count="0" type="stmt"/>
        <line num="2329" count="0" type="stmt"/>
        <line num="2330" count="0" type="stmt"/>
        <line num="2331" count="0" type="stmt"/>
        <line num="2334" count="0" type="stmt"/>
        <line num="2339" count="0" type="stmt"/>
        <line num="2343" count="0" type="stmt"/>
        <line num="2347" count="0" type="stmt"/>
        <line num="2361" count="0" type="stmt"/>
        <line num="2363" count="0" type="stmt"/>
        <line num="2364" count="0" type="stmt"/>
        <line num="2367" count="0" type="stmt"/>
        <line num="2368" count="0" type="stmt"/>
        <line num="2369" count="0" type="cond" truecount="0" falsecount="4"/>
        <line num="2372" count="0" type="cond" truecount="0" falsecount="2"/>
        <line num="2373" count="0" type="stmt"/>
        <line num="2375" count="0" type="cond" truecount="0" falsecount="3"/>
        <line num="2376" count="0" type="cond" truecount="0" falsecount="3"/>
        <line num="2378" count="0" type="cond" truecount="0" falsecount="2"/>
        <line num="2383" count="0" type="cond" truecount="0" falsecount="2"/>
        <line num="2388" count="0" type="cond" truecount="0" falsecount="2"/>
        <line num="2393" count="0" type="cond" truecount="0" falsecount="2"/>
        <line num="2395" count="0" type="stmt"/>
        <line num="2399" count="0" type="cond" truecount="0" falsecount="2"/>
        <line num="2400" count="0" type="cond" truecount="0" falsecount="2"/>
        <line num="2402" count="0" type="stmt"/>
        <line num="2403" count="0" type="stmt"/>
        <line num="2407" count="0" type="cond" truecount="0" falsecount="2"/>
        <line num="2409" count="0" type="stmt"/>
        <line num="2410" count="0" type="stmt"/>
        <line num="2416" count="0" type="stmt"/>
        <line num="2419" count="0" type="cond" truecount="0" falsecount="4"/>
        <line num="2420" count="0" type="stmt"/>
        <line num="2421" count="0" type="stmt"/>
        <line num="2424" count="0" type="stmt"/>
        <line num="2425" count="0" type="stmt"/>
        <line num="2522" count="0" type="stmt"/>
        <line num="2539" count="0" type="stmt"/>
        <line num="2543" count="0" type="stmt"/>
        <line num="2547" count="0" type="stmt"/>
        <line num="2564" count="0" type="stmt"/>
        <line num="2589" count="0" type="stmt"/>
        <line num="2593" count="0" type="stmt"/>
        <line num="2597" count="0" type="stmt"/>
        <line num="2611" count="0" type="stmt"/>
        <line num="2617" count="0" type="stmt"/>
        <line num="2623" count="0" type="stmt"/>
        <line num="2631" count="0" type="stmt"/>
        <line num="2647" count="0" type="stmt"/>
        <line num="2651" count="0" type="stmt"/>
        <line num="2655" count="0" type="stmt"/>
        <line num="2666" count="0" type="stmt"/>
        <line num="2685" count="0" type="stmt"/>
        <line num="2689" count="0" type="stmt"/>
        <line num="2693" count="0" type="stmt"/>
        <line num="2704" count="0" type="stmt"/>
        <line num="2731" count="0" type="stmt"/>
        <line num="2757" count="0" type="stmt"/>
        <line num="2758" count="0" type="stmt"/>
        <line num="2787" count="0" type="stmt"/>
        <line num="2793" count="0" type="stmt"/>
        <line num="2798" count="0" type="stmt"/>
        <line num="2819" count="0" type="stmt"/>
        <line num="2820" count="0" type="stmt"/>
        <line num="2821" count="0" type="stmt"/>
        <line num="2825" count="0" type="stmt"/>
        <line num="2826" count="0" type="stmt"/>
        <line num="2827" count="0" type="cond" truecount="0" falsecount="2"/>
        <line num="2828" count="0" type="stmt"/>
        <line num="2832" count="0" type="stmt"/>
        <line num="2833" count="0" type="stmt"/>
        <line num="2834" count="0" type="stmt"/>
        <line num="2836" count="0" type="stmt"/>
        <line num="2837" count="0" type="stmt"/>
        <line num="2839" count="0" type="stmt"/>
        <line num="2840" count="0" type="stmt"/>
        <line num="2843" count="0" type="stmt"/>
        <line num="2865" count="0" type="stmt"/>
        <line num="2866" count="0" type="cond" truecount="0" falsecount="3"/>
        <line num="2873" count="0" type="stmt"/>
        <line num="2883" count="0" type="stmt"/>
        <line num="2884" count="0" type="stmt"/>
        <line num="2890" count="0" type="stmt"/>
        <line num="2910" count="0" type="stmt"/>
        <line num="2911" count="0" type="cond" truecount="0" falsecount="3"/>
        <line num="2913" count="0" type="stmt"/>
        <line num="2930" count="0" type="stmt"/>
        <line num="2938" count="0" type="stmt"/>
        <line num="2939" count="0" type="cond" truecount="0" falsecount="2"/>
        <line num="2940" count="0" type="stmt"/>
        <line num="2971" count="0" type="stmt"/>
        <line num="2975" count="0" type="stmt"/>
        <line num="2979" count="0" type="stmt"/>
        <line num="2995" count="0" type="stmt"/>
        <line num="3008" count="0" type="stmt"/>
        <line num="3021" count="0" type="stmt"/>
        <line num="3022" count="0" type="stmt"/>
        <line num="3038" count="0" type="stmt"/>
        <line num="3039" count="0" type="stmt"/>
        <line num="3060" count="0" type="stmt"/>
        <line num="3076" count="0" type="stmt"/>
        <line num="3078" count="0" type="stmt"/>
        <line num="3079" count="0" type="stmt"/>
        <line num="3088" count="0" type="cond" truecount="0" falsecount="2"/>
        <line num="3089" count="0" type="stmt"/>
        <line num="3093" count="0" type="stmt"/>
        <line num="3096" count="0" type="stmt"/>
        <line num="3808" count="0" type="cond" truecount="0" falsecount="2"/>
        <line num="3809" count="0" type="stmt"/>
        <line num="3810" count="0" type="cond" truecount="0" falsecount="2"/>
        <line num="3811" count="0" type="stmt"/>
        <line num="3813" count="0" type="stmt"/>
        <line num="3817" count="0" type="stmt"/>
        <line num="3819" count="0" type="stmt"/>
        <line num="3822" count="0" type="stmt"/>
        <line num="3823" count="0" type="stmt"/>
        <line num="3824" count="0" type="stmt"/>
        <line num="3827" count="0" type="stmt"/>
        <line num="3828" count="0" type="cond" truecount="0" falsecount="4"/>
        <line num="3829" count="0" type="stmt"/>
        <line num="3832" count="0" type="stmt"/>
        <line num="3833" count="0" type="cond" truecount="0" falsecount="4"/>
        <line num="3835" count="0" type="stmt"/>
        <line num="3838" count="0" type="cond" truecount="0" falsecount="4"/>
        <line num="3839" count="0" type="stmt"/>
        <line num="3842" count="0" type="stmt"/>
        <line num="3843" count="0" type="cond" truecount="0" falsecount="4"/>
        <line num="3844" count="0" type="stmt"/>
        <line num="3845" count="0" type="stmt"/>
        <line num="3848" count="0" type="stmt"/>
        <line num="3849" count="0" type="stmt"/>
        <line num="3850" count="0" type="stmt"/>
        <line num="3851" count="0" type="stmt"/>
        <line num="3854" count="0" type="stmt"/>
        <line num="3855" count="0" type="cond" truecount="0" falsecount="4"/>
        <line num="3859" count="0" type="cond" truecount="0" falsecount="4"/>
        <line num="3860" count="0" type="stmt"/>
        <line num="3861" count="0" type="stmt"/>
        <line num="3862" count="0" type="stmt"/>
        <line num="3864" count="0" type="stmt"/>
        <line num="3867" count="0" type="stmt"/>
        <line num="3868" count="0" type="stmt"/>
        <line num="3869" count="0" type="stmt"/>
        <line num="3875" count="0" type="cond" truecount="0" falsecount="2"/>
        <line num="3876" count="0" type="stmt"/>
        <line num="3884" count="0" type="cond" truecount="0" falsecount="3"/>
        <line num="3885" count="0" type="stmt"/>
        <line num="3941" count="0" type="cond" truecount="0" falsecount="2"/>
        <line num="3943" count="0" type="stmt"/>
        <line num="3992" count="0" type="stmt"/>
        <line num="3993" count="0" type="stmt"/>
        <line num="4045" count="0" type="stmt"/>
        <line num="4046" count="0" type="stmt"/>
        <line num="4093" count="0" type="stmt"/>
        <line num="4094" count="0" type="stmt"/>
        <line num="4095" count="0" type="stmt"/>
        <line num="4096" count="0" type="stmt"/>
        <line num="4099" count="0" type="stmt"/>
        <line num="4100" count="0" type="stmt"/>
        <line num="4101" count="0" type="cond" truecount="0" falsecount="2"/>
        <line num="4105" count="0" type="stmt"/>
        <line num="4108" count="0" type="cond" truecount="0" falsecount="4"/>
        <line num="4109" count="0" type="stmt"/>
        <line num="4110" count="0" type="stmt"/>
        <line num="4111" count="0" type="stmt"/>
        <line num="4113" count="0" type="stmt"/>
        <line num="4114" count="0" type="cond" truecount="0" falsecount="2"/>
        <line num="4117" count="0" type="stmt"/>
        <line num="4119" count="0" type="stmt"/>
        <line num="4120" count="0" type="stmt"/>
        <line num="4122" count="0" type="cond" truecount="0" falsecount="2"/>
        <line num="4123" count="0" type="stmt"/>
        <line num="4125" count="0" type="cond" truecount="0" falsecount="2"/>
        <line num="4126" count="0" type="stmt"/>
        <line num="4128" count="0" type="stmt"/>
        <line num="4131" count="0" type="stmt"/>
        <line num="4132" count="0" type="cond" truecount="0" falsecount="4"/>
        <line num="4133" count="0" type="stmt"/>
        <line num="4134" count="0" type="cond" truecount="0" falsecount="2"/>
        <line num="4135" count="0" type="cond" truecount="0" falsecount="3"/>
        <line num="4136" count="0" type="cond" truecount="0" falsecount="2"/>
        <line num="4139" count="0" type="stmt"/>
        <line num="4159" count="0" type="stmt"/>
        <line num="4160" count="0" type="stmt"/>
        <line num="4185" count="0" type="stmt"/>
        <line num="4186" count="0" type="stmt"/>
        <line num="4187" count="0" type="stmt"/>
        <line num="4188" count="0" type="cond" truecount="0" falsecount="2"/>
        <line num="4189" count="0" type="cond" truecount="0" falsecount="5"/>
        <line num="4190" count="0" type="stmt"/>
        <line num="4193" count="0" type="stmt"/>
        <line num="4228" count="0" type="stmt"/>
        <line num="4229" count="0" type="stmt"/>
        <line num="4230" count="0" type="stmt"/>
        <line num="4231" count="0" type="cond" truecount="0" falsecount="2"/>
        <line num="4232" count="0" type="cond" truecount="0" falsecount="5"/>
        <line num="4233" count="0" type="stmt"/>
        <line num="4236" count="0" type="stmt"/>
        <line num="4271" count="0" type="stmt"/>
        <line num="4275" count="0" type="stmt"/>
        <line num="4279" count="0" type="stmt"/>
        <line num="4286" count="0" type="stmt"/>
        <line num="4294" count="0" type="cond" truecount="0" falsecount="2"/>
        <line num="4295" count="0" type="cond" truecount="0" falsecount="2"/>
        <line num="4296" count="0" type="stmt"/>
        <line num="4306" count="0" type="stmt"/>
        <line num="4308" count="0" type="cond" truecount="0" falsecount="2"/>
        <line num="4309" count="0" type="cond" truecount="0" falsecount="2"/>
        <line num="4312" count="0" type="cond" truecount="0" falsecount="4"/>
[...]
        <line num="429" count="0" type="stmt"/>
        <line num="431" count="0" type="stmt"/>
        <line num="432" count="0" type="cond" truecount="0" falsecount="2"/>
        <line num="434" count="0" type="cond" truecount="0" falsecount="4"/>
        <line num="437" count="0" type="cond" truecount="0" falsecount="2"/>
        <line num="439" count="0" type="cond" truecount="0" falsecount="2"/>
        <line num="440" count="0" type="cond" truecount="0" falsecount="2"/>
        <line num="441" count="0" type="stmt"/>
        <line num="442" count="0" type="stmt"/>
        <line num="449" count="0" type="stmt"/>
        <line num="450" count="0" type="stmt"/>
        <line num="453" count="0" type="cond" truecount="0" falsecount="2"/>
        <line num="454" count="0" type="stmt"/>
        <line num="458" count="0" type="stmt"/>
        <line num="462" count="0" type="cond" truecount="0" falsecount="2"/>
        <line num="463" count="0" type="stmt"/>
        <line num="465" count="0" type="stmt"/>
        <line num="474" count="0" type="cond" truecount="0" falsecount="2"/>
        <line num="475" count="0" type="stmt"/>
        <line num="476" count="0" type="stmt"/>
        <line num="477" count="0" type="stmt"/>
        <line num="480" count="0" type="stmt"/>
        <line num="482" count="0" type="stmt"/>
        <line num="486" count="0" type="stmt"/>
        <line num="487" count="0" type="cond" truecount="0" falsecount="2"/>
        <line num="488" count="0" type="stmt"/>
        <line num="489" count="0" type="cond" truecount="0" falsecount="2"/>
        <line num="493" count="0" type="stmt"/>
        <line num="494" count="0" type="stmt"/>
        <line num="498" count="0" type="stmt"/>
        <line num="509" count="0" type="stmt"/>
        <line num="512" count="0" type="stmt"/>
        <line num="515" count="0" type="stmt"/>
        <line num="521" count="0" type="stmt"/>
        <line num="522" count="0" type="stmt"/>
        <line num="523" count="0" type="cond" truecount="0" falsecount="2"/>
        <line num="525" count="0" type="stmt"/>
        <line num="526" count="0" type="stmt"/>
        <line num="531" count="0" type="cond" truecount="0" falsecount="2"/>
        <line num="532" count="0" type="stmt"/>
        <line num="533" count="0" type="stmt"/>
        <line num="534" count="0" type="stmt"/>
        <line num="536" count="0" type="stmt"/>
        <line num="542" count="0" type="stmt"/>
        <line num="543" count="0" type="stmt"/>
        <line num="544" count="0" type="stmt"/>
        <line num="545" count="0" type="stmt"/>
        <line num="546" count="0" type="stmt"/>
        <line num="548" count="0" type="stmt"/>
        <line num="553" count="0" type="cond" truecount="0" falsecount="2"/>
        <line num="554" count="0" type="stmt"/>
        <line num="556" count="0" type="stmt"/>
        <line num="557" count="0" type="cond" truecount="0" falsecount="2"/>
        <line num="558" count="0" type="stmt"/>
        <line num="559" count="0" type="stmt"/>
        <line num="569" count="0" type="stmt"/>
        <line num="575" count="0" type="stmt"/>
        <line num="576" count="0" type="stmt"/>
        <line num="577" count="0" type="cond" truecount="0" falsecount="2"/>
        <line num="579" count="0" type="stmt"/>
        <line num="580" count="0" type="stmt"/>
        <line num="590" count="0" type="stmt"/>
        <line num="592" count="0" type="cond" truecount="0" falsecount="2"/>
        <line num="593" count="0" type="stmt"/>
        <line num="595" count="0" type="stmt"/>
        <line num="596" count="0" type="cond" truecount="0" falsecount="2"/>
        <line num="597" count="0" type="stmt"/>
        <line num="599" count="0" type="cond" truecount="0" falsecount="2"/>
        <line num="600" count="0" type="cond" truecount="0" falsecount="2"/>
        <line num="603" count="0" type="cond" truecount="0" falsecount="2"/>
        <line num="604" count="0" type="stmt"/>
        <line num="607" count="0" type="stmt"/>
        <line num="608" count="0" type="stmt"/>
        <line num="611" count="0" type="cond" truecount="0" falsecount="2"/>
        <line num="612" count="0" type="stmt"/>
        <line num="617" count="0" type="cond" truecount="0" falsecount="2"/>
        <line num="618" count="0" type="cond" truecount="0" falsecount="2"/>
        <line num="619" count="0" type="cond" truecount="0" falsecount="5"/>
        <line num="620" count="0" type="stmt"/>
        <line num="625" count="0" type="stmt"/>
        <line num="628" count="0" type="cond" truecount="0" falsecount="2"/>
        <line num="630" count="0" type="stmt"/>
        <line num="634" count="0" type="stmt"/>
        <line num="640" count="0" type="stmt"/>
        <line num="641" count="0" type="stmt"/>
        <line num="642" count="0" type="stmt"/>
        <line num="643" count="0" type="cond" truecount="0" falsecount="2"/>
        <line num="644" count="0" type="cond" truecount="0" falsecount="2"/>
        <line num="647" count="0" type="cond" truecount="0" falsecount="5"/>
        <line num="648" count="0" type="stmt"/>
        <line num="649" count="0" type="stmt"/>
        <line num="652" count="0" type="cond" truecount="0" falsecount="2"/>
        <line num="655" count="0" type="cond" truecount="0" falsecount="2"/>
        <line num="656" count="0" type="stmt"/>
        <line num="659" count="0" type="stmt"/>
        <line num="662" count="0" type="stmt"/>
        <line num="668" count="0" type="cond" truecount="0" falsecount="2"/>
        <line num="669" count="0" type="stmt"/>
        <line num="670" count="0" type="stmt"/>
        <line num="671" count="0" type="cond" truecount="0" falsecount="2"/>
        <line num="672" count="0" type="stmt"/>
        <line num="675" count="0" type="stmt"/>
        <line num="681" count="0" type="stmt"/>
        <line num="682" count="0" type="stmt"/>
        <line num="683" count="0" type="cond" truecount="0" falsecount="2"/>
        <line num="685" count="0" type="stmt"/>
        <line num="686" count="0" type="stmt"/>
        <line num="691" count="0" type="cond" truecount="0" falsecount="2"/>
        <line num="692" count="0" type="stmt"/>
        <line num="694" count="0" type="stmt"/>
        <line num="695" count="0" type="stmt"/>
        <line num="696" count="0" type="stmt"/>
        <line num="700" count="0" type="stmt"/>
        <line num="701" count="0" type="stmt"/>
        <line num="703" count="0" type="stmt"/>
        <line num="709" count="0" type="stmt"/>
        <line num="710" count="0" type="stmt"/>
        <line num="711" count="0" type="stmt"/>
        <line num="713" count="0" type="stmt"/>
        <line num="718" count="0" type="stmt"/>
        <line num="720" count="0" type="stmt"/>
        <line num="721" count="0" type="stmt"/>
        <line num="722" count="0" type="stmt"/>
        <line num="724" count="0" type="stmt"/>
        <line num="725" count="0" type="stmt"/>
        <line num="726" count="0" type="cond" truecount="0" falsecount="4"/>
        <line num="727" count="0" type="stmt"/>
        <line num="728" count="0" type="cond" truecount="0" falsecount="2"/>
        <line num="730" count="0" type="stmt"/>
        <line num="731" count="0" type="cond" truecount="0" falsecount="4"/>
        <line num="732" count="0" type="stmt"/>
        <line num="733" count="0" type="cond" truecount="0" falsecount="2"/>
        <line num="734" count="0" type="cond" truecount="0" falsecount="2"/>
        <line num="735" count="0" type="stmt"/>
        <line num="738" count="0" type="cond" truecount="0" falsecount="2"/>
        <line num="739" count="0" type="stmt"/>
        <line num="748" count="0" type="stmt"/>
        <line num="749" count="0" type="stmt"/>
        <line num="750" count="0" type="stmt"/>
        <line num="751" count="0" type="stmt"/>
        <line num="752" count="0" type="stmt"/>
        <line num="756" count="0" type="stmt"/>
        <line num="757" count="0" type="stmt"/>
        <line num="763" count="0" type="cond" truecount="0" falsecount="2"/>
        <line num="764" count="0" type="stmt"/>
        <line num="766" count="0" type="stmt"/>
        <line num="768" count="0" type="cond" truecount="0" falsecount="2"/>
        <line num="770" count="0" type="stmt"/>
        <line num="771" count="0" type="stmt"/>
        <line num="772" count="0" type="stmt"/>
        <line num="778" count="0" type="cond" truecount="0" falsecount="2"/>
        <line num="779" count="0" type="stmt"/>
        <line num="781" count="0" type="cond" truecount="0" falsecount="5"/>
        <line num="782" count="0" type="stmt"/>
        <line num="783" count="0" type="stmt"/>
        <line num="790" count="0" type="cond" truecount="0" falsecount="2"/>
        <line num="791" count="0" type="stmt"/>
        <line num="796" count="0" type="cond" truecount="0" falsecount="2"/>
        <line num="797" count="0" type="cond" truecount="0" falsecount="2"/>
        <line num="798" count="0" type="stmt"/>
        <line num="806" count="0" type="cond" truecount="0" falsecount="2"/>
        <line num="807" count="0" type="stmt"/>
        <line num="809" count="0" type="stmt"/>
        <line num="812" count="0" type="stmt"/>
        <line num="815" count="0" type="stmt"/>
        <line num="817" count="0" type="stmt"/>
        <line num="823" count="0" type="stmt"/>
        <line num="824" count="0" type="stmt"/>
        <line num="825" count="0" type="stmt"/>
        <line num="827" count="0" type="stmt"/>
        <line num="832" count="0" type="cond" truecount="0" falsecount="2"/>
        <line num="833" count="0" type="stmt"/>
        <line num="836" count="0" type="stmt"/>
        <line num="837" count="0" type="stmt"/>
        <line num="838" count="0" type="stmt"/>
        <line num="841" count="0" type="stmt"/>
        <line num="842" count="0" type="stmt"/>
        <line num="844" count="0" type="stmt"/>
        <line num="845" count="0" type="stmt"/>
        <line num="849" count="0" type="stmt"/>
        <line num="850" count="0" type="stmt"/>
        <line num="851" count="0" type="stmt"/>
        <line num="856" count="0" type="cond" truecount="0" falsecount="5"/>
        <line num="857" count="0" type="stmt"/>
        <line num="859" count="0" type="stmt"/>
        <line num="862" count="0" type="stmt"/>
        <line num="863" count="0" type="stmt"/>
        <line num="866" count="0" type="cond" truecount="0" falsecount="4"/>
        <line num="867" count="0" type="stmt"/>
        <line num="868" count="0" type="cond" truecount="0" falsecount="4"/>
        <line num="869" count="0" type="cond" truecount="0" falsecount="2"/>
        <line num="870" count="0" type="stmt"/>
        <line num="871" count="0" type="stmt"/>
        <line num="877" count="0" type="cond" truecount="0" falsecount="2"/>
        <line num="881" count="0" type="cond" truecount="0" falsecount="5"/>
        <line num="883" count="0" type="stmt"/>
        <line num="884" count="0" type="stmt"/>
        <line num="889" count="0" type="stmt"/>
        <line num="893" count="0" type="cond" truecount="0" falsecount="2"/>
        <line num="894" count="0" type="cond" truecount="0" falsecount="2"/>
        <line num="896" count="0" type="stmt"/>
        <line num="903" count="0" type="stmt"/>
        <line num="909" count="0" type="stmt"/>
        <line num="912" count="0" type="stmt"/>
        <line num="914" count="0" type="stmt"/>
        <line num="917" count="0" type="stmt"/>
        <line num="923" count="0" type="stmt"/>
        <line num="924" count="0" type="stmt"/>
        <line num="925" count="0" type="cond" truecount="0" falsecount="2"/>
        <line num="927" count="0" type="stmt"/>
        <line num="928" count="0" type="stmt"/>
      </file>
      <file name="storage.js" path="C:\Users\sverma\Documents\ESRoster\lib\storage.js">
        <metrics statements="92" coveredstatements="0" conditionals="45" coveredconditionals="0" methods="20" coveredmethods="0"/>
        <line num="3" count="0" type="stmt"/>
        <line num="14" count="0" type="stmt"/>
        <line num="15" count="0" type="stmt"/>
        <line num="16" count="0" type="stmt"/>
        <line num="18" count="0" type="stmt"/>
        <line num="23" count="0" type="stmt"/>
        <line num="24" count="0" type="stmt"/>
        <line num="25" count="0" type="cond" truecount="0" falsecount="2"/>
        <line num="27" count="0" type="stmt"/>
        <line num="28" count="0" type="stmt"/>
        <line num="36" count="0" type="stmt"/>
        <line num="37" count="0" type="stmt"/>
        <line num="38" count="0" type="stmt"/>
        <line num="40" count="0" type="cond" truecount="0" falsecount="2"/>
        <line num="41" count="0" type="stmt"/>
        <line num="42" count="0" type="stmt"/>
        <line num="44" count="0" type="stmt"/>
        <line num="47" count="0" type="stmt"/>
        <line num="48" count="0" type="stmt"/>
        <line num="50" count="0" type="stmt"/>
        <line num="55" count="0" type="stmt"/>
        <line num="56" count="0" type="stmt"/>
        <line num="57" count="0" type="cond" truecount="0" falsecount="2"/>
        <line num="59" count="0" type="stmt"/>
        <line num="60" count="0" type="stmt"/>
        <line num="65" count="0" type="stmt"/>
        <line num="66" count="0" type="stmt"/>
        <line num="67" count="0" type="cond" truecount="0" falsecount="2"/>
        <line num="69" count="0" type="stmt"/>
        <line num="70" count="0" type="stmt"/>
        <line num="75" count="0" type="stmt"/>
        <line num="76" count="0" type="stmt"/>
        <line num="77" count="0" type="stmt"/>
        <line num="78" count="0" type="stmt"/>
        <line num="79" count="0" type="stmt"/>
        <line num="81" count="0" type="stmt"/>
        <line num="89" count="0" type="stmt"/>
        <line num="90" count="0" type="stmt"/>
        <line num="91" count="0" type="stmt"/>
        <line num="93" count="0" type="stmt"/>
        <line num="98" count="0" type="stmt"/>
        <line num="99" count="0" type="stmt"/>
        <line num="100" count="0" type="cond" truecount="0" falsecount="2"/>
        <line num="102" count="0" type="stmt"/>
        <line num="103" count="0" type="stmt"/>
        <line num="112" count="0" type="stmt"/>
        <line num="113" count="0" type="stmt"/>
        <line num="114" count="0" type="stmt"/>
        <line num="116" count="0" type="stmt"/>
        <line num="117" count="0" type="stmt"/>
        <line num="119" count="0" type="stmt"/>
        <line num="120" count="0" type="stmt"/>
        <line num="121" count="0" type="cond" truecount="0" falsecount="4"/>
        <line num="123" count="0" type="stmt"/>
        <line num="124" count="0" type="cond" truecount="0" falsecount="2"/>
        <line num="126" count="0" type="stmt"/>
        <line num="127" count="0" type="cond" truecount="0" falsecount="4"/>
        <line num="128" count="0" type="stmt"/>
        <line num="129" count="0" type="cond" truecount="0" falsecount="2"/>
        <line num="130" count="0" type="cond" truecount="0" falsecount="2"/>
        <line num="131" count="0" type="stmt"/>
        <line num="139" count="0" type="stmt"/>
        <line num="140" count="0" type="stmt"/>
        <line num="141" count="0" type="stmt"/>
        <line num="142" count="0" type="stmt"/>
        <line num="143" count="0" type="stmt"/>
        <line num="147" count="0" type="stmt"/>
        <line num="148" count="0" type="stmt"/>
        <line num="150" count="0" type="stmt"/>
        <line num="158" count="0" type="stmt"/>
        <line num="159" count="0" type="stmt"/>
        <line num="160" count="0" type="stmt"/>
        <line num="162" count="0" type="stmt"/>
        <line num="167" count="0" type="stmt"/>
        <line num="168" count="0" type="stmt"/>
        <line num="169" count="0" type="cond" truecount="0" falsecount="2"/>
        <line num="171" count="0" type="stmt"/>
        <line num="172" count="0" type="stmt"/>
        <line num="180" count="0" type="stmt"/>
        <line num="188" count="0" type="stmt"/>
        <line num="189" count="0" type="cond" truecount="0" falsecount="4"/>
        <line num="190" count="0" type="stmt"/>
        <line num="192" count="0" type="cond" truecount="0" falsecount="5"/>
        <line num="193" count="0" type="stmt"/>
        <line num="195" count="0" type="stmt"/>
        <line num="198" count="0" type="stmt"/>
        <line num="199" count="0" type="stmt"/>
        <line num="201" count="0" type="cond" truecount="0" falsecount="2"/>
        <line num="202" count="0" type="stmt"/>
        <line num="203" count="0" type="cond" truecount="0" falsecount="2"/>
        <line num="204" count="0" type="stmt"/>
        <line num="216" count="0" type="stmt"/>
      </file>
      <file name="supabase.js" path="C:\Users\sverma\Documents\ESRoster\lib\supabase.js">
        <metrics statements="29" coveredstatements="0" conditionals="38" coveredconditionals="0" methods="4" coveredmethods="0"/>
        <line num="9" count="0" type="cond" truecount="0" falsecount="2"/>
        <line num="10" count="0" type="cond" truecount="0" falsecount="2"/>
        <line num="13" count="0" type="cond" truecount="0" falsecount="4"/>
        <line num="14" count="0" type="cond" truecount="0" falsecount="4"/>
        <line num="15" count="0" type="stmt"/>
        <line num="17" count="0" type="cond" truecount="0" falsecount="4"/>
        <line num="18" count="0" type="stmt"/>
        <line num="24" count="0" type="stmt"/>
        <line num="25" count="0" type="stmt"/>
        <line num="27" count="0" type="stmt"/>
        <line num="28" count="0" type="stmt"/>
        <line num="30" count="0" type="stmt"/>
        <line num="31" count="0" type="stmt"/>
        <line num="35" count="0" type="stmt"/>
        <line num="36" count="0" type="stmt"/>
        <line num="38" count="0" type="stmt"/>
        <line num="42" count="0" type="stmt"/>
        <line num="43" count="0" type="stmt"/>
        <line num="45" count="0" type="stmt"/>
        <line num="52" count="0" type="stmt"/>
        <line num="62" count="0" type="cond" truecount="0" falsecount="4"/>
        <line num="64" count="0" type="stmt"/>
        <line num="67" count="0" type="stmt"/>
        <line num="73" count="0" type="stmt"/>
        <line num="74" count="0" type="cond" truecount="0" falsecount="4"/>
        <line num="83" count="0" type="cond" truecount="0" falsecount="2"/>
        <line num="85" count="0" type="stmt"/>
        <line num="87" count="0" type="stmt"/>
        <line num="96" count="0" type="stmt"/>
      </file>
      <file name="test-db.js" path="C:\Users\sverma\Documents\ESRoster\lib\test-db.js">
        <metrics statements="18" coveredstatements="0" conditionals="12" coveredconditionals="0" methods="1" coveredmethods="0"/>
        <line num="10" count="0" type="stmt"/>
        <line num="13" count="0" type="stmt"/>
        <line num="14" count="0" type="cond" truecount="0" falsecount="2"/>
        <line num="15" count="0" type="cond" truecount="0" falsecount="2"/>
        <line num="18" count="0" type="stmt"/>
        <line num="19" count="0" type="stmt"/>
        <line num="23" count="0" type="stmt"/>
        <line num="26" count="0" type="stmt"/>
        <line num="27" count="0" type="stmt"/>
        <line num="28" count="0" type="stmt"/>
        <line num="31" count="0" type="stmt"/>
        <line num="32" count="0" type="stmt"/>
        <line num="37" count="0" type="stmt"/>
        <line num="43" count="0" type="cond" truecount="0" falsecount="4"/>
        <line num="44" count="0" type="stmt"/>
        <line num="47" count="0" type="stmt"/>
        <line num="56" count="0" type="cond" truecount="0" falsecount="2"/>
        <line num="57" count="0" type="stmt"/>
      </file>
    </package>
  </project>
</coverage>
