TN:
SF:app\_layout.js
FN:10,RootLayoutNav
FN:15,(anonymous_1)
FN:27,(anonymous_2)
FN:30,(anonymous_3)
FN:76,Layout
FNF:5
FNH:0
FNDA:0,RootLayoutNav
FNDA:0,(anonymous_1)
FNDA:0,(anonymous_2)
FNDA:0,(anonymous_3)
FNDA:0,Layout
DA:11,0
DA:12,0
DA:13,0
DA:15,0
DA:16,0
DA:18,0
DA:21,0
DA:23,0
DA:24,0
DA:27,0
DA:28,0
DA:30,0
DA:34,0
DA:35,0
DA:42,0
DA:43,0
DA:49,0
DA:59,0
DA:77,0
DA:86,0
LF:20
LH:0
BRDA:16,0,0,0
BRDA:16,0,1,0
BRDA:21,1,0,0
BRDA:21,1,1,0
BRDA:21,2,0,0
BRDA:21,2,1,0
BRDA:24,3,0,0
BRDA:24,3,1,0
BRDA:24,4,0,0
BRDA:24,4,1,0
BRDA:34,5,0,0
BRDA:34,5,1,0
BRDA:61,6,0,0
BRDA:61,6,1,0
BRF:14
BRH:0
end_of_record
TN:
SF:app\demand.js
FN:25,DemandScreen
FN:38,(anonymous_1)
FN:60,(anonymous_2)
FN:66,(anonymous_3)
FN:78,loadSavedDemand
FN:135,handleSave
FN:144,applyTemplate
FN:178,(anonymous_7)
FN:180,(anonymous_8)
FN:183,(anonymous_9)
FN:189,updateDemand
FN:190,(anonymous_11)
FN:203,getDemand
FN:226,(anonymous_13)
FN:237,(anonymous_14)
FN:261,(anonymous_15)
FN:266,(anonymous_16)
FN:274,(anonymous_17)
FN:275,(anonymous_18)
FN:285,(anonymous_19)
FN:286,(anonymous_20)
FN:330,(anonymous_21)
FN:349,(anonymous_22)
FN:368,(anonymous_23)
FN:425,WeekGrid
FN:439,(anonymous_25)
FN:461,(anonymous_26)
FN:484,(anonymous_27)
FN:502,MonthGrid
FN:510,(anonymous_29)
FN:512,(anonymous_30)
FN:531,DemandDayCell
FN:554,(anonymous_32)
FN:576,(anonymous_33)
FN:598,Chip
FN:626,OfficeTab
FNF:36
FNH:0
FNDA:0,DemandScreen
FNDA:0,(anonymous_1)
FNDA:0,(anonymous_2)
FNDA:0,(anonymous_3)
FNDA:0,loadSavedDemand
FNDA:0,handleSave
FNDA:0,applyTemplate
FNDA:0,(anonymous_7)
FNDA:0,(anonymous_8)
FNDA:0,(anonymous_9)
FNDA:0,updateDemand
FNDA:0,(anonymous_11)
FNDA:0,getDemand
FNDA:0,(anonymous_13)
FNDA:0,(anonymous_14)
FNDA:0,(anonymous_15)
FNDA:0,(anonymous_16)
FNDA:0,(anonymous_17)
FNDA:0,(anonymous_18)
FNDA:0,(anonymous_19)
FNDA:0,(anonymous_20)
FNDA:0,(anonymous_21)
FNDA:0,(anonymous_22)
FNDA:0,(anonymous_23)
FNDA:0,WeekGrid
FNDA:0,(anonymous_25)
FNDA:0,(anonymous_26)
FNDA:0,(anonymous_27)
FNDA:0,MonthGrid
FNDA:0,(anonymous_29)
FNDA:0,(anonymous_30)
FNDA:0,DemandDayCell
FNDA:0,(anonymous_32)
FNDA:0,(anonymous_33)
FNDA:0,Chip
FNDA:0,OfficeTab
DA:26,0
DA:27,0
DA:30,0
DA:31,0
DA:32,0
DA:35,0
DA:38,0
DA:39,0
DA:41,0
DA:48,0
DA:57,0
DA:60,0
DA:61,0
DA:62,0
DA:66,0
DA:68,0
DA:69,0
DA:74,0
DA:75,0
DA:80,0
DA:82,0
DA:83,0
DA:86,0
DA:89,0
DA:90,0
DA:91,0
DA:94,0
DA:95,0
DA:96,0
DA:97,0
DA:100,0
DA:102,0
DA:104,0
DA:110,0
DA:112,0
DA:116,0
DA:118,0
DA:124,0
DA:132,0
DA:136,0
DA:137,0
DA:138,0
DA:140,0
DA:145,0
DA:146,0
DA:149,0
DA:150,0
DA:151,0
DA:152,0
DA:154,0
DA:156,0
DA:160,0
DA:162,0
DA:168,0
DA:175,0
DA:178,0
DA:179,0
DA:180,0
DA:183,0
DA:184,0
DA:185,0
DA:186,0
DA:190,0
DA:191,0
DA:192,0
DA:193,0
DA:204,0
DA:207,0
DA:227,0
DA:229,0
DA:230,0
DA:238,0
DA:240,0
DA:241,0
DA:261,0
DA:266,0
DA:275,0
DA:276,0
DA:286,0
DA:331,0
DA:350,0
DA:369,0
DA:427,0
DA:428,0
DA:429,0
DA:431,0
DA:440,0
DA:441,0
DA:462,0
DA:463,0
DA:481,0
DA:485,0
DA:486,0
DA:503,0
DA:504,0
DA:506,0
DA:511,0
DA:513,0
DA:514,0
DA:532,0
DA:554,0
DA:576,0
DA:599,0
DA:627,0
DA:648,0
LF:105
LH:0
BRDA:39,0,0,0
BRDA:39,0,1,0
BRDA:61,1,0,0
BRDA:61,1,1,0
BRDA:68,2,0,0
BRDA:68,2,1,0
BRDA:74,3,0,0
BRDA:74,3,1,0
BRDA:78,4,0,0
BRDA:86,5,0,0
BRDA:86,5,1,0
BRDA:91,6,0,0
BRDA:91,6,1,0
BRDA:102,7,0,0
BRDA:102,7,1,0
BRDA:102,8,0,0
BRDA:102,8,1,0
BRDA:102,8,2,0
BRDA:105,9,0,0
BRDA:105,9,1,0
BRDA:106,10,0,0
BRDA:106,10,1,0
BRDA:110,11,0,0
BRDA:110,11,1,0
BRDA:110,12,0,0
BRDA:110,12,1,0
BRDA:116,13,0,0
BRDA:116,13,1,0
BRDA:137,14,0,0
BRDA:137,14,1,0
BRDA:154,15,0,0
BRDA:154,15,1,0
BRDA:154,16,0,0
BRDA:154,16,1,0
BRDA:160,17,0,0
BRDA:160,17,1,0
BRDA:191,18,0,0
BRDA:191,18,1,0
BRDA:192,19,0,0
BRDA:192,19,1,0
BRDA:204,20,0,0
BRDA:204,20,1,0
BRDA:214,21,0,0
BRDA:214,21,1,0
BRDA:276,22,0,0
BRDA:276,22,1,0
BRDA:286,23,0,0
BRDA:286,23,1,0
BRDA:293,24,0,0
BRDA:293,24,1,0
BRDA:331,25,0,0
BRDA:331,25,1,0
BRDA:350,26,0,0
BRDA:350,26,1,0
BRDA:369,27,0,0
BRDA:369,27,1,0
BRDA:427,28,0,0
BRDA:427,28,1,0
BRDA:536,29,0,0
BRDA:536,29,1,0
BRDA:536,30,0,0
BRDA:536,30,1,0
BRDA:536,31,0,0
BRDA:536,31,1,0
BRDA:545,32,0,0
BRDA:545,32,1,0
BRDA:546,33,0,0
BRDA:546,33,1,0
BRDA:559,34,0,0
BRDA:559,34,1,0
BRDA:560,35,0,0
BRDA:560,35,1,0
BRDA:565,36,0,0
BRDA:565,36,1,0
BRDA:581,37,0,0
BRDA:581,37,1,0
BRDA:582,38,0,0
BRDA:582,38,1,0
BRDA:587,39,0,0
BRDA:587,39,1,0
BRDA:603,40,0,0
BRDA:603,40,1,0
BRDA:604,41,0,0
BRDA:604,41,1,0
BRDA:608,42,0,0
BRDA:608,42,1,0
BRDA:609,43,0,0
BRDA:609,43,1,0
BRDA:610,44,0,0
BRDA:610,44,1,0
BRDA:616,45,0,0
BRDA:616,45,1,0
BRDA:632,46,0,0
BRDA:632,46,1,0
BRDA:633,47,0,0
BRDA:633,47,1,0
BRDA:639,48,0,0
BRDA:639,48,1,0
BRDA:650,49,0,0
BRDA:650,49,1,0
BRDA:653,50,0,0
BRDA:653,50,1,0
BRDA:654,51,0,0
BRDA:654,51,1,0
BRDA:702,52,0,0
BRDA:702,52,1,0
BRDA:703,53,0,0
BRDA:703,53,1,0
BRF:108
BRH:0
end_of_record
TN:
SF:app\index.js
FN:3,Home
FNF:1
FNH:0
FNDA:0,Home
DA:5,0
LF:1
LH:0
BRF:0
BRH:0
end_of_record
TN:
SF:app\login.js
FN:19,LoginScreen
FN:29,(anonymous_1)
FN:162,(anonymous_2)
FNF:3
FNH:0
FNDA:0,LoginScreen
FNDA:0,(anonymous_1)
FNDA:0,(anonymous_2)
DA:20,0
DA:21,0
DA:22,0
DA:23,0
DA:24,0
DA:25,0
DA:26,0
DA:27,0
DA:29,0
DA:30,0
DA:31,0
DA:32,0
DA:35,0
DA:36,0
DA:37,0
DA:40,0
DA:41,0
DA:43,0
DA:44,0
DA:45,0
DA:48,0
DA:53,0
DA:54,0
DA:55,0
DA:57,0
DA:63,0
DA:65,0
DA:69,0
DA:163,0
DA:164,0
DA:165,0
DA:182,0
LF:32
LH:0
BRDA:30,0,0,0
BRDA:30,0,1,0
BRDA:30,1,0,0
BRDA:30,1,1,0
BRDA:35,2,0,0
BRDA:35,2,1,0
BRDA:44,3,0,0
BRDA:44,3,1,0
BRDA:46,4,0,0
BRDA:46,4,1,0
BRDA:63,5,0,0
BRDA:63,5,1,0
BRDA:72,6,0,0
BRDA:72,6,1,0
BRDA:87,7,0,0
BRDA:87,7,1,0
BRDA:90,8,0,0
BRDA:90,8,1,0
BRDA:96,9,0,0
BRDA:96,9,1,0
BRDA:104,10,0,0
BRDA:104,10,1,0
BRDA:142,11,0,0
BRDA:142,11,1,0
BRDA:147,12,0,0
BRDA:147,12,1,0
BRDA:151,13,0,0
BRDA:151,13,1,0
BRDA:155,14,0,0
BRDA:155,14,1,0
BRDA:169,15,0,0
BRDA:169,15,1,0
BRDA:193,16,0,0
BRDA:193,16,1,0
BRDA:210,17,0,0
BRDA:210,17,1,0
BRDA:236,18,0,0
BRDA:236,18,1,0
BRDA:237,19,0,0
BRDA:237,19,1,0
BRDA:240,20,0,0
BRDA:240,20,1,0
BRDA:245,21,0,0
BRDA:245,21,1,0
BRDA:251,22,0,0
BRDA:251,22,1,0
BRF:46
BRH:0
end_of_record
TN:
SF:app\profile.js
FN:23,ProfileScreen
FN:35,loadProfile
FN:107,loadAllSurveyors
FN:112,(anonymous_3)
FN:124,(anonymous_4)
FN:129,(anonymous_5)
FN:137,(anonymous_6)
FN:144,(anonymous_7)
FN:152,(anonymous_8)
FN:159,(anonymous_9)
FN:167,handlePromoteToSupervisor
FN:179,confirmPromotion
FN:215,cancelPromotion
FN:323,(anonymous_13)
FN:332,(anonymous_14)
FN:341,(anonymous_15)
FN:350,(anonymous_16)
FN:361,(anonymous_17)
FN:370,(anonymous_18)
FN:412,(anonymous_19)
FN:434,(anonymous_20)
FN:435,(anonymous_21)
FN:460,(anonymous_22)
FN:477,(anonymous_23)
FNF:24
FNH:0
FNDA:0,ProfileScreen
FNDA:0,loadProfile
FNDA:0,loadAllSurveyors
FNDA:0,(anonymous_3)
FNDA:0,(anonymous_4)
FNDA:0,(anonymous_5)
FNDA:0,(anonymous_6)
FNDA:0,(anonymous_7)
FNDA:0,(anonymous_8)
FNDA:0,(anonymous_9)
FNDA:0,handlePromoteToSupervisor
FNDA:0,confirmPromotion
FNDA:0,cancelPromotion
FNDA:0,(anonymous_13)
FNDA:0,(anonymous_14)
FNDA:0,(anonymous_15)
FNDA:0,(anonymous_16)
FNDA:0,(anonymous_17)
FNDA:0,(anonymous_18)
FNDA:0,(anonymous_19)
FNDA:0,(anonymous_20)
FNDA:0,(anonymous_21)
FNDA:0,(anonymous_22)
FNDA:0,(anonymous_23)
DA:24,0
DA:25,0
DA:26,0
DA:27,0
DA:28,0
DA:29,0
DA:30,0
DA:31,0
DA:32,0
DA:33,0
DA:36,0
DA:37,0
DA:38,0
DA:41,0
DA:42,0
DA:43,0
DA:46,0
DA:52,0
DA:53,0
DA:54,0
DA:55,0
DA:57,0
DA:61,0
DA:64,0
DA:65,0
DA:66,0
DA:73,0
DA:74,0
DA:75,0
DA:76,0
DA:77,0
DA:78,0
DA:80,0
DA:82,0
DA:83,0
DA:85,0
DA:87,0
DA:90,0
DA:96,0
DA:97,0
DA:100,0
DA:102,0
DA:108,0
DA:109,0
DA:110,0
DA:111,0
DA:112,0
DA:113,0
DA:115,0
DA:116,0
DA:119,0
DA:124,0
DA:125,0
DA:129,0
DA:130,0
DA:131,0
DA:136,0
DA:138,0
DA:139,0
DA:144,0
DA:145,0
DA:146,0
DA:147,0
DA:152,0
DA:153,0
DA:154,0
DA:155,0
DA:159,0
DA:160,0
DA:168,0
DA:169,0
DA:170,0
DA:171,0
DA:174,0
DA:175,0
DA:176,0
DA:180,0
DA:182,0
DA:183,0
DA:184,0
DA:186,0
DA:187,0
DA:188,0
DA:192,0
DA:193,0
DA:194,0
DA:195,0
DA:197,0
DA:199,0
DA:201,0
DA:203,0
DA:204,0
DA:207,0
DA:208,0
DA:210,0
DA:211,0
DA:216,0
DA:217,0
DA:218,0
DA:221,0
DA:222,0
DA:232,0
DA:323,0
DA:332,0
DA:341,0
DA:350,0
DA:362,0
DA:370,0
DA:412,0
DA:434,0
DA:436,0
DA:461,0
DA:462,0
DA:477,0
DA:526,0
LF:115
LH:0
BRDA:36,0,0,0
BRDA:36,0,1,0
BRDA:52,1,0,0
BRDA:52,1,1,0
BRDA:54,2,0,0
BRDA:54,2,1,0
BRDA:58,3,0,0
BRDA:58,3,1,0
BRDA:64,4,0,0
BRDA:64,4,1,0
BRDA:73,5,0,0
BRDA:73,5,1,0
BRDA:73,6,0,0
BRDA:73,6,1,0
BRDA:77,7,0,0
BRDA:77,7,1,0
BRDA:82,8,0,0
BRDA:82,8,1,0
BRDA:108,9,0,0
BRDA:108,9,1,0
BRDA:113,10,0,0
BRDA:113,10,1,0
BRDA:130,11,0,0
BRDA:130,11,1,0
BRDA:145,12,0,0
BRDA:145,12,1,0
BRDA:153,13,0,0
BRDA:153,13,1,0
BRDA:153,14,0,0
BRDA:153,14,1,0
BRDA:169,15,0,0
BRDA:169,15,1,0
BRDA:180,16,0,0
BRDA:180,16,1,0
BRDA:193,17,0,0
BRDA:193,17,1,0
BRDA:204,18,0,0
BRDA:204,18,1,0
BRDA:221,19,0,0
BRDA:221,19,1,0
BRDA:238,20,0,0
BRDA:238,20,1,0
BRDA:238,21,0,0
BRDA:238,21,1,0
BRDA:241,22,0,0
BRDA:241,22,1,0
BRDA:252,23,0,0
BRDA:252,23,1,0
BRDA:252,23,2,0
BRDA:256,24,0,0
BRDA:256,24,1,0
BRDA:277,25,0,0
BRDA:277,25,1,0
BRDA:283,26,0,0
BRDA:283,26,1,0
BRDA:296,27,0,0
BRDA:296,27,1,0
BRDA:311,28,0,0
BRDA:311,28,1,0
BRDA:358,29,0,0
BRDA:358,29,1,0
BRDA:360,30,0,0
BRDA:360,30,1,0
BRDA:363,31,0,0
BRDA:363,31,1,0
BRDA:364,32,0,0
BRDA:364,32,1,0
BRDA:368,33,0,0
BRDA:368,33,1,0
BRDA:369,34,0,0
BRDA:369,34,1,0
BRDA:377,35,0,0
BRDA:377,35,1,0
BRDA:379,36,0,0
BRDA:379,36,1,0
BRDA:381,37,0,0
BRDA:381,37,1,0
BRDA:382,38,0,0
BRDA:382,38,1,0
BRDA:405,39,0,0
BRDA:405,39,1,0
BRDA:426,40,0,0
BRDA:426,40,1,0
BRDA:438,41,0,0
BRDA:438,41,1,0
BRDA:451,42,0,0
BRDA:451,42,1,0
BRDA:458,43,0,0
BRDA:458,43,1,0
BRDA:458,43,2,0
BRDA:464,44,0,0
BRDA:464,44,1,0
BRDA:466,45,0,0
BRDA:466,45,1,0
BRDA:477,46,0,0
BRDA:477,46,1,0
BRF:96
BRH:0
end_of_record
TN:
SF:app\roster.js
FN:55,RosterScreen
FN:74,(anonymous_1)
FN:76,(anonymous_2)
FN:80,(anonymous_3)
FN:99,(anonymous_4)
FN:131,(anonymous_5)
FN:170,(anonymous_6)
FN:172,(anonymous_7)
FN:200,(anonymous_8)
FN:204,(anonymous_9)
FN:217,(anonymous_10)
FN:227,(anonymous_11)
FN:231,(anonymous_12)
FN:237,(anonymous_13)
FN:238,(anonymous_14)
FN:239,(anonymous_15)
FN:279,(anonymous_16)
FN:286,(anonymous_17)
FN:293,(anonymous_18)
FN:299,(anonymous_19)
FN:308,(anonymous_20)
FN:314,(anonymous_21)
FN:318,(anonymous_22)
FN:323,(anonymous_23)
FN:334,(anonymous_24)
FN:335,(anonymous_25)
FN:349,(anonymous_26)
FN:366,(anonymous_27)
FN:400,(anonymous_28)
FN:411,(anonymous_29)
FN:463,loadData
FN:469,(anonymous_31)
FN:470,(anonymous_32)
FN:497,(anonymous_33)
FN:498,(anonymous_34)
FN:532,loadRosterForFortnight
FN:563,(anonymous_36)
FN:570,(anonymous_37)
FN:571,(anonymous_38)
FN:581,(anonymous_39)
FN:642,(anonymous_40)
FN:647,(anonymous_41)
FN:666,(anonymous_42)
FN:691,(anonymous_43)
FN:712,(anonymous_44)
FN:755,(anonymous_45)
FN:757,(anonymous_46)
FN:760,(anonymous_47)
FN:768,loadOtherAreaAssignments
FN:778,(anonymous_49)
FN:789,(anonymous_50)
FN:799,(anonymous_51)
FN:810,checkForConflictingAssignment
FN:827,(anonymous_53)
FN:847,addAssignment
FN:873,(anonymous_55)
FN:885,(anonymous_56)
FN:942,(anonymous_57)
FN:948,(anonymous_58)
FN:957,(anonymous_59)
FN:967,handleShiftSelect
FN:974,updateAssignment
FN:977,(anonymous_62)
FN:979,(anonymous_63)
FN:983,(anonymous_64)
FN:992,(anonymous_65)
FN:1003,(anonymous_66)
FN:1020,(anonymous_67)
FN:1022,(anonymous_68)
FN:1026,(anonymous_69)
FN:1036,(anonymous_70)
FN:1043,getName
FN:1044,(anonymous_72)
FN:1048,(anonymous_73)
FN:1055,(anonymous_74)
FN:1060,handleConfirmRosterClick
FN:1064,handleDiscardChanges
FN:1078,handleCancelAreaSwitch
FN:1084,onConfirmRoster
FN:1143,(anonymous_79)
FN:1149,(anonymous_80)
FN:1155,(anonymous_81)
FN:1156,(anonymous_82)
FN:1157,(anonymous_83)
FN:1159,(anonymous_84)
FN:1160,(anonymous_85)
FN:1162,(anonymous_86)
FN:1163,(anonymous_87)
FN:1168,(anonymous_88)
FN:1207,handleAutoPopulate
FN:1211,(anonymous_90)
FN:1212,(anonymous_91)
FN:1248,handleManageRosters
FN:1252,(anonymous_93)
FN:1261,handleLoadRoster
FN:1279,(anonymous_95)
FN:1298,(anonymous_96)
FN:1311,handleDeleteRoster
FN:1314,(anonymous_98)
FN:1334,(anonymous_99)
FN:1339,(anonymous_100)
FN:1342,(anonymous_101)
FN:1376,(anonymous_102)
FN:1416,(anonymous_103)
FN:1422,(anonymous_104)
FN:1427,(anonymous_105)
FN:1441,(anonymous_106)
FN:1448,(anonymous_107)
FN:1475,confirmAutoPopulate
FN:1499,(anonymous_109)
FN:1519,(anonymous_110)
FN:1599,handleExport
FN:1601,(anonymous_112)
FN:1608,(anonymous_113)
FN:1661,(anonymous_114)
FN:1740,(anonymous_115)
FN:1760,(anonymous_116)
FN:1787,(anonymous_117)
FN:1788,(anonymous_118)
FN:1796,(anonymous_119)
FN:1797,(anonymous_120)
FN:1851,(anonymous_121)
FN:1875,(anonymous_122)
FN:1881,(anonymous_123)
FN:1901,(anonymous_124)
FN:1902,(anonymous_125)
FN:1910,(anonymous_126)
FN:1911,(anonymous_127)
FN:1945,(anonymous_128)
FN:2003,(anonymous_129)
FN:2012,(anonymous_130)
FN:2041,(anonymous_131)
FN:2044,(anonymous_132)
FN:2076,(anonymous_133)
FN:2082,(anonymous_134)
FN:2128,(anonymous_135)
FN:2151,(anonymous_136)
FN:2154,(anonymous_137)
FN:2154,(anonymous_138)
FN:2171,(anonymous_139)
FN:2196,(anonymous_140)
FN:2230,(anonymous_141)
FN:2237,(anonymous_142)
FN:2242,(anonymous_143)
FN:2251,(anonymous_144)
FN:2252,(anonymous_145)
FN:2255,(anonymous_146)
FN:2255,(anonymous_147)
FN:2271,(anonymous_148)
FN:2278,(anonymous_149)
FN:2283,(anonymous_150)
FN:2307,(anonymous_151)
FN:2319,(anonymous_152)
FN:2326,(anonymous_153)
FN:2330,(anonymous_154)
FN:2339,(anonymous_155)
FN:2343,(anonymous_156)
FN:2347,(anonymous_157)
FN:2361,(anonymous_158)
FN:2362,(anonymous_159)
FN:2398,(anonymous_160)
FN:2522,(anonymous_161)
FN:2539,(anonymous_162)
FN:2543,(anonymous_163)
FN:2547,(anonymous_164)
FN:2564,(anonymous_165)
FN:2589,(anonymous_166)
FN:2593,(anonymous_167)
FN:2597,(anonymous_168)
FN:2611,(anonymous_169)
FN:2617,(anonymous_170)
FN:2623,(anonymous_171)
FN:2631,(anonymous_172)
FN:2647,(anonymous_173)
FN:2651,(anonymous_174)
FN:2655,(anonymous_175)
FN:2666,(anonymous_176)
FN:2685,(anonymous_177)
FN:2689,(anonymous_178)
FN:2693,(anonymous_179)
FN:2704,(anonymous_180)
FN:2731,(anonymous_181)
FN:2754,(anonymous_182)
FN:2786,(anonymous_183)
FN:2792,(anonymous_184)
FN:2798,(anonymous_185)
FN:2817,(anonymous_186)
FN:2820,(anonymous_187)
FN:2826,(anonymous_188)
FN:2832,(anonymous_189)
FN:2833,(anonymous_190)
FN:2834,(anonymous_191)
FN:2836,(anonymous_192)
FN:2837,(anonymous_193)
FN:2839,(anonymous_194)
FN:2840,(anonymous_195)
FN:2864,(anonymous_196)
FN:2865,(anonymous_197)
FN:2873,(anonymous_198)
FN:2882,(anonymous_199)
FN:2890,(anonymous_200)
FN:2890,(anonymous_201)
FN:2909,(anonymous_202)
FN:2910,(anonymous_203)
FN:2913,(anonymous_204)
FN:2929,(anonymous_205)
FN:2937,(anonymous_206)
FN:2971,(anonymous_207)
FN:2975,(anonymous_208)
FN:2979,(anonymous_209)
FN:2994,(anonymous_210)
FN:3008,(anonymous_211)
FN:3020,(anonymous_212)
FN:3037,(anonymous_213)
FN:3060,(anonymous_214)
FN:3076,(anonymous_215)
FN:3077,(anonymous_216)
FN:3807,getInitials
FN:3821,DraggableSurveyor
FN:3827,(anonymous_219)
FN:3832,(anonymous_220)
FN:3839,(anonymous_221)
FN:3854,(anonymous_222)
FN:3867,(anonymous_223)
FN:3884,(anonymous_224)
FN:3885,(anonymous_225)
FN:4092,WeekGrid
FN:4099,(anonymous_227)
FN:4105,(anonymous_228)
FN:4113,(anonymous_229)
FN:4117,(anonymous_230)
FN:4131,(anonymous_231)
FN:4135,(anonymous_232)
FN:4158,(anonymous_233)
FN:4184,(anonymous_234)
FN:4189,(anonymous_235)
FN:4193,(anonymous_236)
FN:4227,(anonymous_237)
FN:4232,(anonymous_238)
FN:4236,(anonymous_239)
FN:4271,(anonymous_240)
FN:4275,(anonymous_241)
FN:4279,(anonymous_242)
FN:4286,(anonymous_243)
FN:4293,(anonymous_244)
FN:4306,(anonymous_245)
FN:4330,(anonymous_246)
FN:4331,(anonymous_247)
FN:4332,(anonymous_248)
FN:4339,(anonymous_249)
FN:4382,(anonymous_250)
FN:4408,(anonymous_251)
FN:4412,(anonymous_252)
FN:4416,(anonymous_253)
FN:4423,(anonymous_254)
FN:4436,(anonymous_255)
FN:4437,(anonymous_256)
FN:4440,(anonymous_257)
FN:4441,(anonymous_258)
FN:4457,(anonymous_259)
FN:4561,(anonymous_260)
FN:4569,(anonymous_261)
FN:4581,(anonymous_262)
FN:4591,(anonymous_263)
FN:4622,(anonymous_264)
FN:4655,(anonymous_265)
FN:4688,(anonymous_266)
FN:4716,MonthGrid
FN:4723,(anonymous_268)
FN:4749,(anonymous_269)
FN:4761,(anonymous_270)
FN:4765,(anonymous_271)
FN:4779,(anonymous_272)
FN:4783,(anonymous_273)
FN:4791,(anonymous_274)
FN:4801,(anonymous_275)
FN:4803,(anonymous_276)
FN:4821,(anonymous_277)
FN:4826,(anonymous_278)
FN:4862,(anonymous_279)
FN:4866,(anonymous_280)
FN:4870,(anonymous_281)
FN:4877,(anonymous_282)
FN:4884,(anonymous_283)
FN:4897,(anonymous_284)
FN:4921,(anonymous_285)
FN:4922,(anonymous_286)
FN:4923,(anonymous_287)
FN:4930,(anonymous_288)
FN:4973,(anonymous_289)
FN:4992,(anonymous_290)
FN:5015,(anonymous_291)
FN:5019,(anonymous_292)
FN:5025,(anonymous_293)
FN:5032,(anonymous_294)
FN:5039,(anonymous_295)
FN:5057,(anonymous_296)
FN:5058,(anonymous_297)
FN:5061,(anonymous_298)
FN:5062,(anonymous_299)
FN:5078,(anonymous_300)
FN:5175,(anonymous_301)
FN:5177,(anonymous_302)
FN:5206,DayCell
FN:5221,(anonymous_304)
FN:5222,(anonymous_305)
FN:5226,(anonymous_306)
FN:5228,(anonymous_307)
FN:5235,(anonymous_308)
FN:5277,(anonymous_309)
FN:5291,(anonymous_310)
FN:5307,(anonymous_311)
FN:5360,(anonymous_312)
FN:5370,(anonymous_313)
FN:5404,(anonymous_314)
FN:5406,(anonymous_315)
FN:5426,(anonymous_316)
FN:5428,(anonymous_317)
FN:5438,(anonymous_318)
FN:5505,(anonymous_319)
FN:5507,(anonymous_320)
FN:5522,(anonymous_321)
FN:5530,(anonymous_322)
FN:5587,(anonymous_323)
FN:5606,(anonymous_324)
FN:5608,(anonymous_325)
FN:5628,(anonymous_326)
FN:5630,(anonymous_327)
FN:5638,(anonymous_328)
FN:5701,(anonymous_329)
FN:5706,(anonymous_330)
FN:5725,Chip
FN:5738,OfficeTab
FN:5760,EditModal
FN:5763,(anonymous_334)
FN:5778,(anonymous_335)
FN:5786,(anonymous_336)
FN:5788,(anonymous_337)
FN:5790,(anonymous_338)
FN:5805,(anonymous_339)
FNF:340
FNH:0
FNDA:0,RosterScreen
FNDA:0,(anonymous_1)
FNDA:0,(anonymous_2)
FNDA:0,(anonymous_3)
FNDA:0,(anonymous_4)
FNDA:0,(anonymous_5)
FNDA:0,(anonymous_6)
FNDA:0,(anonymous_7)
FNDA:0,(anonymous_8)
FNDA:0,(anonymous_9)
FNDA:0,(anonymous_10)
FNDA:0,(anonymous_11)
FNDA:0,(anonymous_12)
FNDA:0,(anonymous_13)
FNDA:0,(anonymous_14)
FNDA:0,(anonymous_15)
FNDA:0,(anonymous_16)
FNDA:0,(anonymous_17)
FNDA:0,(anonymous_18)
FNDA:0,(anonymous_19)
FNDA:0,(anonymous_20)
FNDA:0,(anonymous_21)
FNDA:0,(anonymous_22)
FNDA:0,(anonymous_23)
FNDA:0,(anonymous_24)
FNDA:0,(anonymous_25)
FNDA:0,(anonymous_26)
FNDA:0,(anonymous_27)
FNDA:0,(anonymous_28)
FNDA:0,(anonymous_29)
FNDA:0,loadData
FNDA:0,(anonymous_31)
FNDA:0,(anonymous_32)
FNDA:0,(anonymous_33)
FNDA:0,(anonymous_34)
FNDA:0,loadRosterForFortnight
FNDA:0,(anonymous_36)
FNDA:0,(anonymous_37)
FNDA:0,(anonymous_38)
FNDA:0,(anonymous_39)
FNDA:0,(anonymous_40)
FNDA:0,(anonymous_41)
FNDA:0,(anonymous_42)
FNDA:0,(anonymous_43)
FNDA:0,(anonymous_44)
FNDA:0,(anonymous_45)
FNDA:0,(anonymous_46)
FNDA:0,(anonymous_47)
FNDA:0,loadOtherAreaAssignments
FNDA:0,(anonymous_49)
FNDA:0,(anonymous_50)
FNDA:0,(anonymous_51)
FNDA:0,checkForConflictingAssignment
FNDA:0,(anonymous_53)
FNDA:0,addAssignment
FNDA:0,(anonymous_55)
FNDA:0,(anonymous_56)
FNDA:0,(anonymous_57)
FNDA:0,(anonymous_58)
FNDA:0,(anonymous_59)
FNDA:0,handleShiftSelect
FNDA:0,updateAssignment
FNDA:0,(anonymous_62)
FNDA:0,(anonymous_63)
FNDA:0,(anonymous_64)
FNDA:0,(anonymous_65)
FNDA:0,(anonymous_66)
FNDA:0,(anonymous_67)
FNDA:0,(anonymous_68)
FNDA:0,(anonymous_69)
FNDA:0,(anonymous_70)
FNDA:0,getName
FNDA:0,(anonymous_72)
FNDA:0,(anonymous_73)
FNDA:0,(anonymous_74)
FNDA:0,handleConfirmRosterClick
FNDA:0,handleDiscardChanges
FNDA:0,handleCancelAreaSwitch
FNDA:0,onConfirmRoster
FNDA:0,(anonymous_79)
FNDA:0,(anonymous_80)
FNDA:0,(anonymous_81)
FNDA:0,(anonymous_82)
FNDA:0,(anonymous_83)
FNDA:0,(anonymous_84)
FNDA:0,(anonymous_85)
FNDA:0,(anonymous_86)
FNDA:0,(anonymous_87)
FNDA:0,(anonymous_88)
FNDA:0,handleAutoPopulate
FNDA:0,(anonymous_90)
FNDA:0,(anonymous_91)
FNDA:0,handleManageRosters
FNDA:0,(anonymous_93)
FNDA:0,handleLoadRoster
FNDA:0,(anonymous_95)
FNDA:0,(anonymous_96)
FNDA:0,handleDeleteRoster
FNDA:0,(anonymous_98)
FNDA:0,(anonymous_99)
FNDA:0,(anonymous_100)
FNDA:0,(anonymous_101)
FNDA:0,(anonymous_102)
FNDA:0,(anonymous_103)
FNDA:0,(anonymous_104)
FNDA:0,(anonymous_105)
FNDA:0,(anonymous_106)
FNDA:0,(anonymous_107)
FNDA:0,confirmAutoPopulate
FNDA:0,(anonymous_109)
FNDA:0,(anonymous_110)
FNDA:0,handleExport
FNDA:0,(anonymous_112)
FNDA:0,(anonymous_113)
FNDA:0,(anonymous_114)
FNDA:0,(anonymous_115)
FNDA:0,(anonymous_116)
FNDA:0,(anonymous_117)
FNDA:0,(anonymous_118)
FNDA:0,(anonymous_119)
FNDA:0,(anonymous_120)
FNDA:0,(anonymous_121)
FNDA:0,(anonymous_122)
FNDA:0,(anonymous_123)
FNDA:0,(anonymous_124)
FNDA:0,(anonymous_125)
FNDA:0,(anonymous_126)
FNDA:0,(anonymous_127)
FNDA:0,(anonymous_128)
FNDA:0,(anonymous_129)
FNDA:0,(anonymous_130)
FNDA:0,(anonymous_131)
FNDA:0,(anonymous_132)
FNDA:0,(anonymous_133)
FNDA:0,(anonymous_134)
FNDA:0,(anonymous_135)
FNDA:0,(anonymous_136)
FNDA:0,(anonymous_137)
FNDA:0,(anonymous_138)
FNDA:0,(anonymous_139)
FNDA:0,(anonymous_140)
FNDA:0,(anonymous_141)
FNDA:0,(anonymous_142)
FNDA:0,(anonymous_143)
FNDA:0,(anonymous_144)
FNDA:0,(anonymous_145)
FNDA:0,(anonymous_146)
FNDA:0,(anonymous_147)
FNDA:0,(anonymous_148)
FNDA:0,(anonymous_149)
FNDA:0,(anonymous_150)
FNDA:0,(anonymous_151)
FNDA:0,(anonymous_152)
FNDA:0,(anonymous_153)
FNDA:0,(anonymous_154)
FNDA:0,(anonymous_155)
FNDA:0,(anonymous_156)
FNDA:0,(anonymous_157)
FNDA:0,(anonymous_158)
FNDA:0,(anonymous_159)
FNDA:0,(anonymous_160)
FNDA:0,(anonymous_161)
FNDA:0,(anonymous_162)
FNDA:0,(anonymous_163)
FNDA:0,(anonymous_164)
FNDA:0,(anonymous_165)
FNDA:0,(anonymous_166)
FNDA:0,(anonymous_167)
FNDA:0,(anonymous_168)
FNDA:0,(anonymous_169)
FNDA:0,(anonymous_170)
FNDA:0,(anonymous_171)
FNDA:0,(anonymous_172)
FNDA:0,(anonymous_173)
FNDA:0,(anonymous_174)
FNDA:0,(anonymous_175)
FNDA:0,(anonymous_176)
FNDA:0,(anonymous_177)
FNDA:0,(anonymous_178)
FNDA:0,(anonymous_179)
FNDA:0,(anonymous_180)
FNDA:0,(anonymous_181)
FNDA:0,(anonymous_182)
FNDA:0,(anonymous_183)
FNDA:0,(anonymous_184)
FNDA:0,(anonymous_185)
FNDA:0,(anonymous_186)
FNDA:0,(anonymous_187)
FNDA:0,(anonymous_188)
FNDA:0,(anonymous_189)
FNDA:0,(anonymous_190)
FNDA:0,(anonymous_191)
FNDA:0,(anonymous_192)
FNDA:0,(anonymous_193)
FNDA:0,(anonymous_194)
FNDA:0,(anonymous_195)
FNDA:0,(anonymous_196)
FNDA:0,(anonymous_197)
FNDA:0,(anonymous_198)
FNDA:0,(anonymous_199)
FNDA:0,(anonymous_200)
FNDA:0,(anonymous_201)
FNDA:0,(anonymous_202)
FNDA:0,(anonymous_203)
FNDA:0,(anonymous_204)
FNDA:0,(anonymous_205)
FNDA:0,(anonymous_206)
FNDA:0,(anonymous_207)
FNDA:0,(anonymous_208)
FNDA:0,(anonymous_209)
FNDA:0,(anonymous_210)
FNDA:0,(anonymous_211)
FNDA:0,(anonymous_212)
FNDA:0,(anonymous_213)
FNDA:0,(anonymous_214)
FNDA:0,(anonymous_215)
FNDA:0,(anonymous_216)
FNDA:0,getInitials
FNDA:0,DraggableSurveyor
FNDA:0,(anonymous_219)
FNDA:0,(anonymous_220)
FNDA:0,(anonymous_221)
FNDA:0,(anonymous_222)
FNDA:0,(anonymous_223)
FNDA:0,(anonymous_224)
FNDA:0,(anonymous_225)
FNDA:0,WeekGrid
FNDA:0,(anonymous_227)
FNDA:0,(anonymous_228)
FNDA:0,(anonymous_229)
FNDA:0,(anonymous_230)
FNDA:0,(anonymous_231)
FNDA:0,(anonymous_232)
FNDA:0,(anonymous_233)
FNDA:0,(anonymous_234)
FNDA:0,(anonymous_235)
FNDA:0,(anonymous_236)
FNDA:0,(anonymous_237)
FNDA:0,(anonymous_238)
FNDA:0,(anonymous_239)
FNDA:0,(anonymous_240)
FNDA:0,(anonymous_241)
FNDA:0,(anonymous_242)
FNDA:0,(anonymous_243)
FNDA:0,(anonymous_244)
FNDA:0,(anonymous_245)
FNDA:0,(anonymous_246)
FNDA:0,(anonymous_247)
FNDA:0,(anonymous_248)
FNDA:0,(anonymous_249)
FNDA:0,(anonymous_250)
FNDA:0,(anonymous_251)
FNDA:0,(anonymous_252)
FNDA:0,(anonymous_253)
FNDA:0,(anonymous_254)
FNDA:0,(anonymous_255)
FNDA:0,(anonymous_256)
FNDA:0,(anonymous_257)
FNDA:0,(anonymous_258)
FNDA:0,(anonymous_259)
FNDA:0,(anonymous_260)
FNDA:0,(anonymous_261)
FNDA:0,(anonymous_262)
FNDA:0,(anonymous_263)
FNDA:0,(anonymous_264)
FNDA:0,(anonymous_265)
FNDA:0,(anonymous_266)
FNDA:0,MonthGrid
FNDA:0,(anonymous_268)
FNDA:0,(anonymous_269)
FNDA:0,(anonymous_270)
FNDA:0,(anonymous_271)
FNDA:0,(anonymous_272)
FNDA:0,(anonymous_273)
FNDA:0,(anonymous_274)
FNDA:0,(anonymous_275)
FNDA:0,(anonymous_276)
FNDA:0,(anonymous_277)
FNDA:0,(anonymous_278)
FNDA:0,(anonymous_279)
FNDA:0,(anonymous_280)
FNDA:0,(anonymous_281)
FNDA:0,(anonymous_282)
FNDA:0,(anonymous_283)
FNDA:0,(anonymous_284)
FNDA:0,(anonymous_285)
FNDA:0,(anonymous_286)
FNDA:0,(anonymous_287)
FNDA:0,(anonymous_288)
FNDA:0,(anonymous_289)
FNDA:0,(anonymous_290)
FNDA:0,(anonymous_291)
FNDA:0,(anonymous_292)
FNDA:0,(anonymous_293)
FNDA:0,(anonymous_294)
FNDA:0,(anonymous_295)
FNDA:0,(anonymous_296)
FNDA:0,(anonymous_297)
FNDA:0,(anonymous_298)
FNDA:0,(anonymous_299)
FNDA:0,(anonymous_300)
FNDA:0,(anonymous_301)
FNDA:0,(anonymous_302)
FNDA:0,DayCell
FNDA:0,(anonymous_304)
FNDA:0,(anonymous_305)
FNDA:0,(anonymous_306)
FNDA:0,(anonymous_307)
FNDA:0,(anonymous_308)
FNDA:0,(anonymous_309)
FNDA:0,(anonymous_310)
FNDA:0,(anonymous_311)
FNDA:0,(anonymous_312)
FNDA:0,(anonymous_313)
FNDA:0,(anonymous_314)
FNDA:0,(anonymous_315)
FNDA:0,(anonymous_316)
FNDA:0,(anonymous_317)
FNDA:0,(anonymous_318)
FNDA:0,(anonymous_319)
FNDA:0,(anonymous_320)
FNDA:0,(anonymous_321)
FNDA:0,(anonymous_322)
FNDA:0,(anonymous_323)
FNDA:0,(anonymous_324)
FNDA:0,(anonymous_325)
FNDA:0,(anonymous_326)
FNDA:0,(anonymous_327)
FNDA:0,(anonymous_328)
FNDA:0,(anonymous_329)
FNDA:0,(anonymous_330)
FNDA:0,Chip
FNDA:0,OfficeTab
FNDA:0,EditModal
FNDA:0,(anonymous_334)
FNDA:0,(anonymous_335)
FNDA:0,(anonymous_336)
FNDA:0,(anonymous_337)
FNDA:0,(anonymous_338)
FNDA:0,(anonymous_339)
DA:57,0
DA:61,0
DA:62,0
DA:63,0
DA:64,0
DA:65,0
DA:67,0
DA:68,0
DA:69,0
DA:70,0
DA:74,0
DA:75,0
DA:76,0
DA:77,0
DA:78,0
DA:80,0
DA:82,0
DA:86,0
DA:90,0
DA:91,0
DA:100,0
DA:120,0
DA:121,0
DA:132,0
DA:149,0
DA:150,0
DA:151,0
DA:152,0
DA:153,0
DA:154,0
DA:155,0
DA:156,0
DA:157,0
DA:158,0
DA:161,0
DA:162,0
DA:163,0
DA:164,0
DA:165,0
DA:166,0
DA:167,0
DA:170,0
DA:171,0
DA:172,0
DA:173,0
DA:175,0
DA:176,0
DA:177,0
DA:178,0
DA:179,0
DA:180,0
DA:181,0
DA:182,0
DA:183,0
DA:184,0
DA:185,0
DA:186,0
DA:187,0
DA:188,0
DA:189,0
DA:190,0
DA:191,0
DA:192,0
DA:193,0
DA:194,0
DA:195,0
DA:196,0
DA:197,0
DA:198,0
DA:200,0
DA:201,0
DA:204,0
DA:205,0
DA:206,0
DA:207,0
DA:208,0
DA:216,0
DA:218,0
DA:219,0
DA:221,0
DA:228,0
DA:231,0
DA:232,0
DA:237,0
DA:238,0
DA:239,0
DA:240,0
DA:242,0
DA:243,0
DA:245,0
DA:246,0
DA:247,0
DA:248,0
DA:249,0
DA:250,0
DA:251,0
DA:254,0
DA:255,0
DA:256,0
DA:257,0
DA:260,0
DA:261,0
DA:262,0
DA:263,0
DA:265,0
DA:266,0
DA:275,0
DA:276,0
DA:277,0
DA:279,0
DA:280,0
DA:281,0
DA:286,0
DA:292,0
DA:293,0
DA:294,0
DA:295,0
DA:299,0
DA:300,0
DA:301,0
DA:302,0
DA:308,0
DA:311,0
DA:312,0
DA:313,0
DA:315,0
DA:316,0
DA:319,0
DA:323,0
DA:324,0
DA:325,0
DA:326,0
DA:334,0
DA:335,0
DA:336,0
DA:339,0
DA:342,0
DA:343,0
DA:345,0
DA:346,0
DA:349,0
DA:350,0
DA:352,0
DA:353,0
DA:354,0
DA:356,0
DA:357,0
DA:360,0
DA:361,0
DA:366,0
DA:368,0
DA:369,0
DA:371,0
DA:373,0
DA:374,0
DA:375,0
DA:376,0
DA:379,0
DA:385,0
DA:397,0
DA:399,0
DA:401,0
DA:404,0
DA:405,0
DA:407,0
DA:408,0
DA:411,0
DA:412,0
DA:414,0
DA:415,0
DA:416,0
DA:418,0
DA:419,0
DA:422,0
DA:427,0
DA:428,0
DA:430,0
DA:431,0
DA:432,0
DA:433,0
DA:436,0
DA:440,0
DA:451,0
DA:453,0
DA:457,0
DA:459,0
DA:464,0
DA:465,0
DA:466,0
DA:469,0
DA:470,0
DA:473,0
DA:475,0
DA:476,0
DA:481,0
DA:482,0
DA:485,0
DA:486,0
DA:487,0
DA:489,0
DA:490,0
DA:491,0
DA:492,0
DA:493,0
DA:497,0
DA:498,0
DA:501,0
DA:502,0
DA:503,0
DA:507,0
DA:509,0
DA:510,0
DA:515,0
DA:517,0
DA:518,0
DA:523,0
DA:524,0
DA:525,0
DA:527,0
DA:528,0
DA:534,0
DA:535,0
DA:536,0
DA:540,0
DA:541,0
DA:545,0
DA:546,0
DA:548,0
DA:549,0
DA:550,0
DA:553,0
DA:554,0
DA:556,0
DA:557,0
DA:558,0
DA:559,0
DA:562,0
DA:563,0
DA:564,0
DA:568,0
DA:570,0
DA:571,0
DA:572,0
DA:573,0
DA:580,0
DA:581,0
DA:585,0
DA:586,0
DA:591,0
DA:594,0
DA:595,0
DA:599,0
DA:600,0
DA:601,0
DA:605,0
DA:606,0
DA:607,0
DA:608,0
DA:609,0
DA:610,0
DA:613,0
DA:614,0
DA:615,0
DA:617,0
DA:618,0
DA:619,0
DA:623,0
DA:624,0
DA:625,0
DA:626,0
DA:630,0
DA:632,0
DA:634,0
DA:635,0
DA:636,0
DA:637,0
DA:642,0
DA:643,0
DA:644,0
DA:647,0
DA:650,0
DA:652,0
DA:653,0
DA:654,0
DA:656,0
DA:664,0
DA:665,0
DA:666,0
DA:667,0
DA:668,0
DA:669,0
DA:673,0
DA:674,0
DA:675,0
DA:676,0
DA:678,0
DA:680,0
DA:682,0
DA:684,0
DA:686,0
DA:687,0
DA:688,0
DA:691,0
DA:692,0
DA:694,0
DA:695,0
DA:696,0
DA:697,0
DA:698,0
DA:701,0
DA:702,0
DA:706,0
DA:707,0
DA:709,0
DA:712,0
DA:713,0
DA:714,0
DA:715,0
DA:717,0
DA:719,0
DA:721,0
DA:723,0
DA:725,0
DA:727,0
DA:729,0
DA:733,0
DA:734,0
DA:735,0
DA:738,0
DA:739,0
DA:742,0
DA:744,0
DA:748,0
DA:749,0
DA:750,0
DA:755,0
DA:756,0
DA:757,0
DA:760,0
DA:761,0
DA:762,0
DA:763,0
DA:769,0
DA:770,0
DA:771,0
DA:772,0
DA:773,0
DA:775,0
DA:776,0
DA:777,0
DA:778,0
DA:779,0
DA:780,0
DA:789,0
DA:795,0
DA:797,0
DA:798,0
DA:799,0
DA:804,0
DA:806,0
DA:813,0
DA:814,0
DA:817,0
DA:818,0
DA:820,0
DA:822,0
DA:823,0
DA:825,0
DA:826,0
DA:827,0
DA:828,0
DA:831,0
DA:832,0
DA:840,0
DA:844,0
DA:849,0
DA:850,0
DA:853,0
DA:854,0
DA:855,0
DA:857,0
DA:858,0
DA:859,0
DA:865,0
DA:866,0
DA:867,0
DA:870,0
DA:871,0
DA:872,0
DA:873,0
DA:874,0
DA:875,0
DA:880,0
DA:885,0
DA:888,0
DA:889,0
DA:890,0
DA:891,0
DA:895,0
DA:898,0
DA:900,0
DA:901,0
DA:904,0
DA:905,0
DA:906,0
DA:910,0
DA:913,0
DA:914,0
DA:916,0
DA:919,0
DA:922,0
DA:923,0
DA:924,0
DA:925,0
DA:929,0
DA:930,0
DA:931,0
DA:934,0
DA:942,0
DA:943,0
DA:944,0
DA:945,0
DA:948,0
DA:949,0
DA:957,0
DA:960,0
DA:968,0
DA:969,0
DA:970,0
DA:971,0
DA:976,0
DA:977,0
DA:978,0
DA:979,0
DA:980,0
DA:983,0
DA:984,0
DA:992,0
DA:995,0
DA:997,0
DA:1002,0
DA:1003,0
DA:1004,0
DA:1006,0
DA:1007,0
DA:1008,0
DA:1009,0
DA:1011,0
DA:1014,0
DA:1015,0
DA:1016,0
DA:1020,0
DA:1021,0
DA:1022,0
DA:1023,0
DA:1024,0
DA:1026,0
DA:1027,0
DA:1028,0
DA:1036,0
DA:1039,0
DA:1044,0
DA:1048,0
DA:1049,0
DA:1050,0
DA:1051,0
DA:1055,0
DA:1056,0
DA:1057,0
DA:1061,0
DA:1066,0
DA:1067,0
DA:1068,0
DA:1069,0
DA:1070,0
DA:1071,0
DA:1072,0
DA:1074,0
DA:1075,0
DA:1080,0
DA:1081,0
DA:1086,0
DA:1088,0
DA:1091,0
DA:1093,0
DA:1094,0
DA:1105,0
DA:1107,0
DA:1108,0
DA:1109,0
DA:1111,0
DA:1114,0
DA:1115,0
DA:1119,0
DA:1122,0
DA:1123,0
DA:1126,0
DA:1127,0
DA:1128,0
DA:1129,0
DA:1130,0
DA:1131,0
DA:1132,0
DA:1133,0
DA:1137,0
DA:1138,0
DA:1139,0
DA:1142,0
DA:1143,0
DA:1144,0
DA:1148,0
DA:1149,0
DA:1150,0
DA:1151,0
DA:1155,0
DA:1156,0
DA:1157,0
DA:1159,0
DA:1160,0
DA:1162,0
DA:1163,0
DA:1166,0
DA:1168,0
DA:1171,0
DA:1172,0
DA:1174,0
DA:1187,0
DA:1188,0
DA:1193,0
DA:1194,0
DA:1195,0
DA:1201,0
DA:1203,0
DA:1209,0
DA:1210,0
DA:1211,0
DA:1212,0
DA:1214,0
DA:1215,0
DA:1216,0
DA:1219,0
DA:1220,0
DA:1221,0
DA:1222,0
DA:1223,0
DA:1228,0
DA:1230,0
DA:1231,0
DA:1238,0
DA:1241,0
DA:1243,0
DA:1244,0
DA:1249,0
DA:1250,0
DA:1252,0
DA:1253,0
DA:1254,0
DA:1256,0
DA:1257,0
DA:1262,0
DA:1263,0
DA:1264,0
DA:1265,0
DA:1266,0
DA:1268,0
DA:1270,0
DA:1272,0
DA:1273,0
DA:1274,0
DA:1275,0
DA:1276,0
DA:1279,0
DA:1280,0
DA:1282,0
DA:1283,0
DA:1284,0
DA:1285,0
DA:1286,0
DA:1287,0
DA:1289,0
DA:1293,0
DA:1294,0
DA:1297,0
DA:1298,0
DA:1299,0
DA:1300,0
DA:1301,0
DA:1303,0
DA:1306,0
DA:1307,0
DA:1313,0
DA:1314,0
DA:1315,0
DA:1316,0
DA:1317,0
DA:1319,0
DA:1320,0
DA:1323,0
DA:1324,0
DA:1325,0
DA:1328,0
DA:1332,0
DA:1334,0
DA:1335,0
DA:1338,0
DA:1339,0
DA:1340,0
DA:1341,0
DA:1342,0
DA:1345,0
DA:1346,0
DA:1349,0
DA:1350,0
DA:1351,0
DA:1353,0
DA:1357,0
DA:1358,0
DA:1360,0
DA:1363,0
DA:1364,0
DA:1365,0
DA:1366,0
DA:1367,0
DA:1368,0
DA:1369,0
DA:1370,0
DA:1372,0
DA:1376,0
DA:1377,0
DA:1379,0
DA:1380,0
DA:1383,0
DA:1384,0
DA:1385,0
DA:1386,0
DA:1387,0
DA:1388,0
DA:1389,0
DA:1390,0
DA:1391,0
DA:1392,0
DA:1395,0
DA:1399,0
DA:1403,0
DA:1407,0
DA:1411,0
DA:1416,0
DA:1417,0
DA:1419,0
DA:1420,0
DA:1422,0
DA:1423,0
DA:1424,0
DA:1426,0
DA:1427,0
DA:1428,0
DA:1430,0
DA:1436,0
DA:1439,0
DA:1440,0
DA:1441,0
DA:1442,0
DA:1445,0
DA:1447,0
DA:1448,0
DA:1449,0
DA:1453,0
DA:1455,0
DA:1456,0
DA:1460,0
DA:1476,0
DA:1477,0
DA:1479,0
DA:1482,0
DA:1483,0
DA:1485,0
DA:1486,0
DA:1489,0
DA:1490,0
DA:1494,0
DA:1495,0
DA:1497,0
DA:1498,0
DA:1499,0
DA:1500,0
DA:1501,0
DA:1504,0
DA:1505,0
DA:1506,0
DA:1507,0
DA:1510,0
DA:1513,0
DA:1514,0
DA:1515,0
DA:1516,0
DA:1520,0
DA:1523,0
DA:1526,0
DA:1531,0
DA:1532,0
DA:1534,0
DA:1543,0
DA:1545,0
DA:1548,0
DA:1559,0
DA:1560,0
DA:1562,0
DA:1565,0
DA:1568,0
DA:1571,0
DA:1572,0
DA:1573,0
DA:1579,0
DA:1582,0
DA:1589,0
DA:1592,0
DA:1593,0
DA:1595,0
DA:1600,0
DA:1601,0
DA:1602,0
DA:1603,0
DA:1604,0
DA:1608,0
DA:1609,0
DA:1610,0
DA:1611,0
DA:1614,0
DA:1624,0
DA:1625,0
DA:1626,0
DA:1627,0
DA:1629,0
DA:1630,0
DA:1633,0
DA:1637,0
DA:1638,0
DA:1639,0
DA:1641,0
DA:1642,0
DA:1645,0
DA:1646,0
DA:1647,0
DA:1650,0
DA:1652,0
DA:1653,0
DA:1654,0
DA:1655,0
DA:1656,0
DA:1657,0
DA:1658,0
DA:1659,0
DA:1660,0
DA:1661,0
DA:1662,0
DA:1663,0
DA:1665,0
DA:1667,0
DA:1668,0
DA:1672,0
DA:1673,0
DA:1677,0
DA:1678,0
DA:1681,0
DA:1682,0
DA:1686,0
DA:1687,0
DA:1691,0
DA:1692,0
DA:1693,0
DA:1702,0
DA:1741,0
DA:1743,0
DA:1744,0
DA:1745,0
DA:1747,0
DA:1748,0
DA:1749,0
DA:1750,0
DA:1751,0
DA:1761,0
DA:1763,0
DA:1764,0
DA:1765,0
DA:1766,0
DA:1768,0
DA:1769,0
DA:1770,0
DA:1771,0
DA:1772,0
DA:1773,0
DA:1788,0
DA:1797,0
DA:1852,0
DA:1853,0
DA:1875,0
DA:1881,0
DA:1902,0
DA:1911,0
DA:1945,0
DA:2003,0
DA:2013,0
DA:2014,0
DA:2015,0
DA:2016,0
DA:2017,0
DA:2018,0
DA:2019,0
DA:2020,0
DA:2021,0
DA:2023,0
DA:2024,0
DA:2027,0
DA:2043,0
DA:2044,0
DA:2045,0
DA:2046,0
DA:2047,0
DA:2048,0
DA:2049,0
DA:2050,0
DA:2051,0
DA:2052,0
DA:2053,0
DA:2056,0
DA:2057,0
DA:2058,0
DA:2059,0
DA:2062,0
DA:2063,0
DA:2064,0
DA:2065,0
DA:2067,0
DA:2068,0
DA:2075,0
DA:2076,0
DA:2077,0
DA:2078,0
DA:2079,0
DA:2083,0
DA:2084,0
DA:2085,0
DA:2086,0
DA:2087,0
DA:2088,0
DA:2089,0
DA:2090,0
DA:2091,0
DA:2092,0
DA:2095,0
DA:2096,0
DA:2097,0
DA:2098,0
DA:2101,0
DA:2102,0
DA:2103,0
DA:2104,0
DA:2106,0
DA:2107,0
DA:2112,0
DA:2113,0
DA:2114,0
DA:2115,0
DA:2118,0
DA:2119,0
DA:2120,0
DA:2121,0
DA:2123,0
DA:2124,0
DA:2129,0
DA:2130,0
DA:2131,0
DA:2132,0
DA:2133,0
DA:2135,0
DA:2136,0
DA:2137,0
DA:2138,0
DA:2140,0
DA:2141,0
DA:2151,0
DA:2154,0
DA:2156,0
DA:2157,0
DA:2158,0
DA:2159,0
DA:2162,0
DA:2163,0
DA:2165,0
DA:2172,0
DA:2173,0
DA:2175,0
DA:2197,0
DA:2198,0
DA:2199,0
DA:2200,0
DA:2201,0
DA:2202,0
DA:2203,0
DA:2204,0
DA:2205,0
DA:2207,0
DA:2208,0
DA:2211,0
DA:2232,0
DA:2233,0
DA:2235,0
DA:2238,0
DA:2239,0
DA:2243,0
DA:2244,0
DA:2246,0
DA:2252,0
DA:2255,0
DA:2273,0
DA:2274,0
DA:2276,0
DA:2279,0
DA:2280,0
DA:2284,0
DA:2285,0
DA:2287,0
DA:2307,0
DA:2321,0
DA:2322,0
DA:2323,0
DA:2326,0
DA:2329,0
DA:2330,0
DA:2331,0
DA:2334,0
DA:2339,0
DA:2343,0
DA:2347,0
DA:2361,0
DA:2363,0
DA:2364,0
DA:2367,0
DA:2368,0
DA:2369,0
DA:2372,0
DA:2373,0
DA:2375,0
DA:2376,0
DA:2378,0
DA:2383,0
DA:2388,0
DA:2393,0
DA:2395,0
DA:2399,0
DA:2400,0
DA:2402,0
DA:2403,0
DA:2407,0
DA:2409,0
DA:2410,0
DA:2416,0
DA:2419,0
DA:2420,0
DA:2421,0
DA:2424,0
DA:2425,0
DA:2522,0
DA:2539,0
DA:2543,0
DA:2547,0
DA:2564,0
DA:2589,0
DA:2593,0
DA:2597,0
DA:2611,0
DA:2617,0
DA:2623,0
DA:2631,0
DA:2647,0
DA:2651,0
DA:2655,0
DA:2666,0
DA:2685,0
DA:2689,0
DA:2693,0
DA:2704,0
DA:2731,0
DA:2757,0
DA:2758,0
DA:2787,0
DA:2793,0
DA:2798,0
DA:2819,0
DA:2820,0
DA:2821,0
DA:2825,0
DA:2826,0
DA:2827,0
DA:2828,0
DA:2832,0
DA:2833,0
DA:2834,0
DA:2836,0
DA:2837,0
DA:2839,0
DA:2840,0
DA:2843,0
DA:2865,0
DA:2866,0
DA:2873,0
DA:2883,0
DA:2884,0
DA:2890,0
DA:2910,0
DA:2911,0
DA:2913,0
DA:2930,0
DA:2938,0
DA:2939,0
DA:2940,0
DA:2971,0
DA:2975,0
DA:2979,0
DA:2995,0
DA:3008,0
DA:3021,0
DA:3022,0
DA:3038,0
DA:3039,0
DA:3060,0
DA:3076,0
DA:3078,0
DA:3079,0
DA:3088,0
DA:3089,0
DA:3093,0
DA:3096,0
DA:3808,0
DA:3809,0
DA:3810,0
DA:3811,0
DA:3813,0
DA:3817,0
DA:3819,0
DA:3822,0
DA:3823,0
DA:3824,0
DA:3827,0
DA:3828,0
DA:3829,0
DA:3832,0
DA:3833,0
DA:3835,0
DA:3838,0
DA:3839,0
DA:3842,0
DA:3843,0
DA:3844,0
DA:3845,0
DA:3848,0
DA:3849,0
DA:3850,0
DA:3851,0
DA:3854,0
DA:3855,0
DA:3859,0
DA:3860,0
DA:3861,0
DA:3862,0
DA:3864,0
DA:3867,0
DA:3868,0
DA:3869,0
DA:3875,0
DA:3876,0
DA:3884,0
DA:3885,0
DA:3941,0
DA:3943,0
DA:3992,0
DA:3993,0
DA:4045,0
DA:4046,0
DA:4093,0
DA:4094,0
DA:4095,0
DA:4096,0
DA:4099,0
DA:4100,0
DA:4101,0
DA:4105,0
DA:4108,0
DA:4109,0
DA:4110,0
DA:4111,0
DA:4113,0
DA:4114,0
DA:4117,0
DA:4119,0
DA:4120,0
DA:4122,0
DA:4123,0
DA:4125,0
DA:4126,0
DA:4128,0
DA:4131,0
DA:4132,0
DA:4133,0
DA:4134,0
DA:4135,0
DA:4136,0
DA:4139,0
DA:4159,0
DA:4160,0
DA:4185,0
DA:4186,0
DA:4187,0
DA:4188,0
DA:4189,0
DA:4190,0
DA:4193,0
DA:4228,0
DA:4229,0
DA:4230,0
DA:4231,0
DA:4232,0
DA:4233,0
DA:4236,0
DA:4271,0
DA:4275,0
DA:4279,0
DA:4286,0
DA:4294,0
DA:4295,0
DA:4296,0
DA:4306,0
DA:4308,0
DA:4309,0
DA:4312,0
DA:4313,0
DA:4316,0
DA:4317,0
DA:4320,0
DA:4330,0
DA:4332,0
DA:4333,0
DA:4334,0
DA:4335,0
DA:4337,0
DA:4340,0
DA:4341,0
DA:4343,0
DA:4384,0
DA:4385,0
DA:4386,0
DA:4388,0
DA:4408,0
DA:4412,0
DA:4416,0
DA:4423,0
DA:4436,0
DA:4438,0
DA:4439,0
DA:4440,0
DA:4441,0
DA:4444,0
DA:4445,0
DA:4446,0
DA:4449,0
DA:4450,0
DA:4452,0
DA:4454,0
DA:4458,0
DA:4459,0
DA:4460,0
DA:4464,0
DA:4465,0
DA:4471,0
DA:4474,0
DA:4475,0
DA:4476,0
DA:4477,0
DA:4479,0
DA:4480,0
DA:4538,0
DA:4539,0
DA:4540,0
DA:4542,0
DA:4562,0
DA:4563,0
DA:4569,0
DA:4581,0
DA:4591,0
DA:4623,0
DA:4624,0
DA:4656,0
DA:4657,0
DA:4685,0
DA:4689,0
DA:4690,0
DA:4717,0
DA:4719,0
DA:4720,0
DA:4723,0
DA:4724,0
DA:4725,0
DA:4727,0
DA:4732,0
DA:4733,0
DA:4734,0
DA:4738,0
DA:4739,0
DA:4740,0
DA:4743,0
DA:4745,0
DA:4746,0
DA:4749,0
DA:4751,0
DA:4752,0
DA:4756,0
DA:4757,0
DA:4758,0
DA:4761,0
DA:4762,0
DA:4765,0
DA:4767,0
DA:4768,0
DA:4770,0
DA:4771,0
DA:4773,0
DA:4774,0
DA:4776,0
DA:4779,0
DA:4780,0
DA:4781,0
DA:4782,0
DA:4783,0
DA:4784,0
DA:4787,0
DA:4792,0
DA:4802,0
DA:4804,0
DA:4806,0
DA:4817,0
DA:4818,0
DA:4819,0
DA:4820,0
DA:4821,0
DA:4823,0
DA:4826,0
DA:4862,0
DA:4866,0
DA:4870,0
DA:4877,0
DA:4885,0
DA:4886,0
DA:4887,0
DA:4897,0
DA:4899,0
DA:4900,0
DA:4903,0
DA:4904,0
DA:4907,0
DA:4908,0
DA:4911,0
DA:4921,0
DA:4923,0
DA:4924,0
DA:4925,0
DA:4926,0
DA:4928,0
DA:4931,0
DA:4932,0
DA:4934,0
DA:4974,0
DA:4975,0
DA:4978,0
DA:4979,0
DA:4980,0
DA:4984,0
DA:4987,0
DA:4988,0
DA:4992,0
DA:4993,0
DA:4994,0
DA:5016,0
DA:5017,0
DA:5020,0
DA:5026,0
DA:5027,0
DA:5032,0
DA:5040,0
DA:5041,0
DA:5057,0
DA:5059,0
DA:5060,0
DA:5061,0
DA:5062,0
DA:5065,0
DA:5066,0
DA:5067,0
DA:5070,0
DA:5071,0
DA:5073,0
DA:5075,0
DA:5079,0
DA:5080,0
DA:5081,0
DA:5085,0
DA:5086,0
DA:5092,0
DA:5095,0
DA:5096,0
DA:5097,0
DA:5098,0
DA:5099,0
DA:5101,0
DA:5102,0
DA:5103,0
DA:5104,0
DA:5106,0
DA:5107,0
DA:5173,0
DA:5176,0
DA:5178,0
DA:5179,0
DA:5207,0
DA:5208,0
DA:5209,0
DA:5210,0
DA:5211,0
DA:5215,0
DA:5216,0
DA:5217,0
DA:5218,0
DA:5221,0
DA:5222,0
DA:5226,0
DA:5228,0
DA:5229,0
DA:5231,0
DA:5234,0
DA:5235,0
DA:5236,0
DA:5237,0
DA:5240,0
DA:5241,0
DA:5242,0
DA:5246,0
DA:5248,0
DA:5251,0
DA:5252,0
DA:5253,0
DA:5258,0
DA:5259,0
DA:5261,0
DA:5262,0
DA:5264,0
DA:5265,0
DA:5268,0
DA:5269,0
DA:5270,0
DA:5271,0
DA:5277,0
DA:5278,0
DA:5279,0
DA:5283,0
DA:5287,0
DA:5288,0
DA:5291,0
DA:5292,0
DA:5293,0
DA:5295,0
DA:5296,0
DA:5297,0
DA:5298,0
DA:5299,0
DA:5301,0
DA:5302,0
DA:5307,0
DA:5308,0
DA:5309,0
DA:5310,0
DA:5313,0
DA:5314,0
DA:5318,0
DA:5319,0
DA:5322,0
DA:5324,0
DA:5327,0
DA:5328,0
DA:5329,0
DA:5334,0
DA:5335,0
DA:5336,0
DA:5337,0
DA:5338,0
DA:5339,0
DA:5340,0
DA:5346,0
DA:5348,0
DA:5349,0
DA:5351,0
DA:5356,0
DA:5357,0
DA:5358,0
DA:5360,0
DA:5361,0
DA:5362,0
DA:5363,0
DA:5369,0
DA:5370,0
DA:5372,0
DA:5373,0
DA:5377,0
DA:5406,0
DA:5408,0
DA:5409,0
DA:5410,0
DA:5413,0
DA:5414,0
DA:5415,0
DA:5416,0
DA:5417,0
DA:5421,0
DA:5422,0
DA:5423,0
DA:5426,0
DA:5427,0
DA:5429,0
DA:5430,0
DA:5431,0
DA:5434,0
DA:5435,0
DA:5439,0
DA:5440,0
DA:5441,0
DA:5487,0
DA:5489,0
DA:5507,0
DA:5509,0
DA:5510,0
DA:5511,0
DA:5514,0
DA:5515,0
DA:5516,0
DA:5517,0
DA:5518,0
DA:5522,0
DA:5523,0
DA:5524,0
DA:5525,0
DA:5526,0
DA:5527,0
DA:5531,0
DA:5532,0
DA:5575,0
DA:5576,0
DA:5588,0
DA:5589,0
DA:5590,0
DA:5591,0
DA:5592,0
DA:5594,0
DA:5608,0
DA:5610,0
DA:5611,0
DA:5612,0
DA:5615,0
DA:5616,0
DA:5617,0
DA:5618,0
DA:5619,0
DA:5623,0
DA:5624,0
DA:5625,0
DA:5628,0
DA:5629,0
DA:5631,0
DA:5632,0
DA:5633,0
DA:5634,0
DA:5635,0
DA:5639,0
DA:5640,0
DA:5641,0
DA:5685,0
DA:5686,0
DA:5702,0
DA:5703,0
DA:5707,0
DA:5708,0
DA:5726,0
DA:5739,0
DA:5761,0
DA:5763,0
DA:5764,0
DA:5765,0
DA:5768,0
DA:5770,0
DA:5778,0
DA:5786,0
DA:5788,0
DA:5790,0
DA:5806,0
LF:1501
LH:0
BRDA:75,0,0,0
BRDA:75,0,1,0
BRDA:90,1,0,0
BRDA:90,1,1,0
BRDA:90,2,0,0
BRDA:90,2,1,0
BRDA:97,3,0,0
BRDA:97,3,1,0
BRDA:120,4,0,0
BRDA:120,4,1,0
BRDA:127,5,0,0
BRDA:127,5,1,0
BRDA:129,6,0,0
BRDA:129,6,1,0
BRDA:149,7,0,0
BRDA:149,7,1,0
BRDA:171,8,0,0
BRDA:171,8,1,0
BRDA:171,9,0,0
BRDA:171,9,1,0
BRDA:171,9,2,0
BRDA:171,9,3,0
BRDA:172,10,0,0
BRDA:172,10,1,0
BRDA:173,11,0,0
BRDA:173,11,1,0
BRDA:205,12,0,0
BRDA:205,12,1,0
BRDA:223,13,0,0
BRDA:223,13,1,0
BRDA:239,14,0,0
BRDA:239,14,1,0
BRDA:239,15,0,0
BRDA:239,15,1,0
BRDA:240,16,0,0
BRDA:240,16,1,0
BRDA:243,17,0,0
BRDA:243,17,1,0
BRDA:246,18,0,0
BRDA:246,18,1,0
BRDA:247,19,0,0
BRDA:247,19,1,0
BRDA:248,20,0,0
BRDA:248,20,1,0
BRDA:250,21,0,0
BRDA:250,21,1,0
BRDA:254,22,0,0
BRDA:254,22,1,0
BRDA:255,23,0,0
BRDA:255,23,1,0
BRDA:256,24,0,0
BRDA:256,24,1,0
BRDA:257,25,0,0
BRDA:257,25,1,0
BRDA:261,26,0,0
BRDA:261,26,1,0
BRDA:292,27,0,0
BRDA:292,27,1,0
BRDA:292,28,0,0
BRDA:292,28,1,0
BRDA:292,28,2,0
BRDA:295,29,0,0
BRDA:295,29,1,0
BRDA:300,30,0,0
BRDA:300,30,1,0
BRDA:311,31,0,0
BRDA:311,31,1,0
BRDA:311,32,0,0
BRDA:311,32,1,0
BRDA:311,32,2,0
BRDA:316,33,0,0
BRDA:316,33,1,0
BRDA:324,34,0,0
BRDA:324,34,1,0
BRDA:336,35,0,0
BRDA:336,35,1,0
BRDA:339,36,0,0
BRDA:339,36,1,0
BRDA:339,37,0,0
BRDA:339,37,1,0
BRDA:343,38,0,0
BRDA:343,38,1,0
BRDA:350,39,0,0
BRDA:350,39,1,0
BRDA:352,40,0,0
BRDA:352,40,1,0
BRDA:368,41,0,0
BRDA:368,41,1,0
BRDA:373,42,0,0
BRDA:373,42,1,0
BRDA:374,43,0,0
BRDA:374,43,1,0
BRDA:374,44,0,0
BRDA:374,44,1,0
BRDA:376,45,0,0
BRDA:376,45,1,0
BRDA:379,46,0,0
BRDA:379,46,1,0
BRDA:394,47,0,0
BRDA:394,47,1,0
BRDA:395,48,0,0
BRDA:395,48,1,0
BRDA:405,49,0,0
BRDA:405,49,1,0
BRDA:412,50,0,0
BRDA:412,50,1,0
BRDA:414,51,0,0
BRDA:414,51,1,0
BRDA:427,52,0,0
BRDA:427,52,1,0
BRDA:431,53,0,0
BRDA:431,53,1,0
BRDA:432,54,0,0
BRDA:432,54,1,0
BRDA:432,55,0,0
BRDA:432,55,1,0
BRDA:436,56,0,0
BRDA:436,56,1,0
BRDA:485,57,0,0
BRDA:485,57,1,0
BRDA:485,58,0,0
BRDA:485,58,1,0
BRDA:507,59,0,0
BRDA:507,59,1,0
BRDA:534,60,0,0
BRDA:534,60,1,0
BRDA:540,61,0,0
BRDA:540,61,1,0
BRDA:554,62,0,0
BRDA:554,62,1,0
BRDA:568,63,0,0
BRDA:568,63,1,0
BRDA:572,64,0,0
BRDA:572,64,1,0
BRDA:580,65,0,0
BRDA:580,65,1,0
BRDA:591,66,0,0
BRDA:591,66,1,0
BRDA:594,67,0,0
BRDA:594,67,1,0
BRDA:599,68,0,0
BRDA:599,68,1,0
BRDA:615,69,0,0
BRDA:615,69,1,0
BRDA:615,70,0,0
BRDA:615,70,1,0
BRDA:615,70,2,0
BRDA:617,71,0,0
BRDA:617,71,1,0
BRDA:623,72,0,0
BRDA:623,72,1,0
BRDA:624,73,0,0
BRDA:624,73,1,0
BRDA:634,74,0,0
BRDA:634,74,1,0
BRDA:634,75,0,0
BRDA:634,75,1,0
BRDA:634,75,2,0
BRDA:634,75,3,0
BRDA:636,76,0,0
BRDA:636,76,1,0
BRDA:643,77,0,0
BRDA:643,77,1,0
BRDA:652,78,0,0
BRDA:652,78,1,0
BRDA:665,79,0,0
BRDA:665,79,1,0
BRDA:665,80,0,0
BRDA:665,80,1,0
BRDA:666,81,0,0
BRDA:666,81,1,0
BRDA:667,82,0,0
BRDA:667,82,1,0
BRDA:667,83,0,0
BRDA:667,83,1,0
BRDA:673,84,0,0
BRDA:673,84,1,0
BRDA:673,85,0,0
BRDA:673,85,1,0
BRDA:674,86,0,0
BRDA:674,86,1,0
BRDA:682,87,0,0
BRDA:682,87,1,0
BRDA:686,88,0,0
BRDA:686,88,1,0
BRDA:692,89,0,0
BRDA:692,89,1,0
BRDA:694,90,0,0
BRDA:694,90,1,0
BRDA:706,91,0,0
BRDA:706,91,1,0
BRDA:707,92,0,0
BRDA:707,92,1,0
BRDA:714,93,0,0
BRDA:714,93,1,0
BRDA:733,94,0,0
BRDA:733,94,1,0
BRDA:739,95,0,0
BRDA:739,95,1,0
BRDA:742,96,0,0
BRDA:742,96,1,0
BRDA:748,97,0,0
BRDA:748,97,1,0
BRDA:771,98,0,0
BRDA:771,98,1,0
BRDA:773,99,0,0
BRDA:773,99,1,0
BRDA:776,100,0,0
BRDA:776,100,1,0
BRDA:776,101,0,0
BRDA:776,101,1,0
BRDA:776,101,2,0
BRDA:779,102,0,0
BRDA:779,102,1,0
BRDA:779,103,0,0
BRDA:779,103,1,0
BRDA:781,104,0,0
BRDA:781,104,1,0
BRDA:797,105,0,0
BRDA:797,105,1,0
BRDA:813,106,0,0
BRDA:813,106,1,0
BRDA:813,107,0,0
BRDA:813,107,1,0
BRDA:818,108,0,0
BRDA:818,108,1,0
BRDA:823,109,0,0
BRDA:823,109,1,0
BRDA:825,110,0,0
BRDA:825,110,1,0
BRDA:825,111,0,0
BRDA:825,111,1,0
BRDA:825,111,2,0
BRDA:828,112,0,0
BRDA:828,112,1,0
BRDA:828,112,2,0
BRDA:831,113,0,0
BRDA:831,113,1,0
BRDA:847,114,0,0
BRDA:849,115,0,0
BRDA:849,115,1,0
BRDA:857,116,0,0
BRDA:857,116,1,0
BRDA:857,117,0,0
BRDA:857,117,1,0
BRDA:866,118,0,0
BRDA:866,118,1,0
BRDA:871,119,0,0
BRDA:871,119,1,0
BRDA:876,120,0,0
BRDA:876,120,1,0
BRDA:888,121,0,0
BRDA:888,121,1,0
BRDA:889,122,0,0
BRDA:889,122,1,0
BRDA:890,123,0,0
BRDA:890,123,1,0
BRDA:898,124,0,0
BRDA:898,124,1,0
BRDA:900,125,0,0
BRDA:900,125,1,0
BRDA:901,126,0,0
BRDA:901,126,1,0
BRDA:901,127,0,0
BRDA:901,127,1,0
BRDA:905,128,0,0
BRDA:905,128,1,0
BRDA:905,129,0,0
BRDA:905,129,1,0
BRDA:913,130,0,0
BRDA:913,130,1,0
BRDA:913,131,0,0
BRDA:913,131,1,0
BRDA:923,132,0,0
BRDA:923,132,1,0
BRDA:929,133,0,0
BRDA:929,133,1,0
BRDA:937,134,0,0
BRDA:937,134,1,0
BRDA:943,135,0,0
BRDA:943,135,1,0
BRDA:968,136,0,0
BRDA:968,136,1,0
BRDA:976,137,0,0
BRDA:976,137,1,0
BRDA:978,138,0,0
BRDA:978,138,1,0
BRDA:1002,139,0,0
BRDA:1002,139,1,0
BRDA:1004,140,0,0
BRDA:1004,140,1,0
BRDA:1006,141,0,0
BRDA:1006,141,1,0
BRDA:1007,142,0,0
BRDA:1007,142,1,0
BRDA:1007,143,0,0
BRDA:1007,143,1,0
BRDA:1008,144,0,0
BRDA:1008,144,1,0
BRDA:1008,145,0,0
BRDA:1008,145,1,0
BRDA:1021,146,0,0
BRDA:1021,146,1,0
BRDA:1023,147,0,0
BRDA:1023,147,1,0
BRDA:1044,148,0,0
BRDA:1044,148,1,0
BRDA:1071,149,0,0
BRDA:1071,149,1,0
BRDA:1091,150,0,0
BRDA:1091,150,1,0
BRDA:1093,151,0,0
BRDA:1093,151,1,0
BRDA:1107,152,0,0
BRDA:1107,152,1,0
BRDA:1109,153,0,0
BRDA:1109,153,1,0
BRDA:1114,154,0,0
BRDA:1114,154,1,0
BRDA:1114,155,0,0
BRDA:1114,155,1,0
BRDA:1126,156,0,0
BRDA:1126,156,1,0
BRDA:1150,157,0,0
BRDA:1150,157,1,0
BRDA:1183,158,0,0
BRDA:1183,158,1,0
BRDA:1188,159,0,0
BRDA:1188,159,1,0
BRDA:1195,160,0,0
BRDA:1195,160,1,0
BRDA:1215,161,0,0
BRDA:1215,161,1,0
BRDA:1221,162,0,0
BRDA:1221,162,1,0
BRDA:1221,163,0,0
BRDA:1221,163,1,0
BRDA:1221,163,2,0
BRDA:1228,164,0,0
BRDA:1228,164,1,0
BRDA:1228,164,2,0
BRDA:1228,164,3,0
BRDA:1230,165,0,0
BRDA:1230,165,1,0
BRDA:1230,166,0,0
BRDA:1230,166,1,0
BRDA:1252,167,0,0
BRDA:1252,167,1,0
BRDA:1252,168,0,0
BRDA:1252,168,1,0
BRDA:1264,169,0,0
BRDA:1264,169,1,0
BRDA:1265,170,0,0
BRDA:1265,170,1,0
BRDA:1266,171,0,0
BRDA:1266,171,1,0
BRDA:1270,172,0,0
BRDA:1270,172,1,0
BRDA:1272,173,0,0
BRDA:1272,173,1,0
BRDA:1279,174,0,0
BRDA:1279,174,1,0
BRDA:1280,175,0,0
BRDA:1280,175,1,0
BRDA:1282,176,0,0
BRDA:1282,176,1,0
BRDA:1293,177,0,0
BRDA:1293,177,1,0
BRDA:1293,178,0,0
BRDA:1293,178,1,0
BRDA:1298,179,0,0
BRDA:1298,179,1,0
BRDA:1298,180,0,0
BRDA:1298,180,1,0
BRDA:1298,181,0,0
BRDA:1298,181,1,0
BRDA:1315,182,0,0
BRDA:1315,182,1,0
BRDA:1328,183,0,0
BRDA:1328,183,1,0
BRDA:1328,183,2,0
BRDA:1328,183,3,0
BRDA:1332,184,0,0
BRDA:1332,184,1,0
BRDA:1332,184,2,0
BRDA:1332,184,3,0
BRDA:1346,185,0,0
BRDA:1346,185,1,0
BRDA:1349,186,0,0
BRDA:1349,186,1,0
BRDA:1357,187,0,0
BRDA:1357,187,1,0
BRDA:1357,188,0,0
BRDA:1357,188,1,0
BRDA:1357,188,2,0
BRDA:1380,189,0,0
BRDA:1380,189,1,0
BRDA:1383,190,0,0
BRDA:1383,190,1,0
BRDA:1383,191,0,0
BRDA:1383,191,1,0
BRDA:1383,191,2,0
BRDA:1384,192,0,0
BRDA:1384,192,1,0
BRDA:1385,193,0,0
BRDA:1385,193,1,0
BRDA:1390,194,0,0
BRDA:1390,194,1,0
BRDA:1391,195,0,0
BRDA:1391,195,1,0
BRDA:1422,196,0,0
BRDA:1422,196,1,0
BRDA:1423,197,0,0
BRDA:1423,197,1,0
BRDA:1442,198,0,0
BRDA:1442,198,1,0
BRDA:1453,199,0,0
BRDA:1453,199,1,0
BRDA:1455,200,0,0
BRDA:1455,200,1,0
BRDA:1483,201,0,0
BRDA:1483,201,1,0
BRDA:1499,202,0,0
BRDA:1499,202,1,0
BRDA:1500,203,0,0
BRDA:1500,203,1,0
BRDA:1500,204,0,0
BRDA:1500,204,1,0
BRDA:1501,205,0,0
BRDA:1501,205,1,0
BRDA:1501,206,0,0
BRDA:1501,206,1,0
BRDA:1510,207,0,0
BRDA:1510,207,1,0
BRDA:1513,208,0,0
BRDA:1513,208,1,0
BRDA:1513,209,0,0
BRDA:1513,209,1,0
BRDA:1532,210,0,0
BRDA:1532,210,1,0
BRDA:1543,211,0,0
BRDA:1543,211,1,0
BRDA:1549,212,0,0
BRDA:1549,212,1,0
BRDA:1560,213,0,0
BRDA:1560,213,1,0
BRDA:1571,214,0,0
BRDA:1571,214,1,0
BRDA:1572,215,0,0
BRDA:1572,215,1,0
BRDA:1572,216,0,0
BRDA:1572,216,1,0
BRDA:1575,217,0,0
BRDA:1575,217,1,0
BRDA:1584,218,0,0
BRDA:1584,218,1,0
BRDA:1589,219,0,0
BRDA:1589,219,1,0
BRDA:1599,220,0,0
BRDA:1602,221,0,0
BRDA:1602,221,1,0
BRDA:1608,222,0,0
BRDA:1608,222,1,0
BRDA:1609,223,0,0
BRDA:1609,223,1,0
BRDA:1624,224,0,0
BRDA:1624,224,1,0
BRDA:1630,225,0,0
BRDA:1630,225,1,0
BRDA:1637,226,0,0
BRDA:1637,226,1,0
BRDA:1645,227,0,0
BRDA:1645,227,1,0
BRDA:1645,228,0,0
BRDA:1645,228,1,0
BRDA:1650,229,0,0
BRDA:1650,229,1,0
BRDA:1653,230,0,0
BRDA:1653,230,1,0
BRDA:1677,231,0,0
BRDA:1677,231,1,0
BRDA:1687,232,0,0
BRDA:1687,232,1,0
BRDA:1692,233,0,0
BRDA:1692,233,1,0
BRDA:1693,234,0,0
BRDA:1693,234,1,0
BRDA:1705,235,0,0
BRDA:1705,235,1,0
BRDA:1712,236,0,0
BRDA:1712,236,1,0
BRDA:1712,236,2,0
BRDA:1716,237,0,0
BRDA:1716,237,1,0
BRDA:1741,238,0,0
BRDA:1741,238,1,0
BRDA:1743,239,0,0
BRDA:1743,239,1,0
BRDA:1761,240,0,0
BRDA:1761,240,1,0
BRDA:1763,241,0,0
BRDA:1763,241,1,0
BRDA:1763,242,0,0
BRDA:1763,242,1,0
BRDA:1779,243,0,0
BRDA:1779,243,1,0
BRDA:1782,244,0,0
BRDA:1782,244,1,0
BRDA:1788,245,0,0
BRDA:1788,245,1,0
BRDA:1797,246,0,0
BRDA:1797,246,1,0
BRDA:1809,247,0,0
BRDA:1809,247,1,0
BRDA:1809,247,2,0
BRDA:1824,248,0,0
BRDA:1824,248,1,0
BRDA:1824,249,0,0
BRDA:1824,249,1,0
BRDA:1830,250,0,0
BRDA:1830,250,1,0
BRDA:1830,250,2,0
BRDA:1871,251,0,0
BRDA:1871,251,1,0
BRDA:1878,252,0,0
BRDA:1878,252,1,0
BRDA:1888,253,0,0
BRDA:1888,253,1,0
BRDA:1891,254,0,0
BRDA:1891,254,1,0
BRDA:1897,255,0,0
BRDA:1897,255,1,0
BRDA:1902,256,0,0
BRDA:1902,256,1,0
BRDA:1911,257,0,0
BRDA:1911,257,1,0
BRDA:1917,258,0,0
BRDA:1917,258,1,0
BRDA:1918,259,0,0
BRDA:1918,259,1,0
BRDA:1924,260,0,0
BRDA:1924,260,1,0
BRDA:1924,260,2,0
BRDA:1924,260,3,0
BRDA:1926,261,0,0
BRDA:1926,261,1,0
BRDA:1926,261,2,0
BRDA:1928,262,0,0
BRDA:1928,262,1,0
BRDA:1929,263,0,0
BRDA:1929,263,1,0
BRDA:1929,264,0,0
BRDA:1929,264,1,0
BRDA:1936,265,0,0
BRDA:1936,265,1,0
BRDA:1937,266,0,0
BRDA:1937,266,1,0
BRDA:1943,267,0,0
BRDA:1943,267,1,0
BRDA:1953,268,0,0
BRDA:1953,268,1,0
BRDA:1953,269,0,0
BRDA:1953,269,1,0
BRDA:1953,270,0,0
BRDA:1953,270,1,0
BRDA:1959,271,0,0
BRDA:1959,271,1,0
BRDA:1969,272,0,0
BRDA:1969,272,1,0
BRDA:1970,273,0,0
BRDA:1970,273,1,0
BRDA:1971,274,0,0
BRDA:1971,274,1,0
BRDA:1985,275,0,0
BRDA:1985,275,1,0
BRDA:1986,276,0,0
BRDA:1986,276,1,0
BRDA:1994,277,0,0
BRDA:1994,277,1,0
BRDA:1995,278,0,0
BRDA:1995,278,1,0
BRDA:1995,279,0,0
BRDA:1995,279,1,0
BRDA:2001,280,0,0
BRDA:2001,280,1,0
BRDA:2010,281,0,0
BRDA:2010,281,1,0
BRDA:2013,282,0,0
BRDA:2013,282,1,0
BRDA:2013,283,0,0
BRDA:2013,283,1,0
BRDA:2016,284,0,0
BRDA:2016,284,1,0
BRDA:2017,285,0,0
BRDA:2017,285,1,0
BRDA:2018,286,0,0
BRDA:2018,286,1,0
BRDA:2020,287,0,0
BRDA:2020,287,1,0
BRDA:2023,288,0,0
BRDA:2023,288,1,0
BRDA:2023,289,0,0
BRDA:2023,289,1,0
BRDA:2027,290,0,0
BRDA:2027,290,1,0
BRDA:2040,291,0,0
BRDA:2040,291,1,0
BRDA:2043,292,0,0
BRDA:2043,292,1,0
BRDA:2043,293,0,0
BRDA:2043,293,1,0
BRDA:2046,294,0,0
BRDA:2046,294,1,0
BRDA:2048,295,0,0
BRDA:2048,295,1,0
BRDA:2049,296,0,0
BRDA:2049,296,1,0
BRDA:2050,297,0,0
BRDA:2050,297,1,0
BRDA:2052,298,0,0
BRDA:2052,298,1,0
BRDA:2056,299,0,0
BRDA:2056,299,1,0
BRDA:2057,300,0,0
BRDA:2057,300,1,0
BRDA:2058,301,0,0
BRDA:2058,301,1,0
BRDA:2059,302,0,0
BRDA:2059,302,1,0
BRDA:2063,303,0,0
BRDA:2063,303,1,0
BRDA:2083,304,0,0
BRDA:2083,304,1,0
BRDA:2085,305,0,0
BRDA:2085,305,1,0
BRDA:2087,306,0,0
BRDA:2087,306,1,0
BRDA:2088,307,0,0
BRDA:2088,307,1,0
BRDA:2089,308,0,0
BRDA:2089,308,1,0
BRDA:2091,309,0,0
BRDA:2091,309,1,0
BRDA:2095,310,0,0
BRDA:2095,310,1,0
BRDA:2096,311,0,0
BRDA:2096,311,1,0
BRDA:2097,312,0,0
BRDA:2097,312,1,0
BRDA:2098,313,0,0
BRDA:2098,313,1,0
BRDA:2102,314,0,0
BRDA:2102,314,1,0
BRDA:2119,315,0,0
BRDA:2119,315,1,0
BRDA:2129,316,0,0
BRDA:2129,316,1,0
BRDA:2131,317,0,0
BRDA:2131,317,1,0
BRDA:2132,318,0,0
BRDA:2132,318,1,0
BRDA:2133,319,0,0
BRDA:2133,319,1,0
BRDA:2135,320,0,0
BRDA:2135,320,1,0
BRDA:2136,321,0,0
BRDA:2136,321,1,0
BRDA:2137,322,0,0
BRDA:2137,322,1,0
BRDA:2138,323,0,0
BRDA:2138,323,1,0
BRDA:2149,324,0,0
BRDA:2149,324,1,0
BRDA:2151,325,0,0
BRDA:2151,325,1,0
BRDA:2157,326,0,0
BRDA:2157,326,1,0
BRDA:2159,327,0,0
BRDA:2159,327,1,0
BRDA:2159,328,0,0
BRDA:2159,328,1,0
BRDA:2162,329,0,0
BRDA:2162,329,1,0
BRDA:2163,330,0,0
BRDA:2163,330,1,0
BRDA:2166,331,0,0
BRDA:2166,331,1,0
BRDA:2170,332,0,0
BRDA:2170,332,1,0
BRDA:2170,333,0,0
BRDA:2170,333,1,0
BRDA:2172,334,0,0
BRDA:2172,334,1,0
BRDA:2194,335,0,0
BRDA:2194,335,1,0
BRDA:2197,336,0,0
BRDA:2197,336,1,0
BRDA:2197,337,0,0
BRDA:2197,337,1,0
BRDA:2200,338,0,0
BRDA:2200,338,1,0
BRDA:2201,339,0,0
BRDA:2201,339,1,0
BRDA:2202,340,0,0
BRDA:2202,340,1,0
BRDA:2204,341,0,0
BRDA:2204,341,1,0
BRDA:2207,342,0,0
BRDA:2207,342,1,0
BRDA:2207,343,0,0
BRDA:2207,343,1,0
BRDA:2211,344,0,0
BRDA:2211,344,1,0
BRDA:2224,345,0,0
BRDA:2224,345,1,0
BRDA:2224,346,0,0
BRDA:2224,346,1,0
BRDA:2232,347,0,0
BRDA:2232,347,1,0
BRDA:2238,348,0,0
BRDA:2238,348,1,0
BRDA:2243,349,0,0
BRDA:2243,349,1,0
BRDA:2273,350,0,0
BRDA:2273,350,1,0
BRDA:2279,351,0,0
BRDA:2279,351,1,0
BRDA:2284,352,0,0
BRDA:2284,352,1,0
BRDA:2304,353,0,0
BRDA:2304,353,1,0
BRDA:2319,354,0,0
BRDA:2319,354,1,0
BRDA:2319,354,2,0
BRDA:2323,355,0,0
BRDA:2323,355,1,0
BRDA:2369,356,0,0
BRDA:2369,356,1,0
BRDA:2369,357,0,0
BRDA:2369,357,1,0
BRDA:2372,358,0,0
BRDA:2372,358,1,0
BRDA:2375,359,0,0
BRDA:2375,359,1,0
BRDA:2375,359,2,0
BRDA:2376,360,0,0
BRDA:2376,360,1,0
BRDA:2376,360,2,0
BRDA:2378,361,0,0
BRDA:2378,361,1,0
BRDA:2379,362,0,0
BRDA:2379,362,1,0
BRDA:2380,363,0,0
BRDA:2380,363,1,0
BRDA:2383,364,0,0
BRDA:2383,364,1,0
BRDA:2384,365,0,0
BRDA:2384,365,1,0
BRDA:2385,366,0,0
BRDA:2385,366,1,0
BRDA:2388,367,0,0
BRDA:2388,367,1,0
BRDA:2389,368,0,0
BRDA:2389,368,1,0
BRDA:2390,369,0,0
BRDA:2390,369,1,0
BRDA:2393,370,0,0
BRDA:2393,370,1,0
BRDA:2399,371,0,0
BRDA:2399,371,1,0
BRDA:2400,372,0,0
BRDA:2400,372,1,0
BRDA:2407,373,0,0
BRDA:2407,373,1,0
BRDA:2419,374,0,0
BRDA:2419,374,1,0
BRDA:2419,375,0,0
BRDA:2419,375,1,0
BRDA:2433,376,0,0
BRDA:2433,376,1,0
BRDA:2437,377,0,0
BRDA:2437,377,1,0
BRDA:2438,378,0,0
BRDA:2438,378,1,0
BRDA:2440,379,0,0
BRDA:2440,379,1,0
BRDA:2442,380,0,0
BRDA:2442,380,1,0
BRDA:2471,381,0,0
BRDA:2471,381,1,0
BRDA:2471,381,2,0
BRDA:2477,382,0,0
BRDA:2477,382,1,0
BRDA:2479,383,0,0
BRDA:2479,383,1,0
BRDA:2483,384,0,0
BRDA:2483,384,1,0
BRDA:2493,385,0,0
BRDA:2493,385,1,0
BRDA:2493,385,2,0
BRDA:2499,386,0,0
BRDA:2499,386,1,0
BRDA:2501,387,0,0
BRDA:2501,387,1,0
BRDA:2505,388,0,0
BRDA:2505,388,1,0
BRDA:2511,389,0,0
BRDA:2511,389,1,0
BRDA:2534,390,0,0
BRDA:2534,390,1,0
BRDA:2584,391,0,0
BRDA:2584,391,1,0
BRDA:2642,392,0,0
BRDA:2642,392,1,0
BRDA:2680,393,0,0
BRDA:2680,393,1,0
BRDA:2718,394,0,0
BRDA:2718,394,1,0
BRDA:2742,395,0,0
BRDA:2742,395,1,0
BRDA:2781,396,0,0
BRDA:2781,396,1,0
BRDA:2827,397,0,0
BRDA:2827,397,1,0
BRDA:2866,398,0,0
BRDA:2866,398,1,0
BRDA:2866,398,2,0
BRDA:2900,399,0,0
BRDA:2900,399,1,0
BRDA:2911,400,0,0
BRDA:2911,400,1,0
BRDA:2911,400,2,0
BRDA:2939,401,0,0
BRDA:2939,401,1,0
BRDA:2948,402,0,0
BRDA:2948,402,1,0
BRDA:2951,403,0,0
BRDA:2951,403,1,0
BRDA:2966,404,0,0
BRDA:2966,404,1,0
BRDA:2985,405,0,0
BRDA:2985,405,1,0
BRDA:2989,406,0,0
BRDA:2989,406,1,0
BRDA:3012,407,0,0
BRDA:3012,407,1,0
BRDA:3012,408,0,0
BRDA:3012,408,1,0
BRDA:3015,409,0,0
BRDA:3015,409,1,0
BRDA:3015,410,0,0
BRDA:3015,410,1,0
BRDA:3074,411,0,0
BRDA:3074,411,1,0
BRDA:3088,412,0,0
BRDA:3088,412,1,0
BRDA:3105,413,0,0
BRDA:3105,413,1,0
BRDA:3106,414,0,0
BRDA:3106,414,1,0
BRDA:3107,415,0,0
BRDA:3107,415,1,0
BRDA:3116,416,0,0
BRDA:3116,416,1,0
BRDA:3117,417,0,0
BRDA:3117,417,1,0
BRDA:3122,418,0,0
BRDA:3122,418,1,0
BRDA:3131,419,0,0
BRDA:3131,419,1,0
BRDA:3137,420,0,0
BRDA:3137,420,1,0
BRDA:3165,421,0,0
BRDA:3165,421,1,0
BRDA:3170,422,0,0
BRDA:3170,422,1,0
BRDA:3171,423,0,0
BRDA:3171,423,1,0
BRDA:3179,424,0,0
BRDA:3179,424,1,0
BRDA:3180,425,0,0
BRDA:3180,425,1,0
BRDA:3183,426,0,0
BRDA:3183,426,1,0
BRDA:3232,427,0,0
BRDA:3232,427,1,0
BRDA:3234,428,0,0
BRDA:3234,428,1,0
BRDA:3235,429,0,0
BRDA:3235,429,1,0
BRDA:3236,430,0,0
BRDA:3236,430,1,0
BRDA:3239,431,0,0
BRDA:3239,431,1,0
BRDA:3246,432,0,0
BRDA:3246,432,1,0
BRDA:3247,433,0,0
BRDA:3247,433,1,0
BRDA:3248,434,0,0
BRDA:3248,434,1,0
BRDA:3294,435,0,0
BRDA:3294,435,1,0
BRDA:3308,436,0,0
BRDA:3308,436,1,0
BRDA:3309,437,0,0
BRDA:3309,437,1,0
BRDA:3313,438,0,0
BRDA:3313,438,1,0
BRDA:3314,439,0,0
BRDA:3314,439,1,0
BRDA:3315,440,0,0
BRDA:3315,440,1,0
BRDA:3316,441,0,0
BRDA:3316,441,1,0
BRDA:3317,442,0,0
BRDA:3317,442,1,0
BRDA:3322,443,0,0
BRDA:3322,443,1,0
BRDA:3324,444,0,0
BRDA:3324,444,1,0
BRDA:3330,445,0,0
BRDA:3330,445,1,0
BRDA:3331,446,0,0
BRDA:3331,446,1,0
BRDA:3337,447,0,0
BRDA:3337,447,1,0
BRDA:3338,448,0,0
BRDA:3338,448,1,0
BRDA:3343,449,0,0
BRDA:3343,449,1,0
BRDA:3355,450,0,0
BRDA:3355,450,1,0
BRDA:3363,451,0,0
BRDA:3363,451,1,0
BRDA:3365,452,0,0
BRDA:3365,452,1,0
BRDA:3370,453,0,0
BRDA:3370,453,1,0
BRDA:3398,454,0,0
BRDA:3398,454,1,0
BRDA:3401,455,0,0
BRDA:3401,455,1,0
BRDA:3402,456,0,0
BRDA:3402,456,1,0
BRDA:3409,457,0,0
BRDA:3409,457,1,0
BRDA:3410,458,0,0
BRDA:3410,458,1,0
BRDA:3411,459,0,0
BRDA:3411,459,1,0
BRDA:3412,460,0,0
BRDA:3412,460,1,0
BRDA:3428,461,0,0
BRDA:3428,461,1,0
BRDA:3430,462,0,0
BRDA:3430,462,1,0
BRDA:3472,463,0,0
BRDA:3472,463,1,0
BRDA:3477,464,0,0
BRDA:3477,464,1,0
BRDA:3498,465,0,0
BRDA:3498,465,1,0
BRDA:3503,466,0,0
BRDA:3503,466,1,0
BRDA:3504,467,0,0
BRDA:3504,467,1,0
BRDA:3512,468,0,0
BRDA:3512,468,1,0
BRDA:3514,469,0,0
BRDA:3514,469,1,0
BRDA:3517,470,0,0
BRDA:3517,470,1,0
BRDA:3522,471,0,0
BRDA:3522,471,1,0
BRDA:3536,472,0,0
BRDA:3536,472,1,0
BRDA:3540,473,0,0
BRDA:3540,473,1,0
BRDA:3561,474,0,0
BRDA:3561,474,1,0
BRDA:3570,475,0,0
BRDA:3570,475,1,0
BRDA:3579,476,0,0
BRDA:3579,476,1,0
BRDA:3580,477,0,0
BRDA:3580,477,1,0
BRDA:3585,478,0,0
BRDA:3585,478,1,0
BRDA:3587,479,0,0
BRDA:3587,479,1,0
BRDA:3609,480,0,0
BRDA:3609,480,1,0
BRDA:3615,481,0,0
BRDA:3615,481,1,0
BRDA:3716,482,0,0
BRDA:3716,482,1,0
BRDA:3808,483,0,0
BRDA:3808,483,1,0
BRDA:3810,484,0,0
BRDA:3810,484,1,0
BRDA:3821,485,0,0
BRDA:3821,486,0,0
BRDA:3821,487,0,0
BRDA:3821,488,0,0
BRDA:3821,489,0,0
BRDA:3821,490,0,0
BRDA:3828,491,0,0
BRDA:3828,491,1,0
BRDA:3828,492,0,0
BRDA:3828,492,1,0
BRDA:3833,493,0,0
BRDA:3833,493,1,0
BRDA:3833,494,0,0
BRDA:3833,494,1,0
BRDA:3838,495,0,0
BRDA:3838,495,1,0
BRDA:3838,496,0,0
BRDA:3838,496,1,0
BRDA:3843,497,0,0
BRDA:3843,497,1,0
BRDA:3843,498,0,0
BRDA:3843,498,1,0
BRDA:3855,499,0,0
BRDA:3855,499,1,0
BRDA:3855,500,0,0
BRDA:3855,500,1,0
BRDA:3859,501,0,0
BRDA:3859,501,1,0
BRDA:3859,502,0,0
BRDA:3859,502,1,0
BRDA:3875,503,0,0
BRDA:3875,503,1,0
BRDA:3881,504,0,0
BRDA:3881,504,1,0
BRDA:3881,505,0,0
BRDA:3881,505,1,0
BRDA:3881,506,0,0
BRDA:3881,506,1,0
BRDA:3882,507,0,0
BRDA:3882,507,1,0
BRDA:3882,507,2,0
BRDA:3884,508,0,0
BRDA:3884,508,1,0
BRDA:3884,508,2,0
BRDA:3887,509,0,0
BRDA:3887,509,1,0
BRDA:3887,509,2,0
BRDA:3887,509,3,0
BRDA:3900,510,0,0
BRDA:3900,510,1,0
BRDA:3907,511,0,0
BRDA:3907,511,1,0
BRDA:3908,512,0,0
BRDA:3908,512,1,0
BRDA:3909,513,0,0
BRDA:3909,513,1,0
BRDA:3911,514,0,0
BRDA:3911,514,1,0
BRDA:3911,515,0,0
BRDA:3911,515,1,0
BRDA:3914,516,0,0
BRDA:3914,516,1,0
BRDA:3916,517,0,0
BRDA:3916,517,1,0
BRDA:3916,518,0,0
BRDA:3916,518,1,0
BRDA:3924,519,0,0
BRDA:3924,519,1,0
BRDA:3941,520,0,0
BRDA:3941,520,1,0
BRDA:3945,521,0,0
BRDA:3945,521,1,0
BRDA:3945,521,2,0
BRDA:3950,522,0,0
BRDA:3950,522,1,0
BRDA:3951,523,0,0
BRDA:3951,523,1,0
BRDA:3952,524,0,0
BRDA:3952,524,1,0
BRDA:3954,525,0,0
BRDA:3954,525,1,0
BRDA:3954,526,0,0
BRDA:3954,526,1,0
BRDA:3959,527,0,0
BRDA:3959,527,1,0
BRDA:3959,528,0,0
BRDA:3959,528,1,0
BRDA:3966,529,0,0
BRDA:3966,529,1,0
BRDA:3976,530,0,0
BRDA:3976,530,1,0
BRDA:3976,530,2,0
BRDA:3995,531,0,0
BRDA:3995,531,1,0
BRDA:3995,531,2,0
BRDA:3999,532,0,0
BRDA:3999,532,1,0
BRDA:4005,533,0,0
BRDA:4005,533,1,0
BRDA:4006,534,0,0
BRDA:4006,534,1,0
BRDA:4007,535,0,0
BRDA:4007,535,1,0
BRDA:4009,536,0,0
BRDA:4009,536,1,0
BRDA:4009,537,0,0
BRDA:4009,537,1,0
BRDA:4012,538,0,0
BRDA:4012,538,1,0
BRDA:4014,539,0,0
BRDA:4014,539,1,0
BRDA:4014,540,0,0
BRDA:4014,540,1,0
BRDA:4021,541,0,0
BRDA:4021,541,1,0
BRDA:4031,542,0,0
BRDA:4031,542,1,0
BRDA:4031,542,2,0
BRDA:4047,543,0,0
BRDA:4047,543,1,0
BRDA:4047,543,2,0
BRDA:4051,544,0,0
BRDA:4051,544,1,0
BRDA:4052,545,0,0
BRDA:4052,545,1,0
BRDA:4053,546,0,0
BRDA:4053,546,1,0
BRDA:4055,547,0,0
BRDA:4055,547,1,0
BRDA:4055,548,0,0
BRDA:4055,548,1,0
BRDA:4058,549,0,0
BRDA:4058,549,1,0
BRDA:4060,550,0,0
BRDA:4060,550,1,0
BRDA:4060,551,0,0
BRDA:4060,551,1,0
BRDA:4067,552,0,0
BRDA:4067,552,1,0
BRDA:4077,553,0,0
BRDA:4077,553,1,0
BRDA:4077,553,2,0
BRDA:4092,554,0,0
BRDA:4092,555,0,0
BRDA:4092,556,0,0
BRDA:4092,557,0,0
BRDA:4092,558,0,0
BRDA:4092,559,0,0
BRDA:4092,560,0,0
BRDA:4092,561,0,0
BRDA:4092,562,0,0
BRDA:4092,563,0,0
BRDA:4092,564,0,0
BRDA:4092,565,0,0
BRDA:4101,566,0,0
BRDA:4101,566,1,0
BRDA:4108,567,0,0
BRDA:4108,567,1,0
BRDA:4108,568,0,0
BRDA:4108,568,1,0
BRDA:4114,569,0,0
BRDA:4114,569,1,0
BRDA:4122,570,0,0
BRDA:4122,570,1,0
BRDA:4125,571,0,0
BRDA:4125,571,1,0
BRDA:4132,572,0,0
BRDA:4132,572,1,0
BRDA:4132,573,0,0
BRDA:4132,573,1,0
BRDA:4134,574,0,0
BRDA:4134,574,1,0
BRDA:4135,575,0,0
BRDA:4135,575,1,0
BRDA:4135,575,2,0
BRDA:4136,576,0,0
BRDA:4136,576,1,0
BRDA:4142,577,0,0
BRDA:4142,577,1,0
BRDA:4142,577,2,0
BRDA:4142,577,3,0
BRDA:4153,578,0,0
BRDA:4153,578,1,0
BRDA:4158,579,0,0
BRDA:4158,579,1,0
BRDA:4188,580,0,0
BRDA:4188,580,1,0
BRDA:4189,581,0,0
BRDA:4189,581,1,0
BRDA:4189,582,0,0
BRDA:4189,582,1,0
BRDA:4189,582,2,0
BRDA:4201,583,0,0
BRDA:4201,583,1,0
BRDA:4207,584,0,0
BRDA:4207,584,1,0
BRDA:4210,585,0,0
BRDA:4210,585,1,0
BRDA:4231,586,0,0
BRDA:4231,586,1,0
BRDA:4232,587,0,0
BRDA:4232,587,1,0
BRDA:4232,588,0,0
BRDA:4232,588,1,0
BRDA:4232,588,2,0
BRDA:4244,589,0,0
BRDA:4244,589,1,0
BRDA:4250,590,0,0
BRDA:4250,590,1,0
BRDA:4253,591,0,0
BRDA:4253,591,1,0
BRDA:4266,592,0,0
BRDA:4266,592,1,0
BRDA:4294,593,0,0
BRDA:4294,593,1,0
BRDA:4295,594,0,0
BRDA:4295,594,1,0
BRDA:4308,595,0,0
BRDA:4308,595,1,0
BRDA:4309,596,0,0
BRDA:4309,596,1,0
BRDA:4312,597,0,0
BRDA:4312,597,1,0
BRDA:4312,598,0,0
BRDA:4312,598,1,0
BRDA:4313,599,0,0
BRDA:4313,599,1,0
BRDA:4313,600,0,0
BRDA:4313,600,1,0
BRDA:4317,601,0,0
BRDA:4317,601,1,0
BRDA:4317,602,0,0
BRDA:4317,602,1,0
BRDA:4333,603,0,0
BRDA:4333,603,1,0
BRDA:4334,604,0,0
BRDA:4334,604,1,0
BRDA:4334,605,0,0
BRDA:4334,605,1,0
BRDA:4335,606,0,0
BRDA:4335,606,1,0
BRDA:4340,607,0,0
BRDA:4340,607,1,0
BRDA:4349,608,0,0
BRDA:4349,608,1,0
BRDA:4350,609,0,0
BRDA:4350,609,1,0
BRDA:4353,610,0,0
BRDA:4353,610,1,0
BRDA:4361,611,0,0
BRDA:4361,611,1,0
BRDA:4367,612,0,0
BRDA:4367,612,1,0
BRDA:4370,613,0,0
BRDA:4370,613,1,0
BRDA:4379,614,0,0
BRDA:4379,614,1,0
BRDA:4385,615,0,0
BRDA:4385,615,1,0
BRDA:4403,616,0,0
BRDA:4403,616,1,0
BRDA:4403,616,2,0
BRDA:4439,617,0,0
BRDA:4439,617,1,0
BRDA:4446,618,0,0
BRDA:4446,618,1,0
BRDA:4446,619,0,0
BRDA:4446,619,1,0
BRDA:4449,620,0,0
BRDA:4449,620,1,0
BRDA:4452,621,0,0
BRDA:4452,621,1,0
BRDA:4452,621,2,0
BRDA:4458,622,0,0
BRDA:4458,622,1,0
BRDA:4459,623,0,0
BRDA:4459,623,1,0
BRDA:4459,624,0,0
BRDA:4459,624,1,0
BRDA:4464,625,0,0
BRDA:4464,625,1,0
BRDA:4464,626,0,0
BRDA:4464,626,1,0
BRDA:4474,627,0,0
BRDA:4474,627,1,0
BRDA:4474,628,0,0
BRDA:4474,628,1,0
BRDA:4474,628,2,0
BRDA:4477,629,0,0
BRDA:4477,629,1,0
BRDA:4486,630,0,0
BRDA:4486,630,1,0
BRDA:4486,630,2,0
BRDA:4486,631,0,0
BRDA:4486,631,1,0
BRDA:4487,632,0,0
BRDA:4487,632,1,0
BRDA:4491,633,0,0
BRDA:4491,633,1,0
BRDA:4495,634,0,0
BRDA:4495,634,1,0
BRDA:4496,635,0,0
BRDA:4496,635,1,0
BRDA:4497,636,0,0
BRDA:4497,636,1,0
BRDA:4499,637,0,0
BRDA:4499,637,1,0
BRDA:4500,638,0,0
BRDA:4500,638,1,0
BRDA:4501,639,0,0
BRDA:4501,639,1,0
BRDA:4510,640,0,0
BRDA:4510,640,1,0
BRDA:4513,641,0,0
BRDA:4513,641,1,0
BRDA:4513,641,2,0
BRDA:4514,642,0,0
BRDA:4514,642,1,0
BRDA:4518,643,0,0
BRDA:4518,643,1,0
BRDA:4518,643,2,0
BRDA:4519,644,0,0
BRDA:4519,644,1,0
BRDA:4520,645,0,0
BRDA:4520,645,1,0
BRDA:4538,646,0,0
BRDA:4538,646,1,0
BRDA:4545,647,0,0
BRDA:4545,647,1,0
BRDA:4545,647,2,0
BRDA:4545,647,3,0
BRDA:4556,648,0,0
BRDA:4556,648,1,0
BRDA:4560,649,0,0
BRDA:4560,649,1,0
BRDA:4561,650,0,0
BRDA:4561,650,1,0
BRDA:4579,651,0,0
BRDA:4579,651,1,0
BRDA:4579,651,2,0
BRDA:4589,652,0,0
BRDA:4589,652,1,0
BRDA:4589,652,2,0
BRDA:4602,653,0,0
BRDA:4602,653,1,0
BRDA:4602,653,2,0
BRDA:4602,653,3,0
BRDA:4617,654,0,0
BRDA:4617,654,1,0
BRDA:4618,655,0,0
BRDA:4618,655,1,0
BRDA:4618,656,0,0
BRDA:4618,656,1,0
BRDA:4625,657,0,0
BRDA:4625,657,1,0
BRDA:4625,658,0,0
BRDA:4625,658,1,0
BRDA:4629,659,0,0
BRDA:4629,659,1,0
BRDA:4651,660,0,0
BRDA:4651,660,1,0
BRDA:4651,661,0,0
BRDA:4651,661,1,0
BRDA:4658,662,0,0
BRDA:4658,662,1,0
BRDA:4658,663,0,0
BRDA:4658,663,1,0
BRDA:4662,664,0,0
BRDA:4662,664,1,0
BRDA:4691,665,0,0
BRDA:4691,665,1,0
BRDA:4691,666,0,0
BRDA:4691,666,1,0
BRDA:4695,667,0,0
BRDA:4695,667,1,0
BRDA:4716,668,0,0
BRDA:4716,669,0,0
BRDA:4716,670,0,0
BRDA:4716,671,0,0
BRDA:4716,672,0,0
BRDA:4716,673,0,0
BRDA:4716,674,0,0
BRDA:4716,675,0,0
BRDA:4716,676,0,0
BRDA:4724,677,0,0
BRDA:4724,677,1,0
BRDA:4732,678,0,0
BRDA:4732,678,1,0
BRDA:4738,679,0,0
BRDA:4738,679,1,0
BRDA:4740,680,0,0
BRDA:4740,680,1,0
BRDA:4762,681,0,0
BRDA:4762,681,1,0
BRDA:4770,682,0,0
BRDA:4770,682,1,0
BRDA:4773,683,0,0
BRDA:4773,683,1,0
BRDA:4780,684,0,0
BRDA:4780,684,1,0
BRDA:4780,685,0,0
BRDA:4780,685,1,0
BRDA:4782,686,0,0
BRDA:4782,686,1,0
BRDA:4783,687,0,0
BRDA:4783,687,1,0
BRDA:4783,687,2,0
BRDA:4784,688,0,0
BRDA:4784,688,1,0
BRDA:4802,689,0,0
BRDA:4802,689,1,0
BRDA:4804,690,0,0
BRDA:4804,690,1,0
BRDA:4811,691,0,0
BRDA:4811,691,1,0
BRDA:4820,692,0,0
BRDA:4820,692,1,0
BRDA:4821,693,0,0
BRDA:4821,693,1,0
BRDA:4821,694,0,0
BRDA:4821,694,1,0
BRDA:4821,694,2,0
BRDA:4831,695,0,0
BRDA:4831,695,1,0
BRDA:4836,696,0,0
BRDA:4836,696,1,0
BRDA:4842,697,0,0
BRDA:4842,697,1,0
BRDA:4845,698,0,0
BRDA:4845,698,1,0
BRDA:4857,699,0,0
BRDA:4857,699,1,0
BRDA:4885,700,0,0
BRDA:4885,700,1,0
BRDA:4886,701,0,0
BRDA:4886,701,1,0
BRDA:4899,702,0,0
BRDA:4899,702,1,0
BRDA:4900,703,0,0
BRDA:4900,703,1,0
BRDA:4903,704,0,0
BRDA:4903,704,1,0
BRDA:4903,705,0,0
BRDA:4903,705,1,0
BRDA:4904,706,0,0
BRDA:4904,706,1,0
BRDA:4904,707,0,0
BRDA:4904,707,1,0
BRDA:4908,708,0,0
BRDA:4908,708,1,0
BRDA:4908,709,0,0
BRDA:4908,709,1,0
BRDA:4924,710,0,0
BRDA:4924,710,1,0
BRDA:4925,711,0,0
BRDA:4925,711,1,0
BRDA:4925,712,0,0
BRDA:4925,712,1,0
BRDA:4926,713,0,0
BRDA:4926,713,1,0
BRDA:4931,714,0,0
BRDA:4931,714,1,0
BRDA:4931,715,0,0
BRDA:4931,715,1,0
BRDA:4940,716,0,0
BRDA:4940,716,1,0
BRDA:4941,717,0,0
BRDA:4941,717,1,0
BRDA:4944,718,0,0
BRDA:4944,718,1,0
BRDA:4952,719,0,0
BRDA:4952,719,1,0
BRDA:4958,720,0,0
BRDA:4958,720,1,0
BRDA:4961,721,0,0
BRDA:4961,721,1,0
BRDA:4970,722,0,0
BRDA:4970,722,1,0
BRDA:4978,723,0,0
BRDA:4978,723,1,0
BRDA:4978,724,0,0
BRDA:4978,724,1,0
BRDA:5010,725,0,0
BRDA:5010,725,1,0
BRDA:5010,725,2,0
BRDA:5049,726,0,0
BRDA:5049,726,1,0
BRDA:5060,727,0,0
BRDA:5060,727,1,0
BRDA:5067,728,0,0
BRDA:5067,728,1,0
BRDA:5067,729,0,0
BRDA:5067,729,1,0
BRDA:5070,730,0,0
BRDA:5070,730,1,0
BRDA:5073,731,0,0
BRDA:5073,731,1,0
BRDA:5073,731,2,0
BRDA:5079,732,0,0
BRDA:5079,732,1,0
BRDA:5080,733,0,0
BRDA:5080,733,1,0
BRDA:5080,734,0,0
BRDA:5080,734,1,0
BRDA:5085,735,0,0
BRDA:5085,735,1,0
BRDA:5085,736,0,0
BRDA:5085,736,1,0
BRDA:5095,737,0,0
BRDA:5095,737,1,0
BRDA:5095,738,0,0
BRDA:5095,738,1,0
BRDA:5095,738,2,0
BRDA:5099,739,0,0
BRDA:5099,739,1,0
BRDA:5113,740,0,0
BRDA:5113,740,1,0
BRDA:5113,740,2,0
BRDA:5113,741,0,0
BRDA:5113,741,1,0
BRDA:5114,742,0,0
BRDA:5114,742,1,0
BRDA:5118,743,0,0
BRDA:5118,743,1,0
BRDA:5122,744,0,0
BRDA:5122,744,1,0
BRDA:5123,745,0,0
BRDA:5123,745,1,0
BRDA:5124,746,0,0
BRDA:5124,746,1,0
BRDA:5126,747,0,0
BRDA:5126,747,1,0
BRDA:5127,748,0,0
BRDA:5127,748,1,0
BRDA:5128,749,0,0
BRDA:5128,749,1,0
BRDA:5137,750,0,0
BRDA:5137,750,1,0
BRDA:5140,751,0,0
BRDA:5140,751,1,0
BRDA:5140,751,2,0
BRDA:5141,752,0,0
BRDA:5141,752,1,0
BRDA:5145,753,0,0
BRDA:5145,753,1,0
BRDA:5145,753,2,0
BRDA:5150,754,0,0
BRDA:5150,754,1,0
BRDA:5156,755,0,0
BRDA:5156,755,1,0
BRDA:5156,755,2,0
BRDA:5176,756,0,0
BRDA:5176,756,1,0
BRDA:5180,757,0,0
BRDA:5180,757,1,0
BRDA:5184,758,0,0
BRDA:5184,758,1,0
BRDA:5206,759,0,0
BRDA:5206,760,0,0
BRDA:5206,761,0,0
BRDA:5206,762,0,0
BRDA:5206,763,0,0
BRDA:5206,764,0,0
BRDA:5211,765,0,0
BRDA:5211,765,1,0
BRDA:5226,766,0,0
BRDA:5226,766,1,0
BRDA:5226,767,0,0
BRDA:5226,767,1,0
BRDA:5226,767,2,0
BRDA:5229,768,0,0
BRDA:5229,768,1,0
BRDA:5229,769,0,0
BRDA:5229,769,1,0
BRDA:5234,770,0,0
BRDA:5234,770,1,0
BRDA:5234,771,0,0
BRDA:5234,771,1,0
BRDA:5240,772,0,0
BRDA:5240,772,1,0
BRDA:5246,773,0,0
BRDA:5246,773,1,0
BRDA:5248,774,0,0
BRDA:5248,774,1,0
BRDA:5252,775,0,0
BRDA:5252,775,1,0
BRDA:5252,776,0,0
BRDA:5252,776,1,0
BRDA:5259,777,0,0
BRDA:5259,777,1,0
BRDA:5268,778,0,0
BRDA:5268,778,1,0
BRDA:5268,779,0,0
BRDA:5268,779,1,0
BRDA:5272,780,0,0
BRDA:5272,780,1,0
BRDA:5278,781,0,0
BRDA:5278,781,1,0
BRDA:5298,782,0,0
BRDA:5298,782,1,0
BRDA:5298,783,0,0
BRDA:5298,783,1,0
BRDA:5298,783,2,0
BRDA:5298,783,3,0
BRDA:5301,784,0,0
BRDA:5301,784,1,0
BRDA:5313,785,0,0
BRDA:5313,785,1,0
BRDA:5318,786,0,0
BRDA:5318,786,1,0
BRDA:5322,787,0,0
BRDA:5322,787,1,0
BRDA:5324,788,0,0
BRDA:5324,788,1,0
BRDA:5328,789,0,0
BRDA:5328,789,1,0
BRDA:5328,790,0,0
BRDA:5328,790,1,0
BRDA:5335,791,0,0
BRDA:5335,791,1,0
BRDA:5339,792,0,0
BRDA:5339,792,1,0
BRDA:5341,793,0,0
BRDA:5341,793,1,0
BRDA:5369,794,0,0
BRDA:5369,794,1,0
BRDA:5372,795,0,0
BRDA:5372,795,1,0
BRDA:5383,796,0,0
BRDA:5383,796,1,0
BRDA:5384,797,0,0
BRDA:5384,797,1,0
BRDA:5385,798,0,0
BRDA:5385,798,1,0
BRDA:5387,799,0,0
BRDA:5387,799,1,0
BRDA:5387,799,2,0
BRDA:5387,799,3,0
BRDA:5387,799,4,0
BRDA:5393,800,0,0
BRDA:5393,800,1,0
BRDA:5395,801,0,0
BRDA:5395,801,1,0
BRDA:5397,802,0,0
BRDA:5397,802,1,0
BRDA:5399,803,0,0
BRDA:5399,803,1,0
BRDA:5409,804,0,0
BRDA:5409,804,1,0
BRDA:5409,805,0,0
BRDA:5409,805,1,0
BRDA:5410,806,0,0
BRDA:5410,806,1,0
BRDA:5415,807,0,0
BRDA:5415,807,1,0
BRDA:5415,807,2,0
BRDA:5416,808,0,0
BRDA:5416,808,1,0
BRDA:5416,808,2,0
BRDA:5430,809,0,0
BRDA:5430,809,1,0
BRDA:5430,810,0,0
BRDA:5430,810,1,0
BRDA:5431,811,0,0
BRDA:5431,811,1,0
BRDA:5440,812,0,0
BRDA:5440,812,1,0
BRDA:5448,813,0,0
BRDA:5448,813,1,0
BRDA:5450,814,0,0
BRDA:5450,814,1,0
BRDA:5450,815,0,0
BRDA:5450,815,1,0
BRDA:5452,816,0,0
BRDA:5452,816,1,0
BRDA:5457,817,0,0
BRDA:5457,817,1,0
BRDA:5465,818,0,0
BRDA:5465,818,1,0
BRDA:5471,819,0,0
BRDA:5471,819,1,0
BRDA:5487,820,0,0
BRDA:5487,820,1,0
BRDA:5493,821,0,0
BRDA:5493,821,1,0
BRDA:5494,822,0,0
BRDA:5494,822,1,0
BRDA:5499,823,0,0
BRDA:5499,823,1,0
BRDA:5501,824,0,0
BRDA:5501,824,1,0
BRDA:5510,825,0,0
BRDA:5510,825,1,0
BRDA:5510,826,0,0
BRDA:5510,826,1,0
BRDA:5511,827,0,0
BRDA:5511,827,1,0
BRDA:5516,828,0,0
BRDA:5516,828,1,0
BRDA:5516,828,2,0
BRDA:5517,829,0,0
BRDA:5517,829,1,0
BRDA:5517,829,2,0
BRDA:5524,830,0,0
BRDA:5524,830,1,0
BRDA:5524,831,0,0
BRDA:5524,831,1,0
BRDA:5525,832,0,0
BRDA:5525,832,1,0
BRDA:5531,833,0,0
BRDA:5531,833,1,0
BRDA:5538,834,0,0
BRDA:5538,834,1,0
BRDA:5541,835,0,0
BRDA:5541,835,1,0
BRDA:5547,836,0,0
BRDA:5547,836,1,0
BRDA:5555,837,0,0
BRDA:5555,837,1,0
BRDA:5561,838,0,0
BRDA:5561,838,1,0
BRDA:5580,839,0,0
BRDA:5580,839,1,0
BRDA:5581,840,0,0
BRDA:5581,840,1,0
BRDA:5583,841,0,0
BRDA:5583,841,1,0
BRDA:5583,841,2,0
BRDA:5583,841,3,0
BRDA:5583,841,4,0
BRDA:5590,842,0,0
BRDA:5590,842,1,0
BRDA:5600,843,0,0
BRDA:5600,843,1,0
BRDA:5602,844,0,0
BRDA:5602,844,1,0
BRDA:5611,845,0,0
BRDA:5611,845,1,0
BRDA:5611,846,0,0
BRDA:5611,846,1,0
BRDA:5612,847,0,0
BRDA:5612,847,1,0
BRDA:5617,848,0,0
BRDA:5617,848,1,0
BRDA:5617,848,2,0
BRDA:5618,849,0,0
BRDA:5618,849,1,0
BRDA:5618,849,2,0
BRDA:5632,850,0,0
BRDA:5632,850,1,0
BRDA:5632,851,0,0
BRDA:5632,851,1,0
BRDA:5633,852,0,0
BRDA:5633,852,1,0
BRDA:5640,853,0,0
BRDA:5640,853,1,0
BRDA:5648,854,0,0
BRDA:5648,854,1,0
BRDA:5650,855,0,0
BRDA:5650,855,1,0
BRDA:5650,856,0,0
BRDA:5650,856,1,0
BRDA:5652,857,0,0
BRDA:5652,857,1,0
BRDA:5657,858,0,0
BRDA:5657,858,1,0
BRDA:5665,859,0,0
BRDA:5665,859,1,0
BRDA:5671,860,0,0
BRDA:5671,860,1,0
BRDA:5690,861,0,0
BRDA:5690,861,1,0
BRDA:5691,862,0,0
BRDA:5691,862,1,0
BRDA:5696,863,0,0
BRDA:5696,863,1,0
BRDA:5698,864,0,0
BRDA:5698,864,1,0
BRDA:5707,865,0,0
BRDA:5707,865,1,0
BRDA:5712,866,0,0
BRDA:5712,866,1,0
BRDA:5715,867,0,0
BRDA:5715,867,1,0
BRDA:5729,868,0,0
BRDA:5729,868,1,0
BRDA:5731,869,0,0
BRDA:5731,869,1,0
BRDA:5744,870,0,0
BRDA:5744,870,1,0
BRDA:5745,871,0,0
BRDA:5745,871,1,0
BRDA:5751,872,0,0
BRDA:5751,872,1,0
BRDA:5764,873,0,0
BRDA:5764,873,1,0
BRDA:5782,874,0,0
BRDA:5782,874,1,0
BRDA:5787,875,0,0
BRDA:5787,875,1,0
BRDA:5789,876,0,0
BRDA:5789,876,1,0
BRDA:5808,877,0,0
BRDA:5808,877,1,0
BRDA:5809,878,0,0
BRDA:5809,878,1,0
BRF:1806
BRH:0
end_of_record
TN:
SF:app\rules.js
FN:21,RulesScreen
FN:27,(anonymous_1)
FN:46,(anonymous_2)
FN:53,(anonymous_3)
FN:58,loadCurrentRoster
FN:81,(anonymous_5)
FN:92,(anonymous_6)
FN:103,(anonymous_7)
FN:114,(anonymous_8)
FN:124,toggleRule
FN:126,(anonymous_10)
FN:275,(anonymous_11)
FN:289,(anonymous_12)
FN:335,(anonymous_13)
FN:348,(anonymous_14)
FN:364,(anonymous_15)
FN:368,(anonymous_16)
FNF:17
FNH:0
FNDA:0,RulesScreen
FNDA:0,(anonymous_1)
FNDA:0,(anonymous_2)
FNDA:0,(anonymous_3)
FNDA:0,loadCurrentRoster
FNDA:0,(anonymous_5)
FNDA:0,(anonymous_6)
FNDA:0,(anonymous_7)
FNDA:0,(anonymous_8)
FNDA:0,toggleRule
FNDA:0,(anonymous_10)
FNDA:0,(anonymous_11)
FNDA:0,(anonymous_12)
FNDA:0,(anonymous_13)
FNDA:0,(anonymous_14)
FNDA:0,(anonymous_15)
FNDA:0,(anonymous_16)
DA:22,0
DA:23,0
DA:24,0
DA:27,0
DA:28,0
DA:29,0
DA:30,0
DA:31,0
DA:33,0
DA:35,0
DA:36,0
DA:37,0
DA:40,0
DA:41,0
DA:42,0
DA:43,0
DA:46,0
DA:47,0
DA:48,0
DA:53,0
DA:54,0
DA:59,0
DA:60,0
DA:61,0
DA:62,0
DA:63,0
DA:65,0
DA:66,0
DA:68,0
DA:69,0
DA:72,0
DA:73,0
DA:74,0
DA:76,0
DA:81,0
DA:82,0
DA:92,0
DA:93,0
DA:94,0
DA:103,0
DA:104,0
DA:105,0
DA:114,0
DA:115,0
DA:125,0
DA:126,0
DA:129,0
DA:130,0
DA:132,0
DA:133,0
DA:135,0
DA:139,0
DA:142,0
DA:151,0
DA:152,0
DA:154,0
DA:156,0
DA:160,0
DA:161,0
DA:163,0
DA:165,0
DA:170,0
DA:171,0
DA:175,0
DA:198,0
DA:246,0
DA:275,0
DA:289,0
DA:336,0
DA:337,0
DA:348,0
DA:365,0
DA:369,0
DA:389,0
LF:74
LH:0
BRDA:28,0,0,0
BRDA:28,0,1,0
BRDA:29,1,0,0
BRDA:29,1,1,0
BRDA:47,2,0,0
BRDA:47,2,1,0
BRDA:47,3,0,0
BRDA:47,3,1,0
BRDA:62,4,0,0
BRDA:62,4,1,0
BRDA:65,5,0,0
BRDA:65,5,1,0
BRDA:125,6,0,0
BRDA:125,6,1,0
BRDA:133,7,0,0
BRDA:133,7,1,0
BRDA:133,8,0,0
BRDA:133,8,1,0
BRDA:152,9,0,0
BRDA:152,9,1,0
BRDA:156,10,0,0
BRDA:156,10,1,0
BRDA:161,11,0,0
BRDA:161,11,1,0
BRDA:170,12,0,0
BRDA:170,12,1,0
BRDA:170,13,0,0
BRDA:170,13,1,0
BRDA:256,14,0,0
BRDA:256,14,1,0
BRDA:278,15,0,0
BRDA:278,15,1,0
BRDA:283,16,0,0
BRDA:283,16,1,0
BRDA:292,17,0,0
BRDA:292,17,1,0
BRDA:297,18,0,0
BRDA:297,18,1,0
BRDA:311,19,0,0
BRDA:311,19,1,0
BRDA:319,20,0,0
BRDA:319,20,1,0
BRDA:341,21,0,0
BRDA:341,21,1,0
BRDA:349,22,0,0
BRDA:349,22,1,0
BRDA:351,23,0,0
BRDA:351,23,1,0
BRDA:353,24,0,0
BRDA:353,24,1,0
BRDA:354,25,0,0
BRDA:354,25,1,0
BRDA:398,26,0,0
BRDA:398,26,1,0
BRDA:399,27,0,0
BRDA:399,27,1,0
BRDA:405,28,0,0
BRDA:405,28,1,0
BRDA:479,29,0,0
BRDA:479,29,1,0
BRDA:480,30,0,0
BRDA:480,30,1,0
BRF:62
BRH:0
end_of_record
TN:
SF:app\seed-surveyors-screen.js
FN:10,SeedSurveyorsScreen
FN:14,handleSeed
FN:22,(anonymous_2)
FN:23,(anonymous_3)
FN:57,(anonymous_4)
FNF:5
FNH:0
FNDA:0,SeedSurveyorsScreen
FNDA:0,handleSeed
FNDA:0,(anonymous_2)
FNDA:0,(anonymous_3)
FNDA:0,(anonymous_4)
DA:11,0
DA:12,0
DA:15,0
DA:16,0
DA:18,0
DA:19,0
DA:20,0
DA:22,0
DA:23,0
DA:25,0
DA:30,0
DA:31,0
DA:33,0
DA:37,0
DA:58,0
DA:73,0
LF:16
LH:0
BRDA:27,0,0,0
BRDA:27,0,1,0
BRDA:45,1,0,0
BRDA:45,1,1,0
BRDA:50,2,0,0
BRDA:50,2,1,0
BRDA:54,3,0,0
BRDA:54,3,1,0
BRDA:59,4,0,0
BRDA:59,4,1,0
BRDA:60,5,0,0
BRDA:60,5,1,0
BRDA:62,6,0,0
BRDA:62,6,1,0
BRF:14
BRH:0
end_of_record
TN:
SF:app\surveyor-view.js
FN:30,getInitials
FN:40,SurveyorDateRow
FN:54,(anonymous_2)
FN:54,(anonymous_3)
FN:55,(anonymous_4)
FN:60,(anonymous_5)
FN:62,(anonymous_6)
FN:78,(anonymous_7)
FN:161,(anonymous_8)
FN:204,SurveyorRow
FN:221,(anonymous_10)
FN:221,(anonymous_11)
FN:222,(anonymous_12)
FN:228,(anonymous_13)
FN:231,(anonymous_14)
FN:275,(anonymous_15)
FN:365,(anonymous_16)
FN:416,SurveyorViewScreen
FN:426,(anonymous_18)
FN:430,(anonymous_19)
FN:437,loadData
FN:451,(anonymous_21)
FN:453,(anonymous_22)
FN:457,loadAssignments
FN:482,(anonymous_24)
FN:487,(anonymous_25)
FN:498,(anonymous_26)
FN:503,(anonymous_27)
FN:521,getDaysForView
FN:524,(anonymous_29)
FN:527,(anonymous_30)
FN:538,(anonymous_31)
FN:540,(anonymous_32)
FN:544,(anonymous_33)
FN:553,(anonymous_34)
FN:583,(anonymous_35)
FN:587,(anonymous_36)
FN:601,(anonymous_37)
FN:602,(anonymous_38)
FN:602,(anonymous_39)
FN:604,(anonymous_40)
FN:605,(anonymous_41)
FN:607,(anonymous_42)
FN:638,(anonymous_43)
FN:644,(anonymous_44)
FN:650,(anonymous_45)
FN:658,(anonymous_46)
FN:668,(anonymous_47)
FN:681,(anonymous_48)
FN:691,(anonymous_49)
FN:717,(anonymous_50)
FN:764,(anonymous_51)
FN:796,(anonymous_52)
FN:825,(anonymous_53)
FN:872,(anonymous_54)
FN:902,(anonymous_55)
FN:930,(anonymous_56)
FN:977,(anonymous_57)
FN:1005,(anonymous_58)
FN:1034,Chip
FNF:60
FNH:0
FNDA:0,getInitials
FNDA:0,SurveyorDateRow
FNDA:0,(anonymous_2)
FNDA:0,(anonymous_3)
FNDA:0,(anonymous_4)
FNDA:0,(anonymous_5)
FNDA:0,(anonymous_6)
FNDA:0,(anonymous_7)
FNDA:0,(anonymous_8)
FNDA:0,SurveyorRow
FNDA:0,(anonymous_10)
FNDA:0,(anonymous_11)
FNDA:0,(anonymous_12)
FNDA:0,(anonymous_13)
FNDA:0,(anonymous_14)
FNDA:0,(anonymous_15)
FNDA:0,(anonymous_16)
FNDA:0,SurveyorViewScreen
FNDA:0,(anonymous_18)
FNDA:0,(anonymous_19)
FNDA:0,loadData
FNDA:0,(anonymous_21)
FNDA:0,(anonymous_22)
FNDA:0,loadAssignments
FNDA:0,(anonymous_24)
FNDA:0,(anonymous_25)
FNDA:0,(anonymous_26)
FNDA:0,(anonymous_27)
FNDA:0,getDaysForView
FNDA:0,(anonymous_29)
FNDA:0,(anonymous_30)
FNDA:0,(anonymous_31)
FNDA:0,(anonymous_32)
FNDA:0,(anonymous_33)
FNDA:0,(anonymous_34)
FNDA:0,(anonymous_35)
FNDA:0,(anonymous_36)
FNDA:0,(anonymous_37)
FNDA:0,(anonymous_38)
FNDA:0,(anonymous_39)
FNDA:0,(anonymous_40)
FNDA:0,(anonymous_41)
FNDA:0,(anonymous_42)
FNDA:0,(anonymous_43)
FNDA:0,(anonymous_44)
FNDA:0,(anonymous_45)
FNDA:0,(anonymous_46)
FNDA:0,(anonymous_47)
FNDA:0,(anonymous_48)
FNDA:0,(anonymous_49)
FNDA:0,(anonymous_50)
FNDA:0,(anonymous_51)
FNDA:0,(anonymous_52)
FNDA:0,(anonymous_53)
FNDA:0,(anonymous_54)
FNDA:0,(anonymous_55)
FNDA:0,(anonymous_56)
FNDA:0,(anonymous_57)
FNDA:0,(anonymous_58)
FNDA:0,Chip
DA:31,0
DA:32,0
DA:33,0
DA:34,0
DA:36,0
DA:40,0
DA:53,0
DA:54,0
DA:55,0
DA:56,0
DA:60,0
DA:61,0
DA:62,0
DA:63,0
DA:64,0
DA:66,0
DA:70,0
DA:79,0
DA:80,0
DA:85,0
DA:92,0
DA:93,0
DA:95,0
DA:96,0
DA:97,0
DA:98,0
DA:99,0
DA:100,0
DA:102,0
DA:103,0
DA:108,0
DA:109,0
DA:110,0
DA:115,0
DA:119,0
DA:120,0
DA:121,0
DA:122,0
DA:130,0
DA:162,0
DA:163,0
DA:164,0
DA:165,0
DA:166,0
DA:167,0
DA:168,0
DA:170,0
DA:204,0
DA:219,0
DA:221,0
DA:222,0
DA:223,0
DA:228,0
DA:229,0
DA:231,0
DA:232,0
DA:233,0
DA:235,0
DA:239,0
DA:241,0
DA:276,0
DA:277,0
DA:282,0
DA:290,0
DA:291,0
DA:293,0
DA:295,0
DA:296,0
DA:297,0
DA:298,0
DA:299,0
DA:301,0
DA:302,0
DA:307,0
DA:308,0
DA:309,0
DA:314,0
DA:319,0
DA:320,0
DA:325,0
DA:326,0
DA:334,0
DA:366,0
DA:367,0
DA:368,0
DA:369,0
DA:370,0
DA:371,0
DA:372,0
DA:374,0
DA:408,0
DA:410,0
DA:412,0
DA:414,0
DA:418,0
DA:419,0
DA:420,0
DA:421,0
DA:422,0
DA:423,0
DA:424,0
DA:426,0
DA:427,0
DA:430,0
DA:432,0
DA:433,0
DA:438,0
DA:439,0
DA:440,0
DA:441,0
DA:443,0
DA:444,0
DA:446,0
DA:451,0
DA:452,0
DA:453,0
DA:454,0
DA:458,0
DA:459,0
DA:460,0
DA:461,0
DA:465,0
DA:466,0
DA:468,0
DA:469,0
DA:473,0
DA:476,0
DA:477,0
DA:478,0
DA:481,0
DA:482,0
DA:483,0
DA:484,0
DA:487,0
DA:488,0
DA:497,0
DA:498,0
DA:499,0
DA:500,0
DA:503,0
DA:504,0
DA:513,0
DA:515,0
DA:517,0
DA:522,0
DA:523,0
DA:524,0
DA:525,0
DA:526,0
DA:527,0
DA:530,0
DA:531,0
DA:532,0
DA:533,0
DA:534,0
DA:538,0
DA:539,0
DA:540,0
DA:544,0
DA:545,0
DA:546,0
DA:549,0
DA:550,0
DA:551,0
DA:553,0
DA:554,0
DA:556,0
DA:557,0
DA:559,0
DA:562,0
DA:563,0
DA:567,0
DA:568,0
DA:569,0
DA:575,0
DA:576,0
DA:579,0
DA:583,0
DA:584,0
DA:585,0
DA:587,0
DA:588,0
DA:591,0
DA:593,0
DA:601,0
DA:602,0
DA:603,0
DA:605,0
DA:607,0
DA:608,0
DA:609,0
DA:612,0
DA:613,0
DA:616,0
DA:617,0
DA:620,0
DA:626,0
DA:628,0
DA:638,0
DA:644,0
DA:650,0
DA:659,0
DA:661,0
DA:662,0
DA:665,0
DA:668,0
DA:682,0
DA:684,0
DA:685,0
DA:688,0
DA:691,0
DA:718,0
DA:719,0
DA:765,0
DA:766,0
DA:767,0
DA:797,0
DA:826,0
DA:827,0
DA:873,0
DA:874,0
DA:875,0
DA:903,0
DA:931,0
DA:932,0
DA:978,0
DA:979,0
DA:1006,0
DA:1035,0
DA:1057,0
LF:230
LH:0
BRDA:31,0,0,0
BRDA:31,0,1,0
BRDA:33,1,0,0
BRDA:33,1,1,0
BRDA:51,2,0,0
BRDA:63,3,0,0
BRDA:63,3,1,0
BRDA:63,4,0,0
BRDA:63,4,1,0
BRDA:95,5,0,0
BRDA:95,5,1,0
BRDA:98,6,0,0
BRDA:98,6,1,0
BRDA:102,7,0,0
BRDA:102,7,1,0
BRDA:103,8,0,0
BRDA:103,8,1,0
BRDA:105,9,0,0
BRDA:105,9,1,0
BRDA:109,10,0,0
BRDA:109,10,1,0
[...]
BRDA:21,1,1,4
BRDA:25,2,0,493
BRDA:25,2,1,379
BRDA:31,3,0,0
BRDA:31,3,1,0
BRDA:37,4,0,0
BRDA:37,4,1,0
BRDA:38,5,0,0
BRDA:38,5,1,0
BRDA:44,6,0,39
BRDA:44,6,1,10
BRDA:59,7,0,1
BRDA:59,7,1,1
BRDA:69,8,0,0
BRDA:69,8,1,2
BRDA:70,9,0,2
BRDA:70,9,1,0
BRDA:85,10,0,0
BRDA:85,10,1,0
BRDA:89,11,0,0
BRDA:89,11,1,0
BRDA:102,12,0,0
BRDA:102,12,1,0
BRDA:130,13,0,0
BRDA:131,14,0,11
BRDA:132,15,0,10
BRDA:133,16,0,11
BRDA:134,17,0,10
BRDA:135,18,0,8
BRDA:136,19,0,11
BRDA:137,20,0,11
BRDA:148,21,0,11
BRDA:148,21,1,0
BRDA:157,22,0,39
BRDA:157,22,1,0
BRDA:157,23,0,39
BRDA:157,23,1,10
BRDA:171,24,0,1
BRDA:171,24,1,167
BRDA:196,25,0,38
BRDA:196,25,1,130
BRDA:196,26,0,168
BRDA:196,26,1,140
BRDA:198,27,0,28
BRDA:198,27,1,10
BRDA:199,28,0,10
BRDA:199,28,1,28
BRDA:201,29,0,4
BRDA:201,29,1,34
BRDA:205,30,0,3
BRDA:205,30,1,35
BRDA:209,31,0,0
BRDA:209,31,1,168
BRDA:209,32,0,168
BRDA:209,32,1,168
BRDA:212,33,0,0
BRDA:212,33,1,0
BRDA:215,34,0,0
BRDA:215,34,1,0
BRDA:217,35,0,0
BRDA:217,35,1,0
BRDA:217,36,0,0
BRDA:217,36,1,0
BRDA:219,37,0,0
BRDA:219,37,1,0
BRDA:220,38,0,0
BRDA:220,38,1,0
BRDA:221,39,0,0
BRDA:221,39,1,0
BRDA:225,40,0,0
BRDA:225,40,1,0
BRDA:235,41,0,12
BRDA:235,41,1,11
BRDA:236,42,0,12
BRDA:236,42,1,1
BRDA:238,43,0,1
BRDA:238,43,1,11
BRDA:238,44,0,12
BRDA:238,44,1,11
BRDA:247,45,0,12
BRDA:247,45,1,0
BRDA:248,46,0,12
BRDA:248,46,1,0
BRDA:259,47,0,24
BRDA:259,47,1,144
BRDA:262,48,0,2
BRDA:262,48,1,142
BRDA:262,49,0,144
BRDA:262,49,1,12
BRDA:265,50,0,2
BRDA:265,50,1,140
BRDA:271,51,0,1
BRDA:271,51,1,11
BRDA:275,52,0,0
BRDA:275,52,1,12
BRDA:275,53,0,12
BRDA:275,53,1,1
BRDA:281,54,0,10
BRDA:281,54,1,2
BRDA:282,55,0,9
BRDA:282,55,1,1
BRDA:287,56,0,18
BRDA:287,56,1,108
BRDA:288,57,0,0
BRDA:288,57,1,108
BRDA:288,58,0,108
BRDA:288,58,1,0
BRDA:292,59,0,2
BRDA:292,59,1,7
BRDA:292,60,0,9
BRDA:292,60,1,2
BRDA:295,61,0,0
BRDA:295,61,1,2
BRDA:297,62,0,0
BRDA:297,62,1,7
BRDA:297,63,0,7
BRDA:297,63,1,0
BRDA:299,64,0,0
BRDA:299,64,1,0
BRDA:303,65,0,0
BRDA:303,65,1,7
BRDA:308,66,0,0
BRDA:308,66,1,1
BRDA:316,67,0,3
BRDA:316,67,1,8
BRDA:316,68,0,11
BRDA:316,68,1,11
BRDA:316,68,2,8
BRDA:323,69,0,0
BRDA:323,69,1,42
BRDA:323,70,0,42
BRDA:323,70,1,39
BRDA:325,71,0,0
BRDA:325,71,1,0
BRDA:325,72,0,0
BRDA:325,72,1,0
BRDA:328,73,0,0
BRDA:328,73,1,0
BRDA:329,74,0,0
BRDA:329,74,1,0
BRDA:331,75,0,0
BRDA:331,75,1,0
BRDA:334,76,0,0
BRDA:334,76,1,0
BRDA:344,77,0,39
BRDA:344,77,1,3
BRDA:346,78,0,3
BRDA:346,78,1,0
BRDA:347,79,0,3
BRDA:347,79,1,0
BRDA:359,80,0,0
BRDA:359,80,1,3
BRDA:364,81,0,1
BRDA:364,81,1,2
BRDA:371,82,0,1
BRDA:371,82,1,0
BRDA:374,83,0,0
BRDA:374,83,1,0
BRDA:374,84,0,0
BRDA:374,84,1,0
BRDA:377,85,0,0
BRDA:377,85,1,0
BRDA:378,86,0,0
BRDA:378,86,1,0
BRDA:381,87,0,0
BRDA:381,87,1,0
BRDA:382,88,0,0
BRDA:382,88,1,0
BRDA:389,89,0,1
BRDA:389,89,1,0
BRDA:392,90,0,1
BRDA:392,90,1,0
BRDA:397,91,0,1
BRDA:397,91,1,0
BRDA:402,92,0,0
BRDA:402,92,1,1
BRDA:405,93,0,0
BRDA:405,93,1,1
BRDA:418,94,0,3
BRDA:418,94,1,0
BRDA:425,95,0,4
BRDA:425,95,1,0
BRDA:427,96,0,0
BRDA:427,96,1,0
BRDA:427,97,0,0
BRDA:427,97,1,0
BRDA:429,98,0,0
BRDA:429,98,1,0
BRDA:430,99,0,0
BRDA:430,99,1,0
BRDA:432,100,0,0
BRDA:432,100,1,0
BRDA:433,101,0,0
BRDA:433,101,1,0
BRDA:439,102,0,3
BRDA:439,102,1,0
BRDA:441,103,0,4
BRDA:441,103,1,0
BRDA:446,104,0,4
BRDA:446,104,1,0
BRDA:451,105,0,0
BRDA:451,105,1,3
BRDA:454,106,0,0
BRDA:454,106,1,3
BRDA:465,107,0,0
BRDA:465,107,1,3
BRDA:479,108,0,12
BRDA:479,108,1,0
BRDA:481,109,0,1
BRDA:481,109,1,11
BRDA:485,110,0,12
BRDA:485,110,1,11
BRDA:488,111,0,1
BRDA:488,111,1,11
BRDA:488,112,0,12
BRDA:488,112,1,1
BRDA:497,113,0,12
BRDA:497,113,1,0
BRDA:502,114,0,24
BRDA:502,114,1,144
BRDA:514,115,0,0
BRDA:514,115,1,0
BRDA:514,116,0,0
BRDA:514,116,1,0
BRDA:517,117,0,0
BRDA:517,117,1,0
BRDA:532,118,0,3
BRDA:532,118,1,33
BRDA:537,119,0,0
BRDA:537,119,1,24
BRDA:552,120,0,0
BRDA:552,120,1,0
BRDA:553,121,0,0
BRDA:553,121,1,0
BRF:237
BRH:124
end_of_record
TN:
SF:lib\s3-upload.js
FN:19,uploadSurveyorImage
FN:117,deleteSurveyorImage
FNF:2
FNH:0
FNDA:0,uploadSurveyorImage
FNDA:0,deleteSurveyorImage
DA:10,0
DA:11,0
DA:20,0
DA:22,0
DA:23,0
DA:28,0
DA:29,0
DA:30,0
DA:31,0
DA:32,0
DA:36,0
DA:37,0
DA:39,0
DA:43,0
DA:45,0
DA:49,0
DA:50,0
DA:51,0
DA:52,0
DA:55,0
DA:57,0
DA:58,0
DA:60,0
DA:63,0
DA:65,0
DA:71,0
DA:76,0
DA:77,0
DA:78,0
DA:79,0
DA:81,0
DA:85,0
DA:92,0
DA:93,0
DA:94,0
DA:98,0
DA:102,0
DA:103,0
DA:105,0
DA:107,0
DA:108,0
DA:118,0
DA:121,0
DA:122,0
DA:124,0
DA:125,0
DA:126,0
DA:129,0
DA:130,0
DA:132,0
DA:136,0
DA:137,0
DA:138,0
DA:141,0
DA:142,0
DA:144,0
DA:145,0
LF:57
LH:0
BRDA:23,0,0,0
BRDA:23,0,1,0
BRDA:29,1,0,0
BRDA:29,1,1,0
BRDA:31,2,0,0
BRDA:31,2,1,0
BRDA:31,3,0,0
BRDA:31,3,1,0
BRDA:32,4,0,0
BRDA:32,4,1,0
BRDA:43,5,0,0
BRDA:43,5,1,0
BRDA:45,6,0,0
BRDA:45,6,1,0
BRDA:51,7,0,0
BRDA:51,7,1,0
BRDA:57,8,0,0
BRDA:57,8,1,0
BRDA:92,9,0,0
BRDA:92,9,1,0
BRDA:108,10,0,0
BRDA:108,10,1,0
BRDA:124,11,0,0
BRDA:124,11,1,0
BRDA:136,12,0,0
BRDA:136,12,1,0
BRDA:145,13,0,0
BRDA:145,13,1,0
BRF:28
BRH:0
end_of_record
TN:
SF:lib\storage-hybrid.js
FN:13,(anonymous_0)
FN:21,(anonymous_1)
FN:27,(anonymous_2)
FN:39,saveSurveyors
FN:46,(anonymous_4)
FN:47,(anonymous_5)
FN:51,(anonymous_6)
FN:52,(anonymous_7)
FN:104,loadSurveyors
FN:124,(anonymous_9)
FN:143,(anonymous_10)
FN:144,(anonymous_11)
FN:145,(anonymous_12)
FN:180,saveRoster
FN:195,(anonymous_14)
FN:297,(anonymous_15)
FN:361,(anonymous_16)
FN:384,loadRoster
FN:405,(anonymous_18)
FN:429,(anonymous_19)
FN:476,(anonymous_20)
FN:523,(anonymous_21)
FN:530,deleteRosterFromStorage
FN:544,(anonymous_23)
FN:552,loadAllRosters
FN:559,(anonymous_25)
FN:589,loadRosterForDate
FN:597,(anonymous_27)
FN:642,(anonymous_28)
FN:667,loadWeekendHistory
FN:690,saveWeekendHistory
FN:717,updateWeekendHistoryFromRoster
FN:722,(anonymous_32)
FN:750,(anonymous_33)
FN:762,saveDemand
FN:831,loadDemand
FN:870,(anonymous_36)
FNF:37
FNH:0
FNDA:0,(anonymous_0)
FNDA:0,(anonymous_1)
FNDA:0,(anonymous_2)
FNDA:0,saveSurveyors
FNDA:0,(anonymous_4)
FNDA:0,(anonymous_5)
FNDA:0,(anonymous_6)
FNDA:0,(anonymous_7)
FNDA:0,loadSurveyors
FNDA:0,(anonymous_9)
FNDA:0,(anonymous_10)
FNDA:0,(anonymous_11)
FNDA:0,(anonymous_12)
FNDA:0,saveRoster
FNDA:0,(anonymous_14)
FNDA:0,(anonymous_15)
FNDA:0,(anonymous_16)
FNDA:0,loadRoster
FNDA:0,(anonymous_18)
FNDA:0,(anonymous_19)
FNDA:0,(anonymous_20)
FNDA:0,(anonymous_21)
FNDA:0,deleteRosterFromStorage
FNDA:0,(anonymous_23)
FNDA:0,loadAllRosters
FNDA:0,(anonymous_25)
FNDA:0,loadRosterForDate
FNDA:0,(anonymous_27)
FNDA:0,(anonymous_28)
FNDA:0,loadWeekendHistory
FNDA:0,saveWeekendHistory
FNDA:0,updateWeekendHistoryFromRoster
FNDA:0,(anonymous_32)
FNDA:0,(anonymous_33)
FNDA:0,saveDemand
FNDA:0,loadDemand
FNDA:0,(anonymous_36)
DA:13,0
DA:14,0
DA:15,0
DA:16,0
DA:21,0
DA:22,0
DA:23,0
DA:24,0
DA:27,0
DA:28,0
DA:29,0
DA:30,0
DA:34,0
DA:35,0
DA:40,0
DA:42,0
DA:44,0
DA:45,0
DA:46,0
DA:47,0
DA:50,0
DA:51,0
DA:52,0
DA:55,0
DA:56,0
DA:60,0
DA:61,0
DA:62,0
DA:64,0
DA:73,0
DA:76,0
DA:85,0
DA:88,0
DA:90,0
DA:96,0
DA:97,0
DA:98,0
DA:100,0
DA:105,0
DA:106,0
DA:107,0
DA:108,0
DA:109,0
DA:115,0
DA:116,0
DA:118,0
DA:119,0
DA:120,0
DA:124,0
DA:125,0
DA:137,0
DA:138,0
DA:139,0
DA:143,0
DA:144,0
DA:145,0
DA:146,0
DA:148,0
DA:149,0
DA:151,0
DA:153,0
DA:156,0
DA:157,0
DA:161,0
DA:162,0
DA:163,0
DA:164,0
DA:165,0
DA:169,0
DA:170,0
DA:171,0
DA:173,0
DA:174,0
DA:181,0
DA:182,0
DA:184,0
DA:185,0
DA:188,0
DA:189,0
DA:190,0
DA:192,0
DA:193,0
DA:194,0
DA:196,0
DA:197,0
DA:203,0
DA:204,0
DA:205,0
DA:210,0
DA:211,0
DA:212,0
DA:216,0
DA:218,0
DA:226,0
DA:227,0
DA:230,0
DA:235,0
DA:236,0
DA:241,0
DA:242,0
DA:243,0
DA:245,0
DA:246,0
DA:247,0
DA:248,0
DA:250,0
DA:251,0
DA:252,0
DA:253,0
DA:255,0
DA:266,0
DA:267,0
DA:268,0
DA:269,0
DA:270,0
DA:271,0
DA:272,0
DA:274,0
DA:276,0
DA:279,0
DA:283,0
DA:284,0
DA:290,0
DA:291,0
DA:292,0
DA:294,0
DA:297,0
DA:300,0
DA:301,0
DA:302,0
DA:304,0
DA:305,0
DA:306,0
DA:307,0
DA:309,0
DA:310,0
DA:311,0
DA:312,0
DA:314,0
DA:325,0
DA:326,0
DA:327,0
DA:328,0
DA:329,0
DA:330,0
DA:331,0
DA:333,0
DA:335,0
DA:339,0
DA:340,0
DA:348,0
DA:351,0
DA:357,0
DA:358,0
DA:360,0
DA:361,0
DA:364,0
DA:366,0
DA:367,0
DA:374,0
DA:377,0
DA:378,0
DA:380,0
DA:385,0
DA:386,0
DA:387,0
DA:388,0
DA:389,0
DA:390,0
DA:392,0
DA:393,0
DA:396,0
DA:397,0
DA:398,0
DA:401,0
DA:402,0
DA:403,0
DA:404,0
DA:405,0
DA:407,0
DA:408,0
DA:409,0
DA:413,0
DA:415,0
DA:416,0
DA:417,0
DA:419,0
DA:421,0
DA:425,0
DA:426,0
DA:427,0
DA:428,0
DA:429,0
DA:431,0
DA:432,0
DA:434,0
DA:437,0
DA:439,0
DA:440,0
DA:441,0
DA:442,0
DA:449,0
DA:450,0
DA:453,0
DA:454,0
DA:458,0
DA:462,0
DA:463,0
DA:465,0
DA:474,0
DA:475,0
DA:476,0
DA:477,0
DA:480,0
DA:482,0
DA:486,0
DA:487,0
DA:488,0
DA:489,0
DA:493,0
DA:494,0
DA:498,0
DA:509,0
DA:512,0
DA:515,0
DA:521,0
DA:522,0
DA:523,0
DA:525,0
DA:526,0
DA:531,0
DA:532,0
DA:533,0
DA:534,0
DA:536,0
DA:542,0
DA:543,0
DA:544,0
DA:545,0
DA:546,0
DA:548,0
DA:553,0
DA:554,0
DA:556,0
DA:557,0
DA:558,0
DA:559,0
DA:569,0
DA:575,0
DA:576,0
DA:577,0
DA:579,0
DA:580,0
DA:590,0
DA:592,0
DA:593,0
DA:595,0
DA:596,0
DA:597,0
DA:599,0
DA:600,0
DA:603,0
DA:604,0
DA:607,0
DA:608,0
DA:611,0
DA:612,0
DA:617,0
DA:618,0
DA:619,0
DA:620,0
DA:625,0
DA:628,0
DA:630,0
DA:634,0
DA:640,0
DA:641,0
DA:642,0
DA:643,0
DA:644,0
DA:647,0
DA:648,0
DA:649,0
DA:652,0
DA:655,0
DA:656,0
DA:659,0
DA:662,0
DA:668,0
DA:669,0
DA:670,0
DA:671,0
DA:672,0
DA:675,0
DA:681,0
DA:682,0
DA:683,0
DA:685,0
DA:686,0
DA:691,0
DA:692,0
DA:694,0
DA:695,0
DA:696,0
DA:700,0
DA:701,0
DA:703,0
DA:709,0
DA:710,0
DA:711,0
DA:713,0
DA:718,0
DA:720,0
DA:721,0
DA:722,0
DA:724,0
DA:725,0
DA:726,0
DA:727,0
DA:728,0
DA:730,0
DA:731,0
DA:732,0
DA:733,0
DA:734,0
DA:735,0
DA:738,0
DA:739,0
DA:748,0
DA:749,0
DA:750,0
DA:751,0
DA:752,0
DA:756,0
DA:757,0
DA:763,0
DA:764,0
DA:766,0
DA:768,0
DA:770,0
DA:771,0
DA:772,0
DA:778,0
DA:779,0
DA:781,0
DA:782,0
DA:783,0
DA:790,0
DA:791,0
DA:796,0
DA:797,0
DA:798,0
DA:806,0
DA:807,0
DA:809,0
DA:812,0
DA:815,0
DA:817,0
DA:823,0
DA:824,0
DA:825,0
DA:827,0
DA:832,0
DA:833,0
DA:836,0
DA:837,0
DA:838,0
DA:841,0
DA:842,0
DA:844,0
DA:845,0
DA:849,0
DA:850,0
DA:851,0
DA:856,0
DA:857,0
DA:859,0
DA:862,0
DA:863,0
DA:866,0
DA:867,0
DA:868,0
DA:869,0
DA:870,0
DA:871,0
DA:877,0
DA:881,0
DA:883,0
DA:884,0
DA:889,0
DA:893,0
DA:894,0
DA:896,0
DA:903,0
DA:909,0
DA:912,0
DA:914,0
DA:917,0
DA:923,0
DA:924,0
DA:925,0
DA:927,0
DA:928,0
LF:403
LH:0
BRDA:14,0,0,0
BRDA:14,0,1,0
BRDA:15,1,0,0
BRDA:15,1,1,0
BRDA:16,2,0,0
BRDA:16,2,1,0
BRDA:16,2,2,0
BRDA:16,2,3,0
BRDA:22,3,0,0
BRDA:22,3,1,0
BRDA:23,4,0,0
BRDA:23,4,1,0
BRDA:28,5,0,0
BRDA:28,5,1,0
BRDA:29,6,0,0
BRDA:29,6,1,0
BRDA:40,7,0,0
BRDA:40,7,1,0
BRDA:45,8,0,0
BRDA:45,8,1,0
BRDA:62,9,0,0
BRDA:62,9,1,0
BRDA:62,10,0,0
BRDA:62,10,1,0
BRDA:73,11,0,0
BRDA:73,11,1,0
BRDA:81,12,0,0
BRDA:81,12,1,0
BRDA:82,13,0,0
BRDA:82,13,1,0
BRDA:83,14,0,0
BRDA:83,14,1,0
BRDA:85,15,0,0
BRDA:85,15,1,0
BRDA:105,16,0,0
BRDA:105,16,1,0
BRDA:111,17,0,0
BRDA:111,17,1,0
BRDA:112,18,0,0
BRDA:112,18,1,0
BRDA:115,19,0,0
BRDA:115,19,1,0
BRDA:116,20,0,0
BRDA:116,20,1,0
BRDA:118,21,0,0
BRDA:118,21,1,0
BRDA:118,22,0,0
BRDA:118,22,1,0
BRDA:128,23,0,0
BRDA:128,23,1,0
BRDA:129,24,0,0
BRDA:129,24,1,0
BRDA:129,24,2,0
BRDA:130,25,0,0
BRDA:130,25,1,0
BRDA:131,26,0,0
BRDA:131,26,1,0
BRDA:132,27,0,0
BRDA:132,27,1,0
BRDA:133,28,0,0
BRDA:133,28,1,0
BRDA:133,29,0,0
BRDA:133,29,1,0
BRDA:134,30,0,0
BRDA:134,30,1,0
BRDA:135,31,0,0
BRDA:135,31,1,0
BRDA:137,32,0,0
BRDA:137,32,1,0
BRDA:137,33,0,0
BRDA:137,33,1,0
BRDA:138,34,0,0
BRDA:138,34,1,0
BRDA:162,35,0,0
BRDA:162,35,1,0
BRDA:163,36,0,0
BRDA:163,36,1,0
BRDA:164,37,0,0
BRDA:164,37,1,0
BRDA:165,38,0,0
BRDA:165,38,1,0
BRDA:171,39,0,0
BRDA:171,39,1,0
BRDA:181,40,0,0
BRDA:181,40,1,0
BRDA:188,41,0,0
BRDA:188,41,1,0
BRDA:190,42,0,0
BRDA:190,42,1,0
BRDA:190,43,0,0
BRDA:190,43,1,0
BRDA:193,44,0,0
BRDA:193,44,1,0
BRDA:193,45,0,0
BRDA:193,45,1,0
BRDA:196,46,0,0
BRDA:196,46,1,0
BRDA:197,47,0,0
BRDA:197,47,1,0
BRDA:197,47,2,0
BRDA:203,48,0,0
BRDA:203,48,1,0
BRDA:211,49,0,0
BRDA:211,49,1,0
BRDA:211,50,0,0
BRDA:211,50,1,0
BRDA:216,51,0,0
BRDA:216,51,1,0
BRDA:221,52,0,0
BRDA:221,52,1,0
BRDA:226,53,0,0
BRDA:226,53,1,0
BRDA:235,54,0,0
BRDA:235,54,1,0
BRDA:242,55,0,0
BRDA:242,55,1,0
BRDA:246,56,0,0
BRDA:246,56,1,0
BRDA:251,57,0,0
BRDA:251,57,1,0
BRDA:266,58,0,0
BRDA:266,58,1,0
BRDA:270,59,0,0
BRDA:270,59,1,0
BRDA:274,60,0,0
BRDA:274,60,1,0
BRDA:290,61,0,0
BRDA:290,61,1,0
BRDA:294,62,0,0
BRDA:294,62,1,0
BRDA:301,63,0,0
BRDA:301,63,1,0
BRDA:305,64,0,0
BRDA:305,64,1,0
BRDA:310,65,0,0
BRDA:310,65,1,0
BRDA:325,66,0,0
BRDA:325,66,1,0
BRDA:329,67,0,0
BRDA:329,67,1,0
BRDA:333,68,0,0
BRDA:333,68,1,0
BRDA:343,69,0,0
BRDA:343,69,1,0
BRDA:361,70,0,0
BRDA:361,70,1,0
BRDA:361,70,2,0
BRDA:361,71,0,0
BRDA:361,71,1,0
BRDA:361,72,0,0
BRDA:361,72,1,0
BRDA:364,73,0,0
BRDA:364,73,1,0
BRDA:370,74,0,0
BRDA:370,74,1,0
BRDA:385,75,0,0
BRDA:385,75,1,0
BRDA:388,76,0,0
BRDA:388,76,1,0
BRDA:392,77,0,0
BRDA:392,77,1,0
BRDA:393,78,0,0
BRDA:393,78,1,0
BRDA:396,79,0,0
BRDA:396,79,1,0
BRDA:397,80,0,0
BRDA:397,80,1,0
BRDA:404,81,0,0
BRDA:404,81,1,0
BRDA:404,82,0,0
BRDA:404,82,1,0
BRDA:408,83,0,0
BRDA:408,83,1,0
BRDA:415,84,0,0
BRDA:415,84,1,0
BRDA:416,85,0,0
BRDA:416,85,1,0
BRDA:416,86,0,0
BRDA:416,86,1,0
BRDA:417,87,0,0
BRDA:417,87,1,0
BRDA:428,88,0,0
BRDA:428,88,1,0
BRDA:428,89,0,0
BRDA:428,89,1,0
BRDA:432,90,0,0
BRDA:432,90,1,0
BRDA:434,91,0,0
BRDA:434,91,1,0
BRDA:434,92,0,0
BRDA:434,92,1,0
BRDA:437,93,0,0
BRDA:437,93,1,0
BRDA:439,94,0,0
BRDA:439,94,1,0
BRDA:440,95,0,0
BRDA:440,95,1,0
BRDA:453,96,0,0
BRDA:453,96,1,0
BRDA:462,97,0,0
BRDA:462,97,1,0
BRDA:474,98,0,0
BRDA:474,98,1,0
BRDA:487,99,0,0
BRDA:487,99,1,0
BRDA:489,100,0,0
BRDA:489,100,1,0
BRDA:506,101,0,0
BRDA:506,101,1,0
BRDA:523,102,0,0
BRDA:523,102,1,0
BRDA:531,103,0,0
BRDA:531,103,1,0
BRDA:552,104,0,0
BRDA:553,105,0,0
BRDA:553,105,1,0
BRDA:557,106,0,0
BRDA:557,106,1,0
BRDA:564,107,0,0
BRDA:564,107,1,0
BRDA:577,108,0,0
BRDA:577,108,1,0
BRDA:589,109,0,0
BRDA:589,110,0,0
BRDA:592,111,0,0
BRDA:592,111,1,0
BRDA:596,112,0,0
BRDA:596,112,1,0
BRDA:599,113,0,0
BRDA:599,113,1,0
BRDA:600,114,0,0
BRDA:600,114,1,0
BRDA:603,115,0,0
BRDA:603,115,1,0
BRDA:611,116,0,0
BRDA:611,116,1,0
BRDA:617,117,0,0
BRDA:617,117,1,0
BRDA:618,118,0,0
BRDA:618,118,1,0
BRDA:619,119,0,0
BRDA:619,119,1,0
BRDA:619,120,0,0
BRDA:619,120,1,0
BRDA:619,120,2,0
BRDA:628,121,0,0
BRDA:628,121,1,0
BRDA:643,122,0,0
BRDA:643,122,1,0
BRDA:644,123,0,0
BRDA:644,123,1,0
BRDA:647,124,0,0
BRDA:647,124,1,0
BRDA:647,125,0,0
BRDA:647,125,1,0
BRDA:647,125,2,0
BRDA:652,126,0,0
BRDA:652,126,1,0
BRDA:655,127,0,0
BRDA:655,127,1,0
BRDA:668,128,0,0
BRDA:668,128,1,0
BRDA:671,129,0,0
BRDA:671,129,1,0
BRDA:683,130,0,0
BRDA:683,130,1,0
BRDA:691,131,0,0
BRDA:691,131,1,0
BRDA:726,132,0,0
BRDA:726,132,1,0
BRDA:726,133,0,0
BRDA:726,133,1,0
BRDA:728,134,0,0
BRDA:728,134,1,0
BRDA:731,135,0,0
BRDA:731,135,1,0
BRDA:731,136,0,0
BRDA:731,136,1,0
BRDA:733,137,0,0
BRDA:733,137,1,0
BRDA:734,138,0,0
BRDA:734,138,1,0
BRDA:738,139,0,0
BRDA:738,139,1,0
BRDA:763,140,0,0
BRDA:763,140,1,0
BRDA:768,141,0,0
BRDA:768,141,1,0
BRDA:774,142,0,0
BRDA:774,142,1,0
BRDA:775,143,0,0
BRDA:775,143,1,0
BRDA:776,144,0,0
BRDA:776,144,1,0
BRDA:778,145,0,0
BRDA:778,145,1,0
BRDA:781,146,0,0
BRDA:781,146,1,0
BRDA:781,147,0,0
BRDA:781,147,1,0
BRDA:781,147,2,0
BRDA:790,148,0,0
BRDA:790,148,1,0
BRDA:796,149,0,0
BRDA:796,149,1,0
BRDA:797,150,0,0
BRDA:797,150,1,0
BRDA:799,151,0,0
BRDA:799,151,1,0
BRDA:800,152,0,0
BRDA:800,152,1,0
BRDA:801,153,0,0
BRDA:801,153,1,0
BRDA:802,154,0,0
BRDA:802,154,1,0
BRDA:806,155,0,0
BRDA:806,155,1,0
BRDA:831,156,0,0
BRDA:832,157,0,0
BRDA:832,157,1,0
BRDA:853,158,0,0
BRDA:853,158,1,0
BRDA:856,159,0,0
BRDA:856,159,1,0
BRDA:856,160,0,0
BRDA:856,160,1,0
BRDA:856,160,2,0
BRDA:866,161,0,0
BRDA:866,161,1,0
BRDA:866,162,0,0
BRDA:866,162,1,0
BRDA:868,163,0,0
BRDA:868,163,1,0
BRDA:868,164,0,0
BRDA:868,164,1,0
BRDA:869,165,0,0
BRDA:869,165,1,0
BRDA:872,166,0,0
BRDA:872,166,1,0
BRDA:873,167,0,0
BRDA:873,167,1,0
BRDA:877,168,0,0
BRDA:877,168,1,0
BRDA:881,169,0,0
BRDA:881,169,1,0
BRDA:881,170,0,0
BRDA:881,170,1,0
BRDA:881,170,2,0
BRDA:885,171,0,0
BRDA:885,171,1,0
BRDA:886,172,0,0
BRDA:886,172,1,0
BRDA:887,173,0,0
BRDA:887,173,1,0
BRDA:893,174,0,0
BRDA:893,174,1,0
BRDA:894,175,0,0
BRDA:894,175,1,0
BRDA:925,176,0,0
BRDA:925,176,1,0
BRF:360
BRH:0
end_of_record
TN:
SF:lib\storage.js
FN:13,saveSurveyors
FN:22,loadSurveyors
FN:35,saveRoster
FN:38,(anonymous_3)
FN:54,loadRoster
FN:57,(anonymous_5)
FN:64,loadAllRosters
FN:74,deleteRoster
FN:77,(anonymous_8)
FN:88,saveWeekendHistory
FN:97,loadWeekendHistory
FN:111,updateWeekendHistoryFromRoster
FN:117,(anonymous_12)
FN:141,(anonymous_13)
FN:157,saveDemand
FN:166,loadDemand
FN:179,exportRosterToJSON
FN:186,exportRosterToCSV
FN:188,(anonymous_18)
FN:199,(anonymous_19)
FNF:20
FNH:0
FNDA:0,saveSurveyors
FNDA:0,loadSurveyors
FNDA:0,saveRoster
FNDA:0,(anonymous_3)
FNDA:0,loadRoster
FNDA:0,(anonymous_5)
FNDA:0,loadAllRosters
FNDA:0,deleteRoster
FNDA:0,(anonymous_8)
FNDA:0,saveWeekendHistory
FNDA:0,loadWeekendHistory
FNDA:0,updateWeekendHistoryFromRoster
FNDA:0,(anonymous_12)
FNDA:0,(anonymous_13)
FNDA:0,saveDemand
FNDA:0,loadDemand
FNDA:0,exportRosterToJSON
FNDA:0,exportRosterToCSV
FNDA:0,(anonymous_18)
FNDA:0,(anonymous_19)
DA:3,0
DA:14,0
DA:15,0
DA:16,0
DA:18,0
DA:23,0
DA:24,0
DA:25,0
DA:27,0
DA:28,0
DA:36,0
DA:37,0
DA:38,0
DA:40,0
DA:41,0
DA:42,0
DA:44,0
DA:47,0
DA:48,0
DA:50,0
DA:55,0
DA:56,0
DA:57,0
DA:59,0
DA:60,0
DA:65,0
DA:66,0
DA:67,0
DA:69,0
DA:70,0
DA:75,0
DA:76,0
DA:77,0
DA:78,0
DA:79,0
DA:81,0
DA:89,0
DA:90,0
DA:91,0
DA:93,0
DA:98,0
DA:99,0
DA:100,0
DA:102,0
DA:103,0
DA:112,0
DA:113,0
DA:114,0
DA:116,0
DA:117,0
DA:119,0
DA:120,0
DA:121,0
DA:123,0
DA:124,0
DA:126,0
DA:127,0
DA:128,0
DA:129,0
DA:130,0
DA:131,0
DA:139,0
DA:140,0
DA:141,0
DA:142,0
DA:143,0
DA:147,0
DA:148,0
DA:150,0
DA:158,0
DA:159,0
DA:160,0
DA:162,0
DA:167,0
DA:168,0
DA:169,0
DA:171,0
DA:172,0
DA:180,0
DA:188,0
DA:189,0
DA:190,0
DA:192,0
DA:193,0
DA:195,0
DA:198,0
DA:199,0
DA:201,0
DA:202,0
DA:203,0
DA:204,0
DA:216,0
LF:92
LH:0
BRDA:25,0,0,0
BRDA:25,0,1,0
BRDA:40,1,0,0
BRDA:40,1,1,0
BRDA:57,2,0,0
BRDA:57,2,1,0
BRDA:67,3,0,0
BRDA:67,3,1,0
BRDA:100,4,0,0
BRDA:100,4,1,0
BRDA:121,5,0,0
BRDA:121,5,1,0
BRDA:121,6,0,0
BRDA:121,6,1,0
BRDA:124,7,0,0
BRDA:124,7,1,0
BRDA:127,8,0,0
BRDA:127,8,1,0
BRDA:127,9,0,0
BRDA:127,9,1,0
BRDA:129,10,0,0
BRDA:129,10,1,0
BRDA:130,11,0,0
BRDA:130,11,1,0
BRDA:169,12,0,0
BRDA:169,12,1,0
BRDA:189,13,0,0
BRDA:189,13,1,0
BRDA:189,14,0,0
BRDA:189,14,1,0
BRDA:192,15,0,0
BRDA:192,15,1,0
BRDA:192,16,0,0
BRDA:192,16,1,0
BRDA:192,16,2,0
BRDA:201,17,0,0
BRDA:201,17,1,0
BRDA:203,18,0,0
BRDA:203,18,1,0
BRDA:208,19,0,0
BRDA:208,19,1,0
BRDA:209,20,0,0
BRDA:209,20,1,0
BRDA:210,21,0,0
BRDA:210,21,1,0
BRF:45
BRH:0
end_of_record
TN:
SF:lib\supabase.js
FN:24,(anonymous_0)
FN:26,(anonymous_1)
FN:34,(anonymous_2)
FN:41,(anonymous_3)
FNF:4
FNH:0
FNDA:0,(anonymous_0)
FNDA:0,(anonymous_1)
FNDA:0,(anonymous_2)
FNDA:0,(anonymous_3)
DA:9,0
DA:10,0
DA:13,0
DA:14,0
DA:15,0
DA:17,0
DA:18,0
DA:24,0
DA:25,0
DA:27,0
DA:28,0
DA:30,0
DA:31,0
DA:35,0
DA:36,0
DA:38,0
DA:42,0
DA:43,0
DA:45,0
DA:52,0
DA:62,0
DA:64,0
DA:67,0
DA:73,0
DA:74,0
DA:83,0
DA:85,0
DA:87,0
DA:96,0
LF:29
LH:0
BRDA:9,0,0,0
BRDA:9,0,1,0
BRDA:10,1,0,0
BRDA:10,1,1,0
BRDA:13,2,0,0
BRDA:13,2,1,0
BRDA:13,3,0,0
BRDA:13,3,1,0
BRDA:14,4,0,0
BRDA:14,4,1,0
BRDA:14,5,0,0
BRDA:14,5,1,0
BRDA:17,6,0,0
BRDA:17,6,1,0
BRDA:17,7,0,0
BRDA:17,7,1,0
BRDA:55,8,0,0
BRDA:55,8,1,0
BRDA:56,9,0,0
BRDA:56,9,1,0
BRDA:58,10,0,0
BRDA:58,10,1,0
BRDA:59,11,0,0
BRDA:59,11,1,0
BRDA:62,12,0,0
BRDA:62,12,1,0
BRDA:62,13,0,0
BRDA:62,13,1,0
BRDA:74,14,0,0
BRDA:74,14,1,0
BRDA:74,15,0,0
BRDA:74,15,1,0
BRDA:76,16,0,0
BRDA:76,16,1,0
BRDA:83,17,0,0
BRDA:83,17,1,0
BRDA:89,18,0,0
BRDA:89,18,1,0
BRF:38
BRH:0
end_of_record
TN:
SF:lib\test-db.js
FN:9,testDatabaseConnection
FNF:1
FNH:0
FNDA:0,testDatabaseConnection
DA:10,0
DA:13,0
DA:14,0
DA:15,0
DA:18,0
DA:19,0
DA:23,0
DA:26,0
DA:27,0
DA:28,0
DA:31,0
DA:32,0
DA:37,0
DA:43,0
DA:44,0
DA:47,0
DA:56,0
DA:57,0
LF:18
LH:0
BRDA:14,0,0,0
BRDA:14,0,1,0
BRDA:15,1,0,0
BRDA:15,1,1,0
BRDA:43,2,0,0
BRDA:43,2,1,0
BRDA:43,3,0,0
BRDA:43,3,1,0
BRDA:50,4,0,0
BRDA:50,4,1,0
BRDA:56,5,0,0
BRDA:56,5,1,0
BRF:12
BRH:0
end_of_record
